2025-05-12 05:33:08.115 [info] [main] Log level: Info
2025-05-12 05:33:08.115 [info] [main] Validating found git in: "git"
2025-05-12 05:33:08.115 [info] [main] Using git "2.43.0" from "git"
2025-05-12 05:33:08.115 [info] [Model][doInitialScan] Initial repository scan started
2025-05-12 05:33:08.115 [info] > git rev-parse --show-toplevel [1896ms]
2025-05-12 05:33:08.115 [info] fatal: not a git repository (or any of the parent directories): .git
2025-05-12 05:33:08.115 [info] > git rev-parse --show-toplevel [2ms]
2025-05-12 05:33:08.115 [info] fatal: not a git repository (or any of the parent directories): .git
2025-05-12 05:33:09.693 [info] > git rev-parse --show-toplevel [12ms]
2025-05-12 05:33:09.693 [info] fatal: not a git repository (or any of the parent directories): .git
2025-05-12 05:33:10.158 [info] > git rev-parse --show-toplevel [28ms]
2025-05-12 05:33:10.158 [info] fatal: not a git repository (or any of the parent directories): .git
2025-05-12 05:33:10.176 [info] > git rev-parse --show-toplevel [9ms]
2025-05-12 05:33:10.176 [info] fatal: not a git repository (or any of the parent directories): .git
2025-05-12 05:33:10.197 [info] > git rev-parse --show-toplevel [12ms]
2025-05-12 05:33:10.197 [info] fatal: not a git repository (or any of the parent directories): .git
2025-05-12 05:33:10.812 [info] > git rev-parse --show-toplevel [607ms]
2025-05-12 05:33:10.812 [info] fatal: not a git repository (or any of the parent directories): .git
2025-05-12 05:33:11.155 [info] > git rev-parse --show-toplevel [333ms]
2025-05-12 05:33:11.155 [info] fatal: not a git repository (or any of the parent directories): .git
2025-05-12 05:33:11.288 [info] > git rev-parse --show-toplevel [120ms]
2025-05-12 05:33:11.288 [info] fatal: not a git repository (or any of the parent directories): .git
2025-05-12 05:33:11.304 [info] > git rev-parse --show-toplevel [4ms]
2025-05-12 05:33:11.305 [info] fatal: not a git repository (or any of the parent directories): .git
2025-05-12 05:33:11.321 [info] > git rev-parse --show-toplevel [6ms]
2025-05-12 05:33:11.321 [info] fatal: not a git repository (or any of the parent directories): .git
2025-05-12 05:33:11.331 [info] > git rev-parse --show-toplevel [3ms]
2025-05-12 05:33:11.341 [info] > git rev-parse --git-dir --git-common-dir [1ms]
2025-05-12 05:33:11.358 [info] [Model][openRepository] Opened repository: /home/ubuntu/TWSThreeTierAppChallenge
2025-05-12 05:33:11.378 [info] > git rev-parse --show-toplevel [2ms]
2025-05-12 05:33:11.379 [info] fatal: not a git repository (or any of the parent directories): .git
2025-05-12 05:33:11.379 [info] > git config --get commit.template [9ms]
2025-05-12 05:33:11.393 [info] > git rev-parse --show-toplevel [8ms]
2025-05-12 05:33:11.393 [info] fatal: not a git repository (or any of the parent directories): .git
2025-05-12 05:33:11.394 [info] > git for-each-ref --format=%(refname)%00%(upstream:short)%00%(objectname)%00%(upstream:track)%00%(upstream:remotename)%00%(upstream:remoteref) refs/heads/main refs/remotes/main [3ms]
2025-05-12 05:33:11.408 [warning] [Git][revParse] Unable to read file: ENOENT: no such file or directory, open '/home/ubuntu/TWSThreeTierAppChallenge/.git/refs/remotes/origin/main'
2025-05-12 05:33:11.418 [info] > git rev-parse refs/remotes/origin/main [11ms]
2025-05-12 05:33:11.435 [info] > git rev-parse --show-toplevel [32ms]
2025-05-12 05:33:11.435 [info] fatal: not a git repository (or any of the parent directories): .git
2025-05-12 05:33:11.451 [info] > git status -z -uall [25ms]
2025-05-12 05:33:11.452 [info] > git for-each-ref --sort -committerdate --format %(refname)%00%(objectname)%00%(*objectname) [17ms]
2025-05-12 05:33:11.527 [info] > git for-each-ref --format=%(refname)%00%(upstream:short)%00%(objectname)%00%(upstream:track)%00%(upstream:remotename)%00%(upstream:remoteref) refs/heads/main refs/remotes/main [34ms]
2025-05-12 05:33:11.536 [info] > git rev-parse --show-toplevel [93ms]
2025-05-12 05:33:11.545 [info] > git config --get commit.template [27ms]
2025-05-12 05:33:11.546 [info] > git rev-parse --git-dir --git-common-dir [3ms]
2025-05-12 05:33:11.553 [info] [Model][openRepository] Opened repository: /home/ubuntu/giit-node-application
2025-05-12 05:33:11.554 [info] > git config --get --local branch.main.vscode-merge-base [18ms]
2025-05-12 05:33:11.586 [info] > git config --get commit.template [11ms]
2025-05-12 05:33:11.586 [info] > git for-each-ref --format=%(refname)%00%(upstream:short)%00%(objectname)%00%(upstream:track)%00%(upstream:remotename)%00%(upstream:remoteref) refs/heads/main refs/remotes/main [18ms]
2025-05-12 05:33:11.586 [info] > git for-each-ref --format=%(refname)%00%(upstream:short)%00%(objectname)%00%(upstream:track)%00%(upstream:remotename)%00%(upstream:remoteref) refs/heads/origin/main refs/remotes/origin/main [24ms]
2025-05-12 05:33:11.602 [warning] [Git][revParse] Unable to read file: ENOENT: no such file or directory, open '/home/ubuntu/TWSThreeTierAppChallenge/.git/refs/remotes/origin/main'
2025-05-12 05:33:11.603 [info] > git rev-parse --show-toplevel [23ms]
2025-05-12 05:33:11.603 [info] fatal: not a git repository (or any of the parent directories): .git
2025-05-12 05:33:11.611 [info] > git merge-base refs/heads/main refs/remotes/origin/main [16ms]
2025-05-12 05:33:11.624 [info] > git for-each-ref --format=%(refname)%00%(upstream:short)%00%(objectname)%00%(upstream:track)%00%(upstream:remotename)%00%(upstream:remoteref) refs/heads/main refs/remotes/main [15ms]
2025-05-12 05:33:11.625 [info] > git rev-parse refs/remotes/origin/main [23ms]
2025-05-12 05:33:11.642 [info] > git status -z -uall [12ms]
2025-05-12 05:33:11.642 [info] > git for-each-ref --sort -committerdate --format %(refname)%00%(objectname)%00%(*objectname) [4ms]
2025-05-12 05:33:11.643 [info] > git rev-parse --show-toplevel [19ms]
2025-05-12 05:33:11.643 [info] fatal: not a git repository (or any of the parent directories): .git
2025-05-12 05:33:11.646 [info] [Model][doInitialScan] Initial repository scan completed - repositories (2), closed repositories (0), parent repositories (0), unsafe repositories (0)
2025-05-12 05:33:11.647 [info] > git diff --name-status -z --diff-filter=ADMR 82f9f7536ce3b1dc989f8342837955da05a44c26...refs/remotes/origin/main [29ms]
2025-05-12 05:33:12.422 [info] > git status -z -uall [51ms]
2025-05-12 05:33:12.423 [info] > git check-ignore -v -z --stdin [28ms]
2025-05-12 05:33:12.424 [info] > git check-ignore -v -z --stdin [21ms]
2025-05-12 05:33:12.424 [info] > git for-each-ref --sort -committerdate --format %(refname)%00%(objectname)%00%(*objectname) [47ms]
2025-05-12 05:33:12.468 [info] > git for-each-ref --format=%(refname)%00%(upstream:short)%00%(objectname)%00%(upstream:track)%00%(upstream:remotename)%00%(upstream:remoteref) refs/heads/main refs/remotes/main [29ms]
2025-05-12 05:33:12.478 [info] > git config --get commit.template [19ms]
2025-05-12 05:33:12.478 [info] > git config --get commit.template [25ms]
2025-05-12 05:33:12.479 [info] > git config --get --local branch.main.vscode-merge-base [3ms]
2025-05-12 05:33:12.502 [info] > git for-each-ref --format=%(refname)%00%(upstream:short)%00%(objectname)%00%(upstream:track)%00%(upstream:remotename)%00%(upstream:remoteref) refs/heads/main refs/remotes/main [8ms]
2025-05-12 05:33:12.502 [info] > git for-each-ref --format=%(refname)%00%(upstream:short)%00%(objectname)%00%(upstream:track)%00%(upstream:remotename)%00%(upstream:remoteref) refs/heads/origin/master refs/remotes/origin/master [15ms]
2025-05-12 05:33:12.512 [info] > git for-each-ref --format=%(refname)%00%(upstream:short)%00%(objectname)%00%(upstream:track)%00%(upstream:remotename)%00%(upstream:remoteref) refs/heads/main refs/remotes/main [11ms]
2025-05-12 05:33:12.519 [warning] [Git][revParse] Unable to read file: ENOENT: no such file or directory, open '/home/ubuntu/TWSThreeTierAppChallenge/.git/refs/remotes/origin/main'
2025-05-12 05:33:12.519 [info] > git merge-base refs/heads/main refs/remotes/origin/main [9ms]
2025-05-12 05:33:12.527 [info] > git rev-parse refs/remotes/origin/main [8ms]
2025-05-12 05:33:12.556 [info] > git status -z -uall [22ms]
2025-05-12 05:33:12.556 [info] > git status -z -uall [8ms]
2025-05-12 05:33:12.556 [info] > git diff --name-status -z --diff-filter=ADMR 8fc6ee53db5eb1a6ed8da01ba452749cd3a35ef1...refs/remotes/origin/main [30ms]
2025-05-12 05:33:12.560 [info] > git for-each-ref --sort -committerdate --format %(refname)%00%(objectname)%00%(*objectname) [5ms]
2025-05-12 05:33:12.565 [info] > git for-each-ref --sort -committerdate --format %(refname)%00%(objectname)%00%(*objectname) [24ms]
2025-05-12 05:33:12.591 [info] > git config --get commit.template [1ms]
2025-05-12 05:33:12.603 [info] > git for-each-ref --format=%(refname)%00%(upstream:short)%00%(objectname)%00%(upstream:track)%00%(upstream:remotename)%00%(upstream:remoteref) refs/heads/main refs/remotes/main [3ms]
2025-05-12 05:33:12.805 [info] > git status -z -uall [191ms]
2025-05-12 05:33:12.836 [info] > git for-each-ref --sort -committerdate --format %(refname)%00%(objectname)%00%(*objectname) [214ms]
2025-05-12 05:33:13.128 [info] > git config --get --local branch.main.github-pr-owner-number [254ms]
2025-05-12 05:33:13.129 [warning] [Git][config] git config failed: Failed to execute git
2025-05-12 05:33:13.685 [info] > git config --get --local branch.main.github-pr-owner-number [201ms]
2025-05-12 05:33:13.685 [warning] [Git][config] git config failed: Failed to execute git
2025-05-12 05:33:14.162 [info] > git diff --name-status -z --diff-filter=ADMR @{upstream} [53ms]
2025-05-12 05:33:14.163 [info] > git diff --name-status -z --diff-filter=ADMR 82f9f7536ce3b1dc989f8342837955da05a44c26 [62ms]
2025-05-12 05:35:14.106 [info] > git diff --name-status -z --diff-filter=ADMR 82f9f7536ce3b1dc989f8342837955da05a44c26 [10ms]
2025-05-12 05:35:14.120 [info] > git diff --name-status -z --diff-filter=ADMR @{upstream} [3ms]
2025-05-12 05:37:14.107 [info] > git diff --name-status -z --diff-filter=ADMR 82f9f7536ce3b1dc989f8342837955da05a44c26 [10ms]
2025-05-12 05:37:14.122 [info] > git diff --name-status -z --diff-filter=ADMR @{upstream} [2ms]
2025-05-12 05:39:14.108 [info] > git diff --name-status -z --diff-filter=ADMR 82f9f7536ce3b1dc989f8342837955da05a44c26 [10ms]
2025-05-12 05:39:14.122 [info] > git diff --name-status -z --diff-filter=ADMR @{upstream} [3ms]
2025-05-12 05:41:14.108 [info] > git diff --name-status -z --diff-filter=ADMR 82f9f7536ce3b1dc989f8342837955da05a44c26 [10ms]
2025-05-12 05:41:14.124 [info] > git diff --name-status -z --diff-filter=ADMR @{upstream} [3ms]
2025-05-12 05:43:14.108 [info] > git diff --name-status -z --diff-filter=ADMR 82f9f7536ce3b1dc989f8342837955da05a44c26 [10ms]
2025-05-12 05:43:14.123 [info] > git diff --name-status -z --diff-filter=ADMR @{upstream} [2ms]
2025-05-12 05:45:14.110 [info] > git diff --name-status -z --diff-filter=ADMR 82f9f7536ce3b1dc989f8342837955da05a44c26 [11ms]
2025-05-12 05:45:14.126 [info] > git diff --name-status -z --diff-filter=ADMR @{upstream} [3ms]
2025-05-12 05:47:14.108 [info] > git diff --name-status -z --diff-filter=ADMR 82f9f7536ce3b1dc989f8342837955da05a44c26 [9ms]
2025-05-12 05:47:14.121 [info] > git diff --name-status -z --diff-filter=ADMR @{upstream} [3ms]
2025-05-12 05:49:14.110 [info] > git diff --name-status -z --diff-filter=ADMR 82f9f7536ce3b1dc989f8342837955da05a44c26 [10ms]
2025-05-12 05:49:14.124 [info] > git diff --name-status -z --diff-filter=ADMR @{upstream} [2ms]
2025-05-12 05:51:14.112 [info] > git diff --name-status -z --diff-filter=ADMR 82f9f7536ce3b1dc989f8342837955da05a44c26 [10ms]
2025-05-12 05:51:14.126 [info] > git diff --name-status -z --diff-filter=ADMR @{upstream} [3ms]
2025-05-12 05:53:14.110 [info] > git diff --name-status -z --diff-filter=ADMR 82f9f7536ce3b1dc989f8342837955da05a44c26 [10ms]
2025-05-12 05:53:14.124 [info] > git diff --name-status -z --diff-filter=ADMR @{upstream} [3ms]
2025-05-12 05:55:14.112 [info] > git diff --name-status -z --diff-filter=ADMR 82f9f7536ce3b1dc989f8342837955da05a44c26 [10ms]
2025-05-12 05:55:14.126 [info] > git diff --name-status -z --diff-filter=ADMR @{upstream} [2ms]
2025-05-12 05:57:14.112 [info] > git diff --name-status -z --diff-filter=ADMR 82f9f7536ce3b1dc989f8342837955da05a44c26 [10ms]
2025-05-12 05:57:14.126 [info] > git diff --name-status -z --diff-filter=ADMR @{upstream} [1ms]
2025-05-12 05:59:14.114 [info] > git diff --name-status -z --diff-filter=ADMR 82f9f7536ce3b1dc989f8342837955da05a44c26 [10ms]
2025-05-12 05:59:14.129 [info] > git diff --name-status -z --diff-filter=ADMR @{upstream} [2ms]
2025-05-12 06:01:14.115 [info] > git diff --name-status -z --diff-filter=ADMR 82f9f7536ce3b1dc989f8342837955da05a44c26 [10ms]
2025-05-12 06:01:14.129 [info] > git diff --name-status -z --diff-filter=ADMR @{upstream} [3ms]
2025-05-12 06:03:14.115 [info] > git diff --name-status -z --diff-filter=ADMR 82f9f7536ce3b1dc989f8342837955da05a44c26 [10ms]
2025-05-12 06:03:14.130 [info] > git diff --name-status -z --diff-filter=ADMR @{upstream} [3ms]
2025-05-12 06:04:19.160 [info] > git rev-parse --show-toplevel [4ms]
2025-05-12 06:04:19.160 [info] fatal: not a git repository (or any of the parent directories): .git
2025-05-12 06:05:14.117 [info] > git diff --name-status -z --diff-filter=ADMR 82f9f7536ce3b1dc989f8342837955da05a44c26 [11ms]
2025-05-12 06:05:14.132 [info] > git diff --name-status -z --diff-filter=ADMR @{upstream} [3ms]
2025-05-12 06:05:52.420 [info] > git rev-parse --show-toplevel [4ms]
2025-05-12 06:05:52.420 [info] fatal: not a git repository (or any of the parent directories): .git
2025-05-12 06:05:55.970 [info] > git rev-parse --show-toplevel [2ms]
2025-05-12 06:05:55.970 [info] fatal: not a git repository (or any of the parent directories): .git
2025-05-12 06:07:14.115 [info] > git diff --name-status -z --diff-filter=ADMR 82f9f7536ce3b1dc989f8342837955da05a44c26 [9ms]
2025-05-12 06:07:14.128 [info] > git diff --name-status -z --diff-filter=ADMR @{upstream} [1ms]
2025-05-12 06:09:14.116 [info] > git diff --name-status -z --diff-filter=ADMR 82f9f7536ce3b1dc989f8342837955da05a44c26 [11ms]
2025-05-12 06:09:14.130 [info] > git diff --name-status -z --diff-filter=ADMR @{upstream} [3ms]
2025-05-12 06:11:14.119 [info] > git diff --name-status -z --diff-filter=ADMR 82f9f7536ce3b1dc989f8342837955da05a44c26 [10ms]
2025-05-12 06:11:14.134 [info] > git diff --name-status -z --diff-filter=ADMR @{upstream} [2ms]
2025-05-12 06:13:14.118 [info] > git diff --name-status -z --diff-filter=ADMR 82f9f7536ce3b1dc989f8342837955da05a44c26 [10ms]
2025-05-12 06:13:14.134 [info] > git diff --name-status -z --diff-filter=ADMR @{upstream} [2ms]
2025-05-12 06:15:14.120 [info] > git diff --name-status -z --diff-filter=ADMR 82f9f7536ce3b1dc989f8342837955da05a44c26 [10ms]
2025-05-12 06:15:14.136 [info] > git diff --name-status -z --diff-filter=ADMR @{upstream} [3ms]
2025-05-12 06:17:14.122 [info] > git diff --name-status -z --diff-filter=ADMR 82f9f7536ce3b1dc989f8342837955da05a44c26 [11ms]
2025-05-12 06:17:14.136 [info] > git diff --name-status -z --diff-filter=ADMR @{upstream} [2ms]
2025-05-12 06:19:14.120 [info] > git diff --name-status -z --diff-filter=ADMR 82f9f7536ce3b1dc989f8342837955da05a44c26 [10ms]
2025-05-12 06:19:14.133 [info] > git diff --name-status -z --diff-filter=ADMR @{upstream} [2ms]
2025-05-12 06:21:14.122 [info] > git diff --name-status -z --diff-filter=ADMR 82f9f7536ce3b1dc989f8342837955da05a44c26 [10ms]
2025-05-12 06:21:14.137 [info] > git diff --name-status -z --diff-filter=ADMR @{upstream} [3ms]
2025-05-12 06:23:14.121 [info] > git diff --name-status -z --diff-filter=ADMR 82f9f7536ce3b1dc989f8342837955da05a44c26 [10ms]
2025-05-12 06:23:14.134 [info] > git diff --name-status -z --diff-filter=ADMR @{upstream} [2ms]
2025-05-12 06:25:14.124 [info] > git diff --name-status -z --diff-filter=ADMR 82f9f7536ce3b1dc989f8342837955da05a44c26 [10ms]
2025-05-12 06:25:14.139 [info] > git diff --name-status -z --diff-filter=ADMR @{upstream} [2ms]
2025-05-12 06:27:14.122 [info] > git diff --name-status -z --diff-filter=ADMR 82f9f7536ce3b1dc989f8342837955da05a44c26 [10ms]
2025-05-12 06:27:14.135 [info] > git diff --name-status -z --diff-filter=ADMR @{upstream} [2ms]
2025-05-12 06:29:14.122 [info] > git diff --name-status -z --diff-filter=ADMR 82f9f7536ce3b1dc989f8342837955da05a44c26 [10ms]
2025-05-12 06:29:14.134 [info] > git diff --name-status -z --diff-filter=ADMR @{upstream} [2ms]
2025-05-12 06:31:14.125 [info] > git diff --name-status -z --diff-filter=ADMR 82f9f7536ce3b1dc989f8342837955da05a44c26 [10ms]
2025-05-12 06:31:14.140 [info] > git diff --name-status -z --diff-filter=ADMR @{upstream} [2ms]
2025-05-12 06:33:14.128 [info] > git diff --name-status -z --diff-filter=ADMR 82f9f7536ce3b1dc989f8342837955da05a44c26 [11ms]
2025-05-12 06:33:14.142 [info] > git diff --name-status -z --diff-filter=ADMR @{upstream} [2ms]
2025-05-12 06:35:14.128 [info] > git diff --name-status -z --diff-filter=ADMR 82f9f7536ce3b1dc989f8342837955da05a44c26 [10ms]
2025-05-12 06:35:14.143 [info] > git diff --name-status -z --diff-filter=ADMR @{upstream} [3ms]
2025-05-12 06:37:14.128 [info] > git diff --name-status -z --diff-filter=ADMR 82f9f7536ce3b1dc989f8342837955da05a44c26 [10ms]
2025-05-12 06:37:14.147 [info] > git diff --name-status -z --diff-filter=ADMR @{upstream} [2ms]
2025-05-12 06:39:14.128 [info] > git diff --name-status -z --diff-filter=ADMR 82f9f7536ce3b1dc989f8342837955da05a44c26 [10ms]
2025-05-12 06:39:14.143 [info] > git diff --name-status -z --diff-filter=ADMR @{upstream} [1ms]
2025-05-12 06:41:14.127 [info] > git diff --name-status -z --diff-filter=ADMR 82f9f7536ce3b1dc989f8342837955da05a44c26 [10ms]
2025-05-12 06:41:14.144 [info] > git diff --name-status -z --diff-filter=ADMR @{upstream} [4ms]
2025-05-12 06:43:14.127 [info] > git diff --name-status -z --diff-filter=ADMR 82f9f7536ce3b1dc989f8342837955da05a44c26 [10ms]
2025-05-12 06:43:14.142 [info] > git diff --name-status -z --diff-filter=ADMR @{upstream} [2ms]
2025-05-12 06:45:14.128 [info] > git diff --name-status -z --diff-filter=ADMR 82f9f7536ce3b1dc989f8342837955da05a44c26 [10ms]
2025-05-12 06:45:14.145 [info] > git diff --name-status -z --diff-filter=ADMR @{upstream} [4ms]
2025-05-12 06:47:14.128 [info] > git diff --name-status -z --diff-filter=ADMR 82f9f7536ce3b1dc989f8342837955da05a44c26 [10ms]
2025-05-12 06:47:14.144 [info] > git diff --name-status -z --diff-filter=ADMR @{upstream} [3ms]
2025-05-12 06:49:14.128 [info] > git diff --name-status -z --diff-filter=ADMR 82f9f7536ce3b1dc989f8342837955da05a44c26 [10ms]
2025-05-12 06:49:14.143 [info] > git diff --name-status -z --diff-filter=ADMR @{upstream} [2ms]
2025-05-12 06:51:14.131 [info] > git diff --name-status -z --diff-filter=ADMR 82f9f7536ce3b1dc989f8342837955da05a44c26 [11ms]
2025-05-12 06:51:14.147 [info] > git diff --name-status -z --diff-filter=ADMR @{upstream} [3ms]
2025-05-12 06:53:14.128 [info] > git diff --name-status -z --diff-filter=ADMR 82f9f7536ce3b1dc989f8342837955da05a44c26 [10ms]
2025-05-12 06:53:14.140 [info] > git diff --name-status -z --diff-filter=ADMR @{upstream} [2ms]
2025-05-12 06:54:26.829 [info] > git rev-parse --show-toplevel [1ms]
2025-05-12 06:54:26.837 [info] > git rev-parse --git-dir --git-common-dir [1ms]
2025-05-12 06:54:26.845 [info] [Model][openRepository] Opened repository: /home/ubuntu/apache
2025-05-12 06:54:26.863 [info] [Git][getRemotes] No remotes found in the git config file
2025-05-12 06:54:26.863 [info] > git config --get commit.template [7ms]
2025-05-12 06:54:26.864 [info] > git for-each-ref --format=%(refname)%00%(upstream:short)%00%(objectname)%00%(upstream:track)%00%(upstream:remotename)%00%(upstream:remoteref) refs/heads/master refs/remotes/master [2ms]
2025-05-12 06:54:26.864 [warning] [Git][getBranch] No such branch: master
2025-05-12 06:54:26.877 [info] > git status -z -uall [7ms]
2025-05-12 06:54:26.880 [info] > git for-each-ref --sort -committerdate --format %(refname)%00%(objectname)%00%(*objectname) [4ms]
2025-05-12 06:54:26.901 [info] > git for-each-ref --format=%(refname)%00%(upstream:short)%00%(objectname)%00%(upstream:track)%00%(upstream:remotename)%00%(upstream:remoteref) refs/heads/master refs/remotes/master [9ms]
2025-05-12 06:54:26.901 [warning] [Git][getBranch] No such branch: master
2025-05-12 06:54:26.901 [error] [GitHistoryProvider][resolveHEADMergeBase] Failed to resolve merge base for master: Error: No such branch: master.
2025-05-12 06:54:26.918 [info] [Git][getRemotes] No remotes found in the git config file
2025-05-12 06:54:26.918 [info] > git config --get commit.template [8ms]
2025-05-12 06:54:26.919 [info] > git for-each-ref --format=%(refname)%00%(upstream:short)%00%(objectname)%00%(upstream:track)%00%(upstream:remotename)%00%(upstream:remoteref) refs/heads/master refs/remotes/master [2ms]
2025-05-12 06:54:26.919 [warning] [Git][getBranch] No such branch: master
2025-05-12 06:54:26.935 [info] > git status -z -uall [9ms]
2025-05-12 06:54:26.936 [info] > git for-each-ref --sort -committerdate --format %(refname)%00%(objectname)%00%(*objectname) [3ms]
2025-05-12 06:54:27.064 [info] > git config --get --local branch.master.github-pr-owner-number [3ms]
2025-05-12 06:54:27.064 [warning] [Git][config] git config failed: Failed to execute git
2025-05-12 06:54:27.072 [info] > git config --get --local branch.master.remote [2ms]
2025-05-12 06:54:27.072 [warning] [Git][config] git config failed: Failed to execute git
2025-05-12 06:54:27.079 [info] > git config --get --local branch.master.merge [1ms]
2025-05-12 06:54:27.079 [warning] [Git][config] git config failed: Failed to execute git
2025-05-12 06:54:27.427 [info] > git check-ignore -v -z --stdin [17ms]
2025-05-12 06:54:27.427 [info] > git check-ignore -v -z --stdin [1ms]
2025-05-12 06:54:27.428 [info] > git check-ignore -v -z --stdin [10ms]
2025-05-12 06:55:14.131 [info] > git diff --name-status -z --diff-filter=ADMR 82f9f7536ce3b1dc989f8342837955da05a44c26 [10ms]
2025-05-12 06:55:14.147 [info] > git diff --name-status -z --diff-filter=ADMR @{upstream} [2ms]
2025-05-12 06:55:57.130 [info] > git config --get commit.template [8ms]
2025-05-12 06:55:57.130 [info] > git for-each-ref --format=%(refname)%00%(upstream:short)%00%(objectname)%00%(upstream:track)%00%(upstream:remotename)%00%(upstream:remoteref) refs/heads/master refs/remotes/master [1ms]
2025-05-12 06:55:57.131 [warning] [Git][getBranch] No such branch: master
2025-05-12 06:55:57.147 [info] > git status -z -uall [9ms]
2025-05-12 06:55:57.147 [info] > git for-each-ref --sort -committerdate --format %(refname)%00%(objectname)%00%(*objectname) [3ms]
2025-05-12 06:55:57.622 [info] > git config --get --local branch.master.github-pr-owner-number [1ms]
2025-05-12 06:55:57.622 [warning] [Git][config] git config failed: Failed to execute git
2025-05-12 06:55:57.631 [info] > git config --get --local branch.master.remote [2ms]
2025-05-12 06:55:57.631 [warning] [Git][config] git config failed: Failed to execute git
2025-05-12 06:55:57.639 [info] > git config --get --local branch.master.merge [1ms]
2025-05-12 06:55:57.639 [warning] [Git][config] git config failed: Failed to execute git
2025-05-12 06:56:04.795 [info] > git for-each-ref --format=%(refname)%00%(upstream:short)%00%(objectname)%00%(upstream:track)%00%(upstream:remotename)%00%(upstream:remoteref) refs/heads/main refs/remotes/main [2ms]
2025-05-12 06:56:04.796 [warning] [Git][getBranch] No such branch: main
2025-05-12 06:56:04.796 [info] > git config --get commit.template [13ms]
2025-05-12 06:56:04.817 [info] > git status -z -uall [11ms]
2025-05-12 06:56:04.818 [info] > git for-each-ref --sort -committerdate --format %(refname)%00%(objectname)%00%(*objectname) [3ms]
2025-05-12 06:56:04.837 [info] > git for-each-ref --format=%(refname)%00%(upstream:short)%00%(objectname)%00%(upstream:track)%00%(upstream:remotename)%00%(upstream:remoteref) refs/heads/main refs/remotes/main [4ms]
2025-05-12 06:56:04.837 [warning] [Git][getBranch] No such branch: main
2025-05-12 06:56:04.837 [error] [GitHistoryProvider][resolveHEADMergeBase] Failed to resolve merge base for main: Error: No such branch: main.
2025-05-12 06:56:04.900 [info] > git config --get --local branch.main.github-pr-owner-number [2ms]
2025-05-12 06:56:04.900 [warning] [Git][config] git config failed: Failed to execute git
2025-05-12 06:56:04.913 [info] > git config --get --local branch.main.remote [1ms]
2025-05-12 06:56:04.913 [warning] [Git][config] git config failed: Failed to execute git
2025-05-12 06:56:04.927 [info] > git config --get --local branch.main.merge [3ms]
2025-05-12 06:56:04.928 [warning] [Git][config] git config failed: Failed to execute git
2025-05-12 06:56:09.638 [info] > git config --get commit.template [9ms]
2025-05-12 06:56:09.638 [info] > git for-each-ref --format=%(refname)%00%(upstream:short)%00%(objectname)%00%(upstream:track)%00%(upstream:remotename)%00%(upstream:remoteref) refs/heads/main refs/remotes/main [1ms]
2025-05-12 06:56:09.639 [warning] [Git][getBranch] No such branch: main
2025-05-12 06:56:09.658 [info] > git status -z -uall [11ms]
2025-05-12 06:56:09.659 [info] > git for-each-ref --sort -committerdate --format %(refname)%00%(objectname)%00%(*objectname) [2ms]
2025-05-12 06:56:53.286 [info] > git config --get commit.template [12ms]
2025-05-12 06:56:53.286 [info] > git for-each-ref --format=%(refname)%00%(upstream:short)%00%(objectname)%00%(upstream:track)%00%(upstream:remotename)%00%(upstream:remoteref) refs/heads/master refs/remotes/master [2ms]
2025-05-12 06:56:53.286 [warning] [Git][getBranch] No such branch: master
2025-05-12 06:56:53.308 [info] > git status -z -uall [10ms]
2025-05-12 06:56:53.309 [info] > git for-each-ref --sort -committerdate --format %(refname)%00%(objectname)%00%(*objectname) [1ms]
2025-05-12 06:56:53.328 [info] > git for-each-ref --format=%(refname)%00%(upstream:short)%00%(objectname)%00%(upstream:track)%00%(upstream:remotename)%00%(upstream:remoteref) refs/heads/master refs/remotes/master [2ms]
2025-05-12 06:56:53.329 [warning] [Git][getBranch] No such branch: master
2025-05-12 06:56:53.329 [error] [GitHistoryProvider][resolveHEADMergeBase] Failed to resolve merge base for master: Error: No such branch: master.
2025-05-12 06:56:53.378 [info] > git config --get --local branch.master.github-pr-owner-number [2ms]
2025-05-12 06:56:53.378 [warning] [Git][config] git config failed: Failed to execute git
2025-05-12 06:56:53.390 [info] > git config --get --local branch.master.remote [1ms]
2025-05-12 06:56:53.390 [warning] [Git][config] git config failed: Failed to execute git
2025-05-12 06:56:53.400 [info] > git config --get --local branch.master.merge [1ms]
2025-05-12 06:56:53.400 [warning] [Git][config] git config failed: Failed to execute git
2025-05-12 06:57:01.790 [info] > git config --get commit.template [12ms]
2025-05-12 06:57:01.790 [info] > git for-each-ref --format=%(refname)%00%(upstream:short)%00%(objectname)%00%(upstream:track)%00%(upstream:remotename)%00%(upstream:remoteref) refs/heads/master refs/remotes/master [3ms]
2025-05-12 06:57:01.790 [warning] [Git][getBranch] No such branch: master
2025-05-12 06:57:01.815 [info] > git status -z -uall [13ms]
2025-05-12 06:57:01.816 [info] > git for-each-ref --sort -committerdate --format %(refname)%00%(objectname)%00%(*objectname) [2ms]
2025-05-12 06:57:13.574 [info] > git config --get commit.template [11ms]
2025-05-12 06:57:13.574 [info] > git for-each-ref --format=%(refname)%00%(upstream:short)%00%(objectname)%00%(upstream:track)%00%(upstream:remotename)%00%(upstream:remoteref) refs/heads/master refs/remotes/master [1ms]
2025-05-12 06:57:13.596 [info] > git status -z -uall [11ms]
2025-05-12 06:57:13.597 [info] > git for-each-ref --sort -committerdate --format %(refname)%00%(objectname)%00%(*objectname) [2ms]
2025-05-12 06:57:13.842 [info] > git config --get --local branch.master.github-pr-owner-number [2ms]
2025-05-12 06:57:13.842 [warning] [Git][config] git config failed: Failed to execute git
2025-05-12 06:57:13.853 [info] > git config --get --local branch.master.remote [2ms]
2025-05-12 06:57:13.853 [warning] [Git][config] git config failed: Failed to execute git
2025-05-12 06:57:13.864 [info] > git config --get --local branch.master.merge [2ms]
2025-05-12 06:57:13.864 [warning] [Git][config] git config failed: Failed to execute git
2025-05-12 06:57:14.144 [info] > git show --textconv :hpa.yaml [23ms]
2025-05-12 06:57:14.145 [info] > git ls-files --stage -- hpa.yaml [14ms]
2025-05-12 06:57:14.157 [info] > git diff --name-status -z --diff-filter=ADMR 82f9f7536ce3b1dc989f8342837955da05a44c26 [15ms]
2025-05-12 06:57:14.171 [info] > git cat-file -s 62900d2751fba53ab30f01e7737af3d42b7b144a [17ms]
2025-05-12 06:57:14.172 [info] > git diff --name-status -z --diff-filter=ADMR @{upstream} [4ms]
2025-05-12 06:57:14.368 [info] > git blame --root --incremental e60cdb40db204d1b788885871c5066e34af1770b -- hpa.yaml [2ms]
2025-05-12 06:57:14.811 [info] > git config --get commit.template [8ms]
2025-05-12 06:57:14.812 [info] > git for-each-ref --format=%(refname)%00%(upstream:short)%00%(objectname)%00%(upstream:track)%00%(upstream:remotename)%00%(upstream:remoteref) refs/heads/master refs/remotes/master [2ms]
2025-05-12 06:57:14.826 [info] > git status -z -uall [7ms]
2025-05-12 06:57:14.829 [info] > git for-each-ref --sort -committerdate --format %(refname)%00%(objectname)%00%(*objectname) [3ms]
2025-05-12 06:57:14.944 [info] > git ls-files --stage -- hpa.yaml [2ms]
2025-05-12 06:57:14.952 [info] > git cat-file -s 62900d2751fba53ab30f01e7737af3d42b7b144a [1ms]
2025-05-12 06:57:15.030 [info] > git show --textconv :hpa.yaml [2ms]
2025-05-12 06:57:18.393 [info] > git config --get commit.template [8ms]
2025-05-12 06:57:18.394 [info] > git for-each-ref --format=%(refname)%00%(upstream:short)%00%(objectname)%00%(upstream:track)%00%(upstream:remotename)%00%(upstream:remoteref) refs/heads/main refs/remotes/main [2ms]
2025-05-12 06:57:18.412 [info] > git status -z -uall [10ms]
2025-05-12 06:57:18.413 [info] > git for-each-ref --sort -committerdate --format %(refname)%00%(objectname)%00%(*objectname) [4ms]
2025-05-12 06:57:18.426 [info] > git for-each-ref --format=%(refname)%00%(upstream:short)%00%(objectname)%00%(upstream:track)%00%(upstream:remotename)%00%(upstream:remoteref) refs/heads/main refs/remotes/main [2ms]
2025-05-12 06:57:18.435 [info] > git config --get --local branch.main.vscode-merge-base [1ms]
2025-05-12 06:57:18.435 [warning] [Git][config] git config failed: Failed to execute git
2025-05-12 06:57:18.446 [info] > git reflog main --grep-reflog=branch: Created from *. [3ms]
2025-05-12 06:57:18.457 [info] > git symbolic-ref --short refs/remotes/origin/HEAD [1ms]
2025-05-12 06:57:18.457 [info] fatal: ref refs/remotes/origin/HEAD is not a symbolic ref
2025-05-12 06:57:18.457 [warning] [Repository][getDefaultBranch] Failed to get default branch details: Failed to execute git.
2025-05-12 06:57:18.493 [info] > git config --get --local branch.main.github-pr-owner-number [2ms]
2025-05-12 06:57:18.493 [warning] [Git][config] git config failed: Failed to execute git
2025-05-12 06:57:18.504 [info] > git config --get --local branch.main.remote [1ms]
2025-05-12 06:57:18.505 [warning] [Git][config] git config failed: Failed to execute git
2025-05-12 06:57:18.517 [info] > git config --get --local branch.main.merge [1ms]
2025-05-12 06:57:18.517 [warning] [Git][config] git config failed: Failed to execute git
2025-05-12 06:57:21.291 [info] > git config --get commit.template [8ms]
2025-05-12 06:57:21.291 [info] > git for-each-ref --format=%(refname)%00%(upstream:short)%00%(objectname)%00%(upstream:track)%00%(upstream:remotename)%00%(upstream:remoteref) refs/heads/main refs/remotes/main [1ms]
2025-05-12 06:57:21.307 [info] > git status -z -uall [8ms]
2025-05-12 06:57:21.320 [info] > git for-each-ref --sort -committerdate --format %(refname)%00%(objectname)%00%(*objectname) [13ms]
2025-05-12 06:57:21.323 [info] > git ls-files --stage -- hpa.yaml [6ms]
2025-05-12 06:57:21.335 [info] > git cat-file -s 62900d2751fba53ab30f01e7737af3d42b7b144a [2ms]
2025-05-12 06:57:21.392 [info] > git show --textconv :hpa.yaml [2ms]
2025-05-12 06:57:23.101 [info] > git config --get commit.template [9ms]
2025-05-12 06:57:23.102 [info] > git for-each-ref --format=%(refname)%00%(upstream:short)%00%(objectname)%00%(upstream:track)%00%(upstream:remotename)%00%(upstream:remoteref) refs/heads/main refs/remotes/main [2ms]
2025-05-12 06:57:23.122 [info] > git status -z -uall [10ms]
2025-05-12 06:57:23.123 [info] > git for-each-ref --sort -committerdate --format %(refname)%00%(objectname)%00%(*objectname) [2ms]
2025-05-12 06:57:23.141 [info] > git merge-base refs/heads/main refs/remotes/origin/main [1ms]
2025-05-12 06:57:23.153 [info] > git diff --name-status -z --diff-filter=ADMR e60cdb40db204d1b788885871c5066e34af1770b...refs/remotes/origin/main [2ms]
2025-05-12 06:57:23.203 [info] > git config --get --local branch.main.github-pr-owner-number [3ms]
2025-05-12 06:57:23.203 [warning] [Git][config] git config failed: Failed to execute git
2025-05-12 06:57:26.860 [info] > git config --get commit.template [8ms]
2025-05-12 06:57:26.862 [info] > git for-each-ref --format=%(refname)%00%(upstream:short)%00%(objectname)%00%(upstream:track)%00%(upstream:remotename)%00%(upstream:remoteref) refs/heads/main refs/remotes/main [2ms]
2025-05-12 06:57:26.891 [info] > git status -z -uall [20ms]
2025-05-12 06:57:26.892 [info] > git for-each-ref --sort -committerdate --format %(refname)%00%(objectname)%00%(*objectname) [9ms]
2025-05-12 06:57:26.897 [info] > git ls-files --stage -- hpa.yaml [6ms]
2025-05-12 06:57:26.908 [info] > git cat-file -s 62900d2751fba53ab30f01e7737af3d42b7b144a [2ms]
2025-05-12 06:57:26.970 [info] > git show --textconv :hpa.yaml [2ms]
2025-05-12 06:58:00.915 [info] > git rev-parse --show-toplevel [2ms]
2025-05-12 06:58:00.927 [info] > git rev-parse --git-dir --git-common-dir [1ms]
2025-05-12 06:58:00.933 [info] [Model][openRepository] Opened repository: /home/ubuntu
2025-05-12 06:58:00.949 [info] > git config --get commit.template [3ms]
2025-05-12 06:58:00.960 [info] [Git][getRemotes] No remotes found in the git config file
2025-05-12 06:58:00.961 [info] > git for-each-ref --format=%(refname)%00%(upstream:short)%00%(objectname)%00%(upstream:track)%00%(upstream:remotename)%00%(upstream:remoteref) refs/heads/master refs/remotes/master [2ms]
2025-05-12 06:58:00.961 [warning] [Git][getBranch] No such branch: master
2025-05-12 06:58:00.983 [info] > git for-each-ref --sort -committerdate --format %(refname)%00%(objectname)%00%(*objectname) [3ms]
2025-05-12 06:58:01.050 [info] > git status -z -uall [79ms] (cancelled)
2025-05-12 06:58:03.061 [info] > git for-each-ref --format=%(refname)%00%(upstream:short)%00%(objectname)%00%(upstream:track)%00%(upstream:remotename)%00%(upstream:remoteref) refs/heads/master refs/remotes/master [1836ms]
2025-05-12 06:58:03.061 [warning] [Git][getBranch] No such branch: master
2025-05-12 06:58:03.063 [error] [GitHistoryProvider][resolveHEADMergeBase] Failed to resolve merge base for master: Error: No such branch: master.
2025-05-12 06:58:03.075 [info] > git config --get commit.template [43ms]
2025-05-12 06:58:03.113 [info] [Git][getRemotes] No remotes found in the git config file
2025-05-12 06:58:03.123 [info] > git for-each-ref --format=%(refname)%00%(upstream:short)%00%(objectname)%00%(upstream:track)%00%(upstream:remotename)%00%(upstream:remoteref) refs/heads/master refs/remotes/master [10ms]
2025-05-12 06:58:03.123 [warning] [Git][getBranch] No such branch: master
2025-05-12 06:58:03.162 [info] > git for-each-ref --sort -committerdate --format %(refname)%00%(objectname)%00%(*objectname) [9ms]
2025-05-12 06:58:03.389 [info] > git status -z -uall [250ms] (cancelled)
2025-05-12 06:58:05.651 [info] > git check-ignore -v -z --stdin [1895ms]
2025-05-12 06:58:05.653 [info] > git check-ignore -v -z --stdin [1886ms]
2025-05-12 06:58:05.653 [info] > git check-ignore -v -z --stdin [1875ms]
2025-05-12 06:58:05.653 [info] > git check-ignore -v -z --stdin [1864ms]
2025-05-12 06:58:05.917 [info] > git config --get --local branch.master.github-pr-owner-number [1ms]
2025-05-12 06:58:05.917 [warning] [Git][config] git config failed: Failed to execute git
2025-05-12 06:58:05.931 [info] > git config --get --local branch.master.remote [1ms]
2025-05-12 06:58:05.931 [warning] [Git][config] git config failed: Failed to execute git
2025-05-12 06:58:05.941 [info] > git config --get --local branch.master.merge [2ms]
2025-05-12 06:58:05.941 [warning] [Git][config] git config failed: Failed to execute git
2025-05-12 06:58:29.980 [info] [Git][getRemotes] No remotes found in the git config file
2025-05-12 06:58:29.981 [info] > git config --get commit.template [8ms]
2025-05-12 06:58:29.981 [info] > git for-each-ref --format=%(refname)%00%(upstream:short)%00%(objectname)%00%(upstream:track)%00%(upstream:remotename)%00%(upstream:remoteref) refs/heads/master refs/remotes/master [1ms]
2025-05-12 06:58:29.981 [warning] [Git][getBranch] No such branch: master
2025-05-12 06:58:29.998 [info] > git for-each-ref --sort -committerdate --format %(refname)%00%(objectname)%00%(*objectname) [0ms]
2025-05-12 06:58:30.176 [info] > git status -z -uall [187ms] (cancelled)
2025-05-12 06:58:32.341 [info] > git ls-files --stage -- hpa.yaml [2ms]
2025-05-12 06:58:32.354 [info] > git cat-file -s 62900d2751fba53ab30f01e7737af3d42b7b144a [2ms]
2025-05-12 06:58:32.437 [info] > git show --textconv :hpa.yaml [2ms]
2025-05-12 06:59:14.160 [info] > git diff --name-status -z --diff-filter=ADMR 82f9f7536ce3b1dc989f8342837955da05a44c26 [16ms]
2025-05-12 06:59:14.173 [info] > git diff --name-status -z --diff-filter=ADMR @{upstream} [3ms]
2025-05-12 06:59:27.416 [info] > git ls-files --stage -- hpa.yaml [2ms]
2025-05-12 06:59:27.425 [info] > git cat-file -s 62900d2751fba53ab30f01e7737af3d42b7b144a [2ms]
2025-05-12 06:59:27.505 [info] > git show --textconv :hpa.yaml [2ms]
2025-05-12 07:01:14.155 [info] > git diff --name-status -z --diff-filter=ADMR 82f9f7536ce3b1dc989f8342837955da05a44c26 [10ms]
2025-05-12 07:01:14.170 [info] > git diff --name-status -z --diff-filter=ADMR @{upstream} [3ms]
2025-05-12 07:01:59.776 [warning] [Git][getHEAD] Failed to parse HEAD file: ENOENT: no such file or directory, open '/home/ubuntu/apache/.git/HEAD'
2025-05-12 07:01:59.789 [warning] [Git][getRemotes] Error: ENOENT: no such file or directory, open '/home/ubuntu/apache/.git/config'
2025-05-12 07:01:59.801 [info] > git remote --verbose [12ms]
2025-05-12 07:01:59.801 [info] fatal: not a git repository (or any of the parent directories): .git
2025-05-12 07:01:59.819 [info] > git symbolic-ref --short HEAD [43ms]
2025-05-12 07:01:59.819 [info] fatal: not a git repository (or any of the parent directories): .git
2025-05-12 07:01:59.842 [warning] [Git][getHEAD] Failed to parse HEAD file: ENOENT: no such file or directory, open '/home/ubuntu/apache/.git/HEAD'
2025-05-12 07:01:59.854 [warning] [Git][getRemotes] Error: ENOENT: no such file or directory, open '/home/ubuntu/apache/.git/config'
2025-05-12 07:01:59.886 [info] > git config --get commit.template [87ms]
2025-05-12 07:01:59.887 [info] > git ls-files --stage -- apache/hpa.yaml [2ms]
2025-05-12 07:01:59.887 [info] fatal: not a git repository (or any of the parent directories): .git
2025-05-12 07:01:59.913 [info] > git config --get commit.template [48ms]
2025-05-12 07:01:59.914 [info] > git remote --verbose [60ms]
2025-05-12 07:01:59.914 [info] fatal: not a git repository (or any of the parent directories): .git
2025-05-12 07:01:59.914 [info] > git symbolic-ref --short HEAD [72ms]
2025-05-12 07:01:59.914 [info] fatal: not a git repository (or any of the parent directories): .git
2025-05-12 07:01:59.926 [info] > git rev-parse HEAD [96ms]
2025-05-12 07:01:59.926 [info] fatal: not a git repository (or any of the parent directories): .git
2025-05-12 07:01:59.937 [info] > git hash-object -t tree /dev/null [24ms]
2025-05-12 07:01:59.938 [warning] [GitFileSystemProvider][stat] File not found - git:/home/ubuntu/apache/hpa.yaml.git?%7B%22path%22%3A%22%2Fhome%2Fubuntu%2Fapache%2Fhpa.yaml%22%2C%22ref%22%3A%22%22%7D
2025-05-12 07:01:59.945 [info] > git rev-parse HEAD [19ms]
2025-05-12 07:01:59.945 [info] fatal: not a git repository (or any of the parent directories): .git
2025-05-12 07:02:00.528 [info] > git check-ignore -v -z --stdin [13ms]
2025-05-12 07:02:00.528 [info] > git check-ignore -v -z --stdin [2ms]
2025-05-12 07:02:05.218 [info] > git rev-parse --show-toplevel [2ms]
2025-05-12 07:02:05.232 [info] > git rev-parse --git-dir --git-common-dir [2ms]
2025-05-12 07:02:05.242 [info] [Model][openRepository] Opened repository: /home/ubuntu
2025-05-12 07:02:05.269 [info] [Git][getRemotes] No remotes found in the git config file
2025-05-12 07:02:05.269 [info] > git config --get commit.template [13ms]
2025-05-12 07:02:05.270 [info] > git for-each-ref --format=%(refname)%00%(upstream:short)%00%(objectname)%00%(upstream:track)%00%(upstream:remotename)%00%(upstream:remoteref) refs/heads/master refs/remotes/master [2ms]
2025-05-12 07:02:05.270 [warning] [Git][getBranch] No such branch: master
2025-05-12 07:02:05.307 [info] > git for-each-ref --sort -committerdate --format %(refname)%00%(objectname)%00%(*objectname) [11ms]
2025-05-12 07:02:05.351 [info] > git status -z -uall [70ms] (cancelled)
2025-05-12 07:02:07.286 [info] > git for-each-ref --format=%(refname)%00%(upstream:short)%00%(objectname)%00%(upstream:track)%00%(upstream:remotename)%00%(upstream:remoteref) refs/heads/master refs/remotes/master [1772ms]
2025-05-12 07:02:07.286 [warning] [Git][getBranch] No such branch: master
2025-05-12 07:02:07.286 [error] [GitHistoryProvider][resolveHEADMergeBase] Failed to resolve merge base for master: Error: No such branch: master.
2025-05-12 07:02:07.333 [info] > git config --get commit.template [58ms]
2025-05-12 07:02:07.339 [info] > git check-ignore -v -z --stdin [36ms]
2025-05-12 07:02:07.342 [info] > git check-ignore -v -z --stdin [27ms]
2025-05-12 07:02:07.342 [info] > git check-ignore -v -z --stdin [16ms]
2025-05-12 07:02:07.367 [info] [Git][getRemotes] No remotes found in the git config file
2025-05-12 07:02:07.376 [info] > git for-each-ref --format=%(refname)%00%(upstream:short)%00%(objectname)%00%(upstream:track)%00%(upstream:remotename)%00%(upstream:remoteref) refs/heads/master refs/remotes/master [9ms]
2025-05-12 07:02:07.376 [warning] [Git][getBranch] No such branch: master
2025-05-12 07:02:07.426 [info] > git for-each-ref --sort -committerdate --format %(refname)%00%(objectname)%00%(*objectname) [13ms]
2025-05-12 07:02:07.715 [info] > git status -z -uall [318ms] (cancelled)
2025-05-12 07:02:09.839 [info] > git config --get --local branch.master.github-pr-owner-number [60ms]
2025-05-12 07:02:09.839 [warning] [Git][config] git config failed: Failed to execute git
2025-05-12 07:02:09.853 [info] > git config --get --local branch.master.remote [2ms]
2025-05-12 07:02:09.853 [warning] [Git][config] git config failed: Failed to execute git
2025-05-12 07:02:09.865 [info] > git config --get --local branch.master.merge [2ms]
2025-05-12 07:02:09.865 [warning] [Git][config] git config failed: Failed to execute git
2025-05-12 07:03:14.155 [info] > git diff --name-status -z --diff-filter=ADMR 82f9f7536ce3b1dc989f8342837955da05a44c26 [10ms]
2025-05-12 07:03:14.171 [info] > git diff --name-status -z --diff-filter=ADMR @{upstream} [3ms]
2025-05-12 07:03:33.327 [info] > git config --get commit.template [3ms]
2025-05-12 07:03:33.336 [info] [Git][getRemotes] No remotes found in the git config file
2025-05-12 07:03:33.337 [info] > git for-each-ref --format=%(refname)%00%(upstream:short)%00%(objectname)%00%(upstream:track)%00%(upstream:remotename)%00%(upstream:remoteref) refs/heads/master refs/remotes/master [1ms]
2025-05-12 07:03:33.337 [warning] [Git][getBranch] No such branch: master
2025-05-12 07:03:33.357 [info] > git for-each-ref --sort -committerdate --format %(refname)%00%(objectname)%00%(*objectname) [2ms]
2025-05-12 07:03:33.537 [info] > git status -z -uall [191ms] (cancelled)
2025-05-12 07:03:35.648 [info] > git ls-files --stage -- apache/hpa.yaml [3ms]
2025-05-12 07:03:35.663 [info] > git cat-file -s 62900d2751fba53ab30f01e7737af3d42b7b144a [1ms]
2025-05-12 07:03:35.725 [info] > git show --textconv :apache/hpa.yaml [3ms]
2025-05-12 07:03:35.883 [info] > git show --textconv HEAD:apache/hpa.yaml [20ms]
2025-05-12 07:03:35.900 [info] > git ls-tree -l HEAD -- apache/hpa.yaml [19ms]
2025-05-12 07:03:35.900 [info] fatal: Not a valid object name HEAD
2025-05-12 07:03:35.912 [info] > git hash-object -t tree /dev/null [14ms]
2025-05-12 07:03:35.912 [warning] [GitFileSystemProvider][readFile] File not found - git:/home/ubuntu/apache/hpa.yaml.git?%7B%22path%22%3A%22%2Fhome%2Fubuntu%2Fapache%2Fhpa.yaml%22%2C%22ref%22%3A%22HEAD%22%7D
2025-05-12 07:03:35.914 [info] > git hash-object -t tree /dev/null [3ms]
2025-05-12 07:03:35.915 [warning] [GitFileSystemProvider][stat] File not found - git:/home/ubuntu/apache/hpa.yaml.git?%7B%22path%22%3A%22%2Fhome%2Fubuntu%2Fapache%2Fhpa.yaml%22%2C%22ref%22%3A%22HEAD%22%7D
2025-05-12 07:04:08.074 [info] [Git][getRemotes] No remotes found in the git config file
2025-05-12 07:04:08.076 [info] > git config --get commit.template [10ms]
2025-05-12 07:04:08.076 [info] > git for-each-ref --format=%(refname)%00%(upstream:short)%00%(objectname)%00%(upstream:track)%00%(upstream:remotename)%00%(upstream:remoteref) refs/heads/master refs/remotes/master [2ms]
2025-05-12 07:04:08.076 [warning] [Git][getBranch] No such branch: master
2025-05-12 07:04:08.100 [info] > git for-each-ref --sort -committerdate --format %(refname)%00%(objectname)%00%(*objectname) [2ms]
2025-05-12 07:04:10.125 [info] > git status -z -uall [2039ms] (cancelled)
2025-05-12 07:04:13.843 [info] > git ls-files --stage -- apache/hpa.yaml [2ms]
2025-05-12 07:04:13.855 [info] > git cat-file -s 62900d2751fba53ab30f01e7737af3d42b7b144a [1ms]
2025-05-12 07:04:13.927 [info] > git show --textconv :apache/hpa.yaml [2ms]
2025-05-12 07:04:45.119 [info] [Git][getRemotes] No remotes found in the git config file
2025-05-12 07:04:45.119 [info] > git config --get commit.template [10ms]
2025-05-12 07:04:45.120 [info] > git for-each-ref --format=%(refname)%00%(upstream:short)%00%(objectname)%00%(upstream:track)%00%(upstream:remotename)%00%(upstream:remoteref) refs/heads/master refs/remotes/master [1ms]
2025-05-12 07:04:45.142 [info] > git for-each-ref --sort -committerdate --format %(refname)%00%(objectname)%00%(*objectname) [2ms]
2025-05-12 07:04:47.177 [info] > git status -z -uall [2046ms] (cancelled)
2025-05-12 07:04:47.177 [info] > git config --get --local branch.master.github-pr-owner-number [1815ms]
2025-05-12 07:04:47.177 [warning] [Git][config] git config failed: Failed to execute git
2025-05-12 07:04:47.204 [info] > git blame --root --incremental 1b833a59c9f424ddde2b2a82b2d5e0ae726e9f60 -- apache/hpa.yaml [1862ms]
2025-05-12 07:04:47.227 [info] > git config --get --local branch.master.remote [24ms]
2025-05-12 07:04:47.227 [warning] [Git][config] git config failed: Failed to execute git
2025-05-12 07:04:47.273 [info] > git config --get --local branch.master.merge [5ms]
2025-05-12 07:04:47.273 [warning] [Git][config] git config failed: Failed to execute git
2025-05-12 07:04:47.687 [info] > git ls-files --stage -- apache/hpa.yaml [3ms]
2025-05-12 07:04:47.714 [info] > git cat-file -s 62900d2751fba53ab30f01e7737af3d42b7b144a [5ms]
2025-05-12 07:04:47.790 [info] > git show --textconv :apache/hpa.yaml [2ms]
2025-05-12 07:04:59.521 [info] > git ls-files --stage -- apache/hpa.yaml [1ms]
2025-05-12 07:04:59.531 [info] > git cat-file -s 62900d2751fba53ab30f01e7737af3d42b7b144a [1ms]
2025-05-12 07:04:59.594 [info] > git show --textconv :apache/hpa.yaml [2ms]
2025-05-12 07:05:07.036 [info] > git config --get commit.template [1ms]
2025-05-12 07:05:07.045 [info] > git for-each-ref --format=%(refname)%00%(upstream:short)%00%(objectname)%00%(upstream:track)%00%(upstream:remotename)%00%(upstream:remoteref) refs/heads/main refs/remotes/main [2ms]
2025-05-12 07:05:07.062 [info] > git for-each-ref --sort -committerdate --format %(refname)%00%(objectname)%00%(*objectname) [1ms]
2025-05-12 07:05:09.226 [info] > git status -z -uall [2174ms] (cancelled)
2025-05-12 07:05:09.226 [info] > git for-each-ref --format=%(refname)%00%(upstream:short)%00%(objectname)%00%(upstream:track)%00%(upstream:remotename)%00%(upstream:remoteref) refs/heads/main refs/remotes/main [1945ms]
2025-05-12 07:05:09.245 [info] > git config --get --local branch.main.vscode-merge-base [7ms]
2025-05-12 07:05:09.245 [warning] [Git][config] git config failed: Failed to execute git
2025-05-12 07:05:09.261 [info] > git reflog main --grep-reflog=branch: Created from *. [3ms]
2025-05-12 07:05:09.281 [info] > git symbolic-ref --short refs/remotes/origin/HEAD [8ms]
2025-05-12 07:05:09.281 [info] fatal: ref refs/remotes/origin/HEAD is not a symbolic ref
2025-05-12 07:05:09.281 [warning] [Repository][getDefaultBranch] Failed to get default branch details: Failed to execute git.
2025-05-12 07:05:09.884 [info] > git config --get --local branch.main.github-pr-owner-number [1ms]
2025-05-12 07:05:09.884 [warning] [Git][config] git config failed: Failed to execute git
2025-05-12 07:05:09.897 [info] > git config --get --local branch.main.remote [1ms]
2025-05-12 07:05:09.897 [warning] [Git][config] git config failed: Failed to execute git
2025-05-12 07:05:09.910 [info] > git config --get --local branch.main.merge [3ms]
2025-05-12 07:05:09.910 [warning] [Git][config] git config failed: Failed to execute git
2025-05-12 07:05:10.171 [info] > git ls-files --stage -- apache/hpa.yaml [2ms]
2025-05-12 07:05:10.185 [info] > git cat-file -s 62900d2751fba53ab30f01e7737af3d42b7b144a [2ms]
2025-05-12 07:05:10.308 [info] > git show --textconv :apache/hpa.yaml [2ms]
2025-05-12 07:05:14.156 [info] > git diff --name-status -z --diff-filter=ADMR 82f9f7536ce3b1dc989f8342837955da05a44c26 [10ms]
2025-05-12 07:05:14.173 [info] > git diff --name-status -z --diff-filter=ADMR @{upstream} [3ms]
2025-05-12 07:05:45.464 [info] > git config --get commit.template [2ms]
2025-05-12 07:05:45.480 [info] > git for-each-ref --format=%(refname)%00%(upstream:short)%00%(objectname)%00%(upstream:track)%00%(upstream:remotename)%00%(upstream:remoteref) refs/heads/main refs/remotes/main [2ms]
2025-05-12 07:05:45.506 [info] > git for-each-ref --sort -committerdate --format %(refname)%00%(objectname)%00%(*objectname) [4ms]
2025-05-12 07:05:45.709 [info] > git status -z -uall [218ms] (cancelled)
2025-05-12 07:05:47.553 [info] > git blame --root --incremental 0b999038515cdab6c88ba4cc5e31308695c0b5af -- apache/hpa.yaml [1851ms]
2025-05-12 07:05:47.580 [info] > git config --get --local branch.main.github-pr-owner-number [27ms]
2025-05-12 07:05:47.582 [warning] [Git][config] git config failed: Failed to execute git
2025-05-12 07:05:47.614 [info] > git config --get --local branch.main.remote [6ms]
2025-05-12 07:05:47.615 [warning] [Git][config] git config failed: Failed to execute git
2025-05-12 07:05:47.668 [info] > git config --get --local branch.main.merge [8ms]
2025-05-12 07:05:47.668 [warning] [Git][config] git config failed: Failed to execute git
2025-05-12 07:05:48.064 [info] > git check-ignore -v -z --stdin [24ms]
2025-05-12 07:05:48.067 [info] > git ls-files --stage -- apache/hpa.yaml [5ms]
2025-05-12 07:05:48.082 [info] > git cat-file -s 62900d2751fba53ab30f01e7737af3d42b7b144a [1ms]
2025-05-12 07:05:48.162 [info] > git show --textconv :apache/hpa.yaml [3ms]
2025-05-12 07:05:52.001 [info] > git config --get commit.template [10ms]
2025-05-12 07:05:52.001 [info] > git for-each-ref --format=%(refname)%00%(upstream:short)%00%(objectname)%00%(upstream:track)%00%(upstream:remotename)%00%(upstream:remoteref) refs/heads/main refs/remotes/main [1ms]
2025-05-12 07:05:52.030 [info] > git for-each-ref --sort -committerdate --format %(refname)%00%(objectname)%00%(*objectname) [4ms]
2025-05-12 07:05:52.192 [info] > git status -z -uall [178ms] (cancelled)
2025-05-12 07:06:03.981 [info] > git ls-files --stage -- apache/hpa.yaml [1ms]
2025-05-12 07:06:03.995 [info] > git cat-file -s 62900d2751fba53ab30f01e7737af3d42b7b144a [2ms]
2025-05-12 07:06:04.056 [info] > git show --textconv :apache/hpa.yaml [3ms]
2025-05-12 07:06:35.193 [info] > git config --get commit.template [9ms]
2025-05-12 07:06:35.194 [info] > git for-each-ref --format=%(refname)%00%(upstream:short)%00%(objectname)%00%(upstream:track)%00%(upstream:remotename)%00%(upstream:remoteref) refs/heads/main refs/remotes/main [2ms]
2025-05-12 07:06:35.225 [info] > git for-each-ref --sort -committerdate --format %(refname)%00%(objectname)%00%(*objectname) [2ms]
2025-05-12 07:06:37.115 [info] > git status -z -uall [1912ms] (cancelled)
2025-05-12 07:06:38.267 [info] > git ls-files --stage -- apache/hpa.yaml [4ms]
2025-05-12 07:06:38.281 [info] > git cat-file -s 62900d2751fba53ab30f01e7737af3d42b7b144a [2ms]
2025-05-12 07:06:38.358 [info] > git show --textconv :apache/hpa.yaml [5ms]
2025-05-12 07:07:14.158 [info] > git diff --name-status -z --diff-filter=ADMR 82f9f7536ce3b1dc989f8342837955da05a44c26 [10ms]
2025-05-12 07:07:14.174 [info] > git diff --name-status -z --diff-filter=ADMR @{upstream} [2ms]
2025-05-12 07:07:40.417 [info] > git config --get commit.template [13ms]
2025-05-12 07:07:40.417 [info] > git for-each-ref --format=%(refname)%00%(upstream:short)%00%(objectname)%00%(upstream:track)%00%(upstream:remotename)%00%(upstream:remoteref) refs/heads/main refs/remotes/main [2ms]
2025-05-12 07:07:40.464 [info] > git for-each-ref --sort -committerdate --format %(refname)%00%(objectname)%00%(*objectname) [5ms]
2025-05-12 07:07:40.653 [info] > git status -z -uall [223ms] (cancelled)
2025-05-12 07:07:43.205 [info] > git ls-files --stage -- apache/hpa.yaml [11ms]
2025-05-12 07:07:43.258 [info] > git cat-file -s 62900d2751fba53ab30f01e7737af3d42b7b144a [35ms]
2025-05-12 07:07:43.363 [info] > git show --textconv :apache/hpa.yaml [6ms]
2025-05-12 07:07:47.800 [info] > git config --get commit.template [9ms]
2025-05-12 07:07:47.800 [info] > git for-each-ref --format=%(refname)%00%(upstream:short)%00%(objectname)%00%(upstream:track)%00%(upstream:remotename)%00%(upstream:remoteref) refs/heads/main refs/remotes/main [1ms]
2025-05-12 07:07:47.837 [info] > git for-each-ref --sort -committerdate --format %(refname)%00%(objectname)%00%(*objectname) [4ms]
2025-05-12 07:07:47.994 [info] > git status -z -uall [186ms] (cancelled)
2025-05-12 07:07:50.312 [info] > git ls-files --stage -- apache/hpa.yaml [4ms]
2025-05-12 07:07:50.326 [info] > git cat-file -s 62900d2751fba53ab30f01e7737af3d42b7b144a [1ms]
2025-05-12 07:07:50.379 [info] > git show --textconv :apache/hpa.yaml [4ms]
2025-05-12 07:07:56.055 [info] > git config --get commit.template [10ms]
2025-05-12 07:07:56.055 [info] > git for-each-ref --format=%(refname)%00%(upstream:short)%00%(objectname)%00%(upstream:track)%00%(upstream:remotename)%00%(upstream:remoteref) refs/heads/main refs/remotes/main [2ms]
2025-05-12 07:07:56.075 [info] > git for-each-ref --sort -committerdate --format %(refname)%00%(objectname)%00%(*objectname) [1ms]
2025-05-12 07:07:56.235 [info] > git status -z -uall [172ms] (cancelled)
2025-05-12 07:07:58.741 [info] > git ls-files --stage -- apache/hpa.yaml [2ms]
2025-05-12 07:07:58.750 [info] > git cat-file -s 62900d2751fba53ab30f01e7737af3d42b7b144a [2ms]
2025-05-12 07:07:58.815 [info] > git show --textconv :apache/hpa.yaml [1ms]
2025-05-12 07:08:12.181 [info] > git config --get commit.template [12ms]
2025-05-12 07:08:12.183 [info] > git for-each-ref --format=%(refname)%00%(upstream:short)%00%(objectname)%00%(upstream:track)%00%(upstream:remotename)%00%(upstream:remoteref) refs/heads/main refs/remotes/main [3ms]
2025-05-12 07:08:12.224 [info] > git for-each-ref --sort -committerdate --format %(refname)%00%(objectname)%00%(*objectname) [6ms]
2025-05-12 07:08:12.421 [info] > git status -z -uall [228ms] (cancelled)
2025-05-12 07:08:18.673 [info] > git ls-files --stage -- apache/hpa.yaml [1ms]
2025-05-12 07:08:18.686 [info] > git cat-file -s 62900d2751fba53ab30f01e7737af3d42b7b144a [2ms]
2025-05-12 07:08:18.746 [info] > git show --textconv :apache/hpa.yaml [2ms]
2025-05-12 07:08:24.190 [info] > git ls-files --stage -- apache/hpa.yaml [2ms]
2025-05-12 07:08:24.200 [info] > git cat-file -s 62900d2751fba53ab30f01e7737af3d42b7b144a [2ms]
2025-05-12 07:08:24.274 [info] > git show --textconv :apache/hpa.yaml [2ms]
