2025-05-09 05:54:44.521 [info] [main] Log level: Info
2025-05-09 05:54:44.521 [info] [main] Validating found git in: "git"
2025-05-09 05:54:44.521 [info] [main] Using git "2.43.0" from "git"
2025-05-09 05:54:44.521 [info] [Model][doInitialScan] Initial repository scan started
2025-05-09 05:54:44.521 [info] > git rev-parse --show-toplevel [1804ms]
2025-05-09 05:54:44.521 [info] fatal: not a git repository (or any of the parent directories): .git
2025-05-09 05:54:44.521 [info] > git rev-parse --show-toplevel [4ms]
2025-05-09 05:54:44.523 [info] > git rev-parse --git-dir --git-common-dir [217ms]
2025-05-09 05:54:44.542 [info] [Model][openRepository] Opened repository: /home/ubuntu/giit-node-application
2025-05-09 05:54:44.572 [info] > git config --get commit.template [19ms]
2025-05-09 05:54:44.991 [info] > git for-each-ref --format=%(refname)%00%(upstream:short)%00%(objectname)%00%(upstream:track)%00%(upstream:remotename)%00%(upstream:remoteref) refs/heads/main refs/remotes/main [170ms]
2025-05-09 05:54:46.025 [info] > git check-ignore -v -z --stdin [182ms]
2025-05-09 05:54:46.029 [info] > git rev-parse --show-toplevel [7ms]
2025-05-09 05:54:46.029 [info] fatal: not a git repository (or any of the parent directories): .git
2025-05-09 05:54:46.072 [info] > git status -z -uall [34ms]
2025-05-09 05:54:46.072 [info] > git rev-parse --show-toplevel [10ms]
2025-05-09 05:54:46.072 [info] fatal: not a git repository (or any of the parent directories): .git
2025-05-09 05:54:46.073 [info] > git for-each-ref --sort -committerdate --format %(refname)%00%(objectname)%00%(*objectname) [24ms]
2025-05-09 05:54:46.587 [info] > git for-each-ref --format=%(refname)%00%(upstream:short)%00%(objectname)%00%(upstream:track)%00%(upstream:remotename)%00%(upstream:remoteref) refs/heads/main refs/remotes/main [470ms]
2025-05-09 05:54:46.601 [info] > git config --get --local branch.main.vscode-merge-base [5ms]
2025-05-09 05:54:46.608 [info] > git config --get commit.template [43ms]
2025-05-09 05:54:46.608 [info] > git rev-parse --show-toplevel [51ms]
2025-05-09 05:54:46.608 [info] fatal: not a git repository (or any of the parent directories): .git
2025-05-09 05:54:46.616 [info] > git for-each-ref --format=%(refname)%00%(upstream:short)%00%(objectname)%00%(upstream:track)%00%(upstream:remotename)%00%(upstream:remoteref) refs/heads/origin/master refs/remotes/origin/master [9ms]
2025-05-09 05:54:46.651 [info] > git rev-parse --show-toplevel [36ms]
2025-05-09 05:54:46.651 [info] fatal: not a git repository (or any of the parent directories): .git
2025-05-09 05:54:47.348 [info] > git for-each-ref --format=%(refname)%00%(upstream:short)%00%(objectname)%00%(upstream:track)%00%(upstream:remotename)%00%(upstream:remoteref) refs/heads/main refs/remotes/main [718ms]
2025-05-09 05:54:47.348 [info] > git merge-base refs/heads/main refs/remotes/origin/main [725ms]
2025-05-09 05:54:47.405 [info] > git diff --name-status -z --diff-filter=ADMR 8fc6ee53db5eb1a6ed8da01ba452749cd3a35ef1...refs/remotes/origin/main [48ms]
2025-05-09 05:54:47.406 [info] > git rev-parse --show-toplevel [749ms]
2025-05-09 05:54:47.406 [info] fatal: not a git repository (or any of the parent directories): .git
2025-05-09 05:54:47.560 [info] > git status -z -uall [29ms]
2025-05-09 05:54:47.561 [info] > git rev-parse --show-toplevel [53ms]
2025-05-09 05:54:47.561 [info] fatal: not a git repository (or any of the parent directories): .git
2025-05-09 05:54:47.664 [info] > git for-each-ref --sort -committerdate --format %(refname)%00%(objectname)%00%(*objectname) [122ms]
2025-05-09 05:54:47.705 [info] > git rev-parse --show-toplevel [133ms]
2025-05-09 05:54:47.705 [info] fatal: not a git repository (or any of the parent directories): .git
2025-05-09 05:54:47.742 [info] > git rev-parse --show-toplevel [3ms]
2025-05-09 05:54:47.742 [info] fatal: not a git repository (or any of the parent directories): .git
2025-05-09 05:54:48.002 [info] > git rev-parse --show-toplevel [247ms]
2025-05-09 05:54:48.002 [info] fatal: not a git repository (or any of the parent directories): .git
2025-05-09 05:54:48.020 [info] > git rev-parse --show-toplevel [5ms]
2025-05-09 05:54:48.031 [info] > git rev-parse --git-dir --git-common-dir [3ms]
2025-05-09 05:54:48.037 [info] [Model][openRepository] Opened repository: /home/ubuntu/TWSThreeTierAppChallenge
2025-05-09 05:54:48.053 [info] > git rev-parse --show-toplevel [1ms]
2025-05-09 05:54:48.053 [info] fatal: not a git repository (or any of the parent directories): .git
2025-05-09 05:54:48.054 [info] > git config --get commit.template [8ms]
2025-05-09 05:54:48.065 [info] > git rev-parse --show-toplevel [7ms]
2025-05-09 05:54:48.065 [info] fatal: not a git repository (or any of the parent directories): .git
2025-05-09 05:54:48.071 [info] > git for-each-ref --format=%(refname)%00%(upstream:short)%00%(objectname)%00%(upstream:track)%00%(upstream:remotename)%00%(upstream:remoteref) refs/heads/main refs/remotes/main [7ms]
2025-05-09 05:54:48.077 [warning] [Git][revParse] Unable to read file: ENOENT: no such file or directory, open '/home/ubuntu/TWSThreeTierAppChallenge/.git/refs/remotes/origin/main'
2025-05-09 05:54:48.079 [info] > git rev-parse --show-toplevel [8ms]
2025-05-09 05:54:48.080 [info] fatal: not a git repository (or any of the parent directories): .git
2025-05-09 05:54:48.083 [info] [Model][doInitialScan] Initial repository scan completed - repositories (2), closed repositories (0), parent repositories (0), unsafe repositories (0)
2025-05-09 05:54:48.103 [info] > git show --textconv :manifests/backend/service.yaml [9ms]
2025-05-09 05:54:48.103 [info] > git rev-parse refs/remotes/origin/main [26ms]
2025-05-09 05:54:48.121 [info] > git ls-files --stage -- manifests/backend/service.yaml [19ms]
2025-05-09 05:54:48.133 [info] > git status -z -uall [22ms]
2025-05-09 05:54:48.134 [info] > git for-each-ref --sort -committerdate --format %(refname)%00%(objectname)%00%(*objectname) [17ms]
2025-05-09 05:54:48.207 [info] > git for-each-ref --format=%(refname)%00%(upstream:short)%00%(objectname)%00%(upstream:track)%00%(upstream:remotename)%00%(upstream:remoteref) refs/heads/main refs/remotes/main [45ms]
2025-05-09 05:54:48.218 [info] > git cat-file -s c1222e9b28c15d618663b5b2d8ba1254bde1ca4e [89ms]
2025-05-09 05:54:48.221 [info] > git config --get --local branch.main.vscode-merge-base [4ms]
2025-05-09 05:54:48.227 [info] > git config --get commit.template [21ms]
2025-05-09 05:54:48.228 [info] > git config --get commit.template [28ms]
2025-05-09 05:54:48.247 [info] > git for-each-ref --format=%(refname)%00%(upstream:short)%00%(objectname)%00%(upstream:track)%00%(upstream:remotename)%00%(upstream:remoteref) refs/heads/origin/main refs/remotes/origin/main [20ms]
2025-05-09 05:54:48.689 [info] > git merge-base refs/heads/main refs/remotes/origin/main [436ms]
2025-05-09 05:54:48.699 [info] > git for-each-ref --format=%(refname)%00%(upstream:short)%00%(objectname)%00%(upstream:track)%00%(upstream:remotename)%00%(upstream:remoteref) refs/heads/main refs/remotes/main [453ms]
2025-05-09 05:54:48.699 [info] > git for-each-ref --format=%(refname)%00%(upstream:short)%00%(objectname)%00%(upstream:track)%00%(upstream:remotename)%00%(upstream:remoteref) refs/heads/main refs/remotes/main [459ms]
2025-05-09 05:54:48.780 [warning] [Git][revParse] Unable to read file: ENOENT: no such file or directory, open '/home/ubuntu/TWSThreeTierAppChallenge/.git/refs/remotes/origin/main'
2025-05-09 05:54:48.805 [info] > git diff --name-status -z --diff-filter=ADMR 82f9f7536ce3b1dc989f8342837955da05a44c26...refs/remotes/origin/main [106ms]
2025-05-09 05:54:49.169 [info] > git rev-parse refs/remotes/origin/main [389ms]
2025-05-09 05:54:49.337 [info] > git status -z -uall [159ms]
2025-05-09 05:54:49.338 [info] > git check-ignore -v -z --stdin [49ms]
2025-05-09 05:54:49.340 [info] > git check-ignore -v -z --stdin [42ms]
2025-05-09 05:54:49.346 [info] > git for-each-ref --sort -committerdate --format %(refname)%00%(objectname)%00%(*objectname) [151ms]
2025-05-09 05:54:49.514 [info] > git status -z -uall [133ms]
2025-05-09 05:54:49.514 [info] > git config --get commit.template [116ms]
2025-05-09 05:54:49.514 [info] > git for-each-ref --sort -committerdate --format %(refname)%00%(objectname)%00%(*objectname) [124ms]
2025-05-09 05:54:49.539 [info] > git blame --root --incremental 8fc6ee53db5eb1a6ed8da01ba452749cd3a35ef1 -- manifests/backend/service.yaml [26ms]
2025-05-09 05:54:49.549 [info] > git for-each-ref --format=%(refname)%00%(upstream:short)%00%(objectname)%00%(upstream:track)%00%(upstream:remotename)%00%(upstream:remoteref) refs/heads/main refs/remotes/main [2ms]
2025-05-09 05:54:49.555 [warning] [Git][revParse] Unable to read file: ENOENT: no such file or directory, open '/home/ubuntu/TWSThreeTierAppChallenge/.git/refs/remotes/origin/main'
2025-05-09 05:54:49.563 [info] > git rev-parse refs/remotes/origin/main [9ms]
2025-05-09 05:54:49.577 [info] > git for-each-ref --sort -committerdate --format %(refname)%00%(objectname)%00%(*objectname) [2ms]
2025-05-09 05:54:49.581 [info] > git status -z -uall [12ms]
2025-05-09 05:54:49.925 [info] > git config --get --local branch.main.github-pr-owner-number [218ms]
2025-05-09 05:54:49.925 [warning] [Git][config] git config failed: Failed to execute git
2025-05-09 05:54:50.611 [info] > git config --get --local branch.main.github-pr-owner-number [207ms]
2025-05-09 05:54:50.611 [warning] [Git][config] git config failed: Failed to execute git
2025-05-09 05:54:52.572 [info] > git diff --name-status -z --diff-filter=ADMR @{upstream} [11ms]
2025-05-09 05:54:52.575 [info] > git diff --name-status -z --diff-filter=ADMR 82f9f7536ce3b1dc989f8342837955da05a44c26 [20ms]
2025-05-09 05:56:52.565 [info] > git diff --name-status -z --diff-filter=ADMR 82f9f7536ce3b1dc989f8342837955da05a44c26 [10ms]
2025-05-09 05:56:52.575 [info] > git diff --name-status -z --diff-filter=ADMR @{upstream} [2ms]
2025-05-09 05:56:55.017 [info] > git show --textconv :manifests/backend/deployment.yaml [10ms]
2025-05-09 05:56:55.018 [info] > git ls-files --stage -- manifests/backend/deployment.yaml [2ms]
2025-05-09 05:56:55.029 [info] > git cat-file -s ce67e8044ef35502a1c194f3f335ca4a52c070df [4ms]
2025-05-09 05:56:55.122 [info] > git blame --root --incremental 8fc6ee53db5eb1a6ed8da01ba452749cd3a35ef1 -- manifests/backend/deployment.yaml [3ms]
2025-05-09 05:56:56.627 [info] > git check-ignore -v -z --stdin [25ms]
2025-05-09 05:57:02.553 [info] > git rev-parse --show-toplevel [2ms]
2025-05-09 05:57:02.553 [info] fatal: not a git repository (or any of the parent directories): .git
2025-05-09 05:58:52.565 [info] > git diff --name-status -z --diff-filter=ADMR 82f9f7536ce3b1dc989f8342837955da05a44c26 [10ms]
2025-05-09 05:58:52.575 [info] > git diff --name-status -z --diff-filter=ADMR @{upstream} [2ms]
2025-05-09 06:00:52.565 [info] > git diff --name-status -z --diff-filter=ADMR 82f9f7536ce3b1dc989f8342837955da05a44c26 [10ms]
2025-05-09 06:00:52.576 [info] > git diff --name-status -z --diff-filter=ADMR @{upstream} [2ms]
2025-05-09 06:02:52.564 [info] > git diff --name-status -z --diff-filter=ADMR 82f9f7536ce3b1dc989f8342837955da05a44c26 [9ms]
2025-05-09 06:02:52.576 [info] > git diff --name-status -z --diff-filter=ADMR @{upstream} [3ms]
2025-05-09 06:03:41.578 [info] > git rev-parse --show-toplevel [3ms]
2025-05-09 06:03:41.579 [info] fatal: not a git repository (or any of the parent directories): .git
2025-05-09 06:04:52.565 [info] > git diff --name-status -z --diff-filter=ADMR 82f9f7536ce3b1dc989f8342837955da05a44c26 [10ms]
2025-05-09 06:04:52.575 [info] > git diff --name-status -z --diff-filter=ADMR @{upstream} [3ms]
2025-05-09 06:05:36.723 [info] > git rev-parse --show-toplevel [1ms]
2025-05-09 06:05:36.723 [info] fatal: not a git repository (or any of the parent directories): .git
2025-05-09 06:05:52.363 [info] > git rev-parse --show-toplevel [1ms]
2025-05-09 06:05:52.363 [info] fatal: not a git repository (or any of the parent directories): .git
2025-05-09 06:06:46.728 [info] > git rev-parse --show-toplevel [2ms]
2025-05-09 06:06:46.728 [info] fatal: not a git repository (or any of the parent directories): .git
2025-05-09 06:06:52.566 [info] > git diff --name-status -z --diff-filter=ADMR 82f9f7536ce3b1dc989f8342837955da05a44c26 [10ms]
2025-05-09 06:06:52.575 [info] > git diff --name-status -z --diff-filter=ADMR @{upstream} [2ms]
2025-05-09 06:08:52.565 [info] > git diff --name-status -z --diff-filter=ADMR 82f9f7536ce3b1dc989f8342837955da05a44c26 [9ms]
2025-05-09 06:08:52.575 [info] > git diff --name-status -z --diff-filter=ADMR @{upstream} [2ms]
2025-05-09 06:10:52.571 [info] > git diff --name-status -z --diff-filter=ADMR 82f9f7536ce3b1dc989f8342837955da05a44c26 [9ms]
2025-05-09 06:10:52.583 [info] > git diff --name-status -z --diff-filter=ADMR @{upstream} [1ms]
2025-05-09 06:12:52.567 [info] > git diff --name-status -z --diff-filter=ADMR 82f9f7536ce3b1dc989f8342837955da05a44c26 [10ms]
2025-05-09 06:12:52.576 [info] > git diff --name-status -z --diff-filter=ADMR @{upstream} [2ms]
2025-05-09 06:14:12.956 [info] > git rev-parse --show-toplevel [2ms]
2025-05-09 06:14:12.956 [info] fatal: not a git repository (or any of the parent directories): .git
2025-05-09 06:14:52.567 [info] > git diff --name-status -z --diff-filter=ADMR 82f9f7536ce3b1dc989f8342837955da05a44c26 [10ms]
2025-05-09 06:14:52.578 [info] > git diff --name-status -z --diff-filter=ADMR @{upstream} [3ms]
2025-05-09 06:16:52.566 [info] > git diff --name-status -z --diff-filter=ADMR 82f9f7536ce3b1dc989f8342837955da05a44c26 [9ms]
2025-05-09 06:16:52.575 [info] > git diff --name-status -z --diff-filter=ADMR @{upstream} [2ms]
2025-05-09 06:18:52.567 [info] > git diff --name-status -z --diff-filter=ADMR 82f9f7536ce3b1dc989f8342837955da05a44c26 [10ms]
2025-05-09 06:18:52.576 [info] > git diff --name-status -z --diff-filter=ADMR @{upstream} [2ms]
2025-05-09 06:20:52.568 [info] > git diff --name-status -z --diff-filter=ADMR 82f9f7536ce3b1dc989f8342837955da05a44c26 [10ms]
2025-05-09 06:20:52.578 [info] > git diff --name-status -z --diff-filter=ADMR @{upstream} [2ms]
2025-05-09 06:22:52.569 [info] > git diff --name-status -z --diff-filter=ADMR 82f9f7536ce3b1dc989f8342837955da05a44c26 [9ms]
2025-05-09 06:22:52.580 [info] > git diff --name-status -z --diff-filter=ADMR @{upstream} [2ms]
2025-05-09 06:24:52.570 [info] > git diff --name-status -z --diff-filter=ADMR 82f9f7536ce3b1dc989f8342837955da05a44c26 [10ms]
2025-05-09 06:24:52.580 [info] > git diff --name-status -z --diff-filter=ADMR @{upstream} [2ms]
2025-05-09 06:25:50.361 [info] > git rev-parse --show-toplevel [3ms]
2025-05-09 06:25:50.361 [info] fatal: not a git repository (or any of the parent directories): .git
2025-05-09 06:26:52.571 [info] > git diff --name-status -z --diff-filter=ADMR 82f9f7536ce3b1dc989f8342837955da05a44c26 [9ms]
2025-05-09 06:26:52.582 [info] > git diff --name-status -z --diff-filter=ADMR @{upstream} [2ms]
2025-05-09 06:28:52.572 [info] > git diff --name-status -z --diff-filter=ADMR 82f9f7536ce3b1dc989f8342837955da05a44c26 [10ms]
2025-05-09 06:28:52.582 [info] > git diff --name-status -z --diff-filter=ADMR @{upstream} [1ms]
2025-05-09 06:30:52.573 [info] > git diff --name-status -z --diff-filter=ADMR 82f9f7536ce3b1dc989f8342837955da05a44c26 [10ms]
2025-05-09 06:30:52.584 [info] > git diff --name-status -z --diff-filter=ADMR @{upstream} [2ms]
2025-05-09 06:32:52.574 [info] > git diff --name-status -z --diff-filter=ADMR 82f9f7536ce3b1dc989f8342837955da05a44c26 [10ms]
2025-05-09 06:32:52.585 [info] > git diff --name-status -z --diff-filter=ADMR @{upstream} [2ms]
2025-05-09 06:34:52.574 [info] > git diff --name-status -z --diff-filter=ADMR 82f9f7536ce3b1dc989f8342837955da05a44c26 [9ms]
2025-05-09 06:34:52.585 [info] > git diff --name-status -z --diff-filter=ADMR @{upstream} [2ms]
2025-05-09 06:36:52.575 [info] > git diff --name-status -z --diff-filter=ADMR 82f9f7536ce3b1dc989f8342837955da05a44c26 [10ms]
2025-05-09 06:36:52.585 [info] > git diff --name-status -z --diff-filter=ADMR @{upstream} [2ms]
2025-05-09 06:38:52.576 [info] > git diff --name-status -z --diff-filter=ADMR 82f9f7536ce3b1dc989f8342837955da05a44c26 [10ms]
2025-05-09 06:38:52.588 [info] > git diff --name-status -z --diff-filter=ADMR @{upstream} [3ms]
2025-05-09 06:40:52.578 [info] > git diff --name-status -z --diff-filter=ADMR 82f9f7536ce3b1dc989f8342837955da05a44c26 [9ms]
2025-05-09 06:40:52.589 [info] > git diff --name-status -z --diff-filter=ADMR @{upstream} [2ms]
2025-05-09 06:42:52.578 [info] > git diff --name-status -z --diff-filter=ADMR 82f9f7536ce3b1dc989f8342837955da05a44c26 [10ms]
2025-05-09 06:42:52.587 [info] > git diff --name-status -z --diff-filter=ADMR @{upstream} [2ms]
2025-05-09 06:44:52.578 [info] > git diff --name-status -z --diff-filter=ADMR 82f9f7536ce3b1dc989f8342837955da05a44c26 [10ms]
2025-05-09 06:44:52.588 [info] > git diff --name-status -z --diff-filter=ADMR @{upstream} [1ms]
2025-05-09 06:46:52.579 [info] > git diff --name-status -z --diff-filter=ADMR 82f9f7536ce3b1dc989f8342837955da05a44c26 [10ms]
2025-05-09 06:46:52.589 [info] > git diff --name-status -z --diff-filter=ADMR @{upstream} [2ms]
2025-05-09 06:48:52.580 [info] > git diff --name-status -z --diff-filter=ADMR 82f9f7536ce3b1dc989f8342837955da05a44c26 [10ms]
2025-05-09 06:48:52.590 [info] > git diff --name-status -z --diff-filter=ADMR @{upstream} [2ms]
2025-05-09 06:50:00.574 [info] > git rev-parse --show-toplevel [2ms]
2025-05-09 06:50:00.574 [info] fatal: not a git repository (or any of the parent directories): .git
2025-05-09 06:50:52.580 [info] > git diff --name-status -z --diff-filter=ADMR 82f9f7536ce3b1dc989f8342837955da05a44c26 [10ms]
2025-05-09 06:50:52.589 [info] > git diff --name-status -z --diff-filter=ADMR @{upstream} [2ms]
2025-05-09 06:50:54.027 [info] > git rev-parse --show-toplevel [1ms]
2025-05-09 06:50:54.027 [info] fatal: not a git repository (or any of the parent directories): .git
2025-05-09 06:52:52.580 [info] > git diff --name-status -z --diff-filter=ADMR 82f9f7536ce3b1dc989f8342837955da05a44c26 [10ms]
2025-05-09 06:52:52.590 [info] > git diff --name-status -z --diff-filter=ADMR @{upstream} [2ms]
2025-05-09 06:54:52.581 [info] > git diff --name-status -z --diff-filter=ADMR 82f9f7536ce3b1dc989f8342837955da05a44c26 [10ms]
2025-05-09 06:54:52.590 [info] > git diff --name-status -z --diff-filter=ADMR @{upstream} [2ms]
2025-05-09 06:56:52.581 [info] > git diff --name-status -z --diff-filter=ADMR 82f9f7536ce3b1dc989f8342837955da05a44c26 [9ms]
2025-05-09 06:56:52.590 [info] > git diff --name-status -z --diff-filter=ADMR @{upstream} [2ms]
2025-05-09 06:58:52.582 [info] > git diff --name-status -z --diff-filter=ADMR 82f9f7536ce3b1dc989f8342837955da05a44c26 [9ms]
2025-05-09 06:58:52.593 [info] > git diff --name-status -z --diff-filter=ADMR @{upstream} [2ms]
2025-05-09 06:58:58.942 [info] > git rev-parse --show-toplevel [2ms]
2025-05-09 06:58:58.942 [info] fatal: not a git repository (or any of the parent directories): .git
2025-05-09 07:00:52.583 [info] > git diff --name-status -z --diff-filter=ADMR 82f9f7536ce3b1dc989f8342837955da05a44c26 [10ms]
2025-05-09 07:00:52.595 [info] > git diff --name-status -z --diff-filter=ADMR @{upstream} [2ms]
2025-05-09 07:01:15.567 [info] > git rev-parse --show-toplevel [2ms]
2025-05-09 07:01:15.567 [info] fatal: not a git repository (or any of the parent directories): .git
2025-05-09 07:01:21.409 [info] > git rev-parse --show-toplevel [2ms]
2025-05-09 07:01:21.409 [info] fatal: not a git repository (or any of the parent directories): .git
2025-05-09 07:02:47.042 [info] > git rev-parse --show-toplevel [2ms]
2025-05-09 07:02:47.042 [info] fatal: not a git repository (or any of the parent directories): .git
2025-05-09 07:02:52.583 [info] > git diff --name-status -z --diff-filter=ADMR 82f9f7536ce3b1dc989f8342837955da05a44c26 [10ms]
2025-05-09 07:02:52.594 [info] > git diff --name-status -z --diff-filter=ADMR @{upstream} [2ms]
2025-05-09 07:04:39.960 [info] > git rev-parse --show-toplevel [1ms]
2025-05-09 07:04:39.960 [info] fatal: not a git repository (or any of the parent directories): .git
2025-05-09 07:04:44.312 [info] > git rev-parse --show-toplevel [1ms]
2025-05-09 07:04:44.312 [info] fatal: not a git repository (or any of the parent directories): .git
2025-05-09 07:04:52.584 [info] > git diff --name-status -z --diff-filter=ADMR 82f9f7536ce3b1dc989f8342837955da05a44c26 [10ms]
2025-05-09 07:04:52.594 [info] > git diff --name-status -z --diff-filter=ADMR @{upstream} [2ms]
2025-05-09 07:05:13.087 [info] > git rev-parse --show-toplevel [1ms]
2025-05-09 07:05:13.087 [info] fatal: not a git repository (or any of the parent directories): .git
2025-05-09 07:05:16.336 [info] > git rev-parse --show-toplevel [3ms]
2025-05-09 07:05:16.336 [info] fatal: not a git repository (or any of the parent directories): .git
2025-05-09 07:05:22.020 [info] > git rev-parse --show-toplevel [1ms]
2025-05-09 07:05:22.020 [info] fatal: not a git repository (or any of the parent directories): .git
2025-05-09 07:06:52.584 [info] > git diff --name-status -z --diff-filter=ADMR 82f9f7536ce3b1dc989f8342837955da05a44c26 [9ms]
2025-05-09 07:06:52.593 [info] > git diff --name-status -z --diff-filter=ADMR @{upstream} [2ms]
2025-05-09 07:08:52.584 [info] > git diff --name-status -z --diff-filter=ADMR 82f9f7536ce3b1dc989f8342837955da05a44c26 [9ms]
2025-05-09 07:08:52.594 [info] > git diff --name-status -z --diff-filter=ADMR @{upstream} [2ms]
2025-05-09 07:10:52.585 [info] > git diff --name-status -z --diff-filter=ADMR 82f9f7536ce3b1dc989f8342837955da05a44c26 [10ms]
2025-05-09 07:10:52.597 [info] > git diff --name-status -z --diff-filter=ADMR @{upstream} [2ms]
2025-05-09 07:12:52.586 [info] > git diff --name-status -z --diff-filter=ADMR 82f9f7536ce3b1dc989f8342837955da05a44c26 [10ms]
2025-05-09 07:12:52.596 [info] > git diff --name-status -z --diff-filter=ADMR @{upstream} [2ms]
2025-05-09 07:14:52.587 [info] > git diff --name-status -z --diff-filter=ADMR 82f9f7536ce3b1dc989f8342837955da05a44c26 [10ms]
2025-05-09 07:14:52.596 [info] > git diff --name-status -z --diff-filter=ADMR @{upstream} [2ms]
2025-05-09 07:16:52.589 [info] > git diff --name-status -z --diff-filter=ADMR 82f9f7536ce3b1dc989f8342837955da05a44c26 [10ms]
2025-05-09 07:16:52.598 [info] > git diff --name-status -z --diff-filter=ADMR @{upstream} [2ms]
2025-05-09 07:18:52.589 [info] > git diff --name-status -z --diff-filter=ADMR 82f9f7536ce3b1dc989f8342837955da05a44c26 [10ms]
2025-05-09 07:18:52.599 [info] > git diff --name-status -z --diff-filter=ADMR @{upstream} [2ms]
2025-05-09 07:20:52.589 [info] > git diff --name-status -z --diff-filter=ADMR 82f9f7536ce3b1dc989f8342837955da05a44c26 [10ms]
2025-05-09 07:20:52.602 [info] > git diff --name-status -z --diff-filter=ADMR @{upstream} [2ms]
2025-05-09 07:22:52.590 [info] > git diff --name-status -z --diff-filter=ADMR 82f9f7536ce3b1dc989f8342837955da05a44c26 [10ms]
2025-05-09 07:22:52.602 [info] > git diff --name-status -z --diff-filter=ADMR @{upstream} [2ms]
2025-05-09 07:24:52.590 [info] > git diff --name-status -z --diff-filter=ADMR 82f9f7536ce3b1dc989f8342837955da05a44c26 [10ms]
2025-05-09 07:24:52.601 [info] > git diff --name-status -z --diff-filter=ADMR @{upstream} [2ms]
2025-05-09 07:26:52.591 [info] > git diff --name-status -z --diff-filter=ADMR 82f9f7536ce3b1dc989f8342837955da05a44c26 [10ms]
2025-05-09 07:26:52.600 [info] > git diff --name-status -z --diff-filter=ADMR @{upstream} [2ms]
2025-05-09 07:28:52.592 [info] > git diff --name-status -z --diff-filter=ADMR 82f9f7536ce3b1dc989f8342837955da05a44c26 [10ms]
2025-05-09 07:28:52.602 [info] > git diff --name-status -z --diff-filter=ADMR @{upstream} [2ms]
2025-05-09 07:30:52.593 [info] > git diff --name-status -z --diff-filter=ADMR 82f9f7536ce3b1dc989f8342837955da05a44c26 [10ms]
2025-05-09 07:30:52.603 [info] > git diff --name-status -z --diff-filter=ADMR @{upstream} [2ms]
2025-05-09 07:32:52.594 [info] > git diff --name-status -z --diff-filter=ADMR 82f9f7536ce3b1dc989f8342837955da05a44c26 [10ms]
2025-05-09 07:32:52.606 [info] > git diff --name-status -z --diff-filter=ADMR @{upstream} [2ms]
2025-05-09 07:34:52.594 [info] > git diff --name-status -z --diff-filter=ADMR 82f9f7536ce3b1dc989f8342837955da05a44c26 [10ms]
2025-05-09 07:34:52.605 [info] > git diff --name-status -z --diff-filter=ADMR @{upstream} [2ms]
2025-05-09 07:36:52.594 [info] > git diff --name-status -z --diff-filter=ADMR 82f9f7536ce3b1dc989f8342837955da05a44c26 [9ms]
2025-05-09 07:36:52.604 [info] > git diff --name-status -z --diff-filter=ADMR @{upstream} [2ms]
2025-05-09 07:38:23.353 [info] > git rev-parse --show-toplevel [1ms]
2025-05-09 07:38:23.353 [info] fatal: not a git repository (or any of the parent directories): .git
2025-05-09 07:38:52.595 [info] > git diff --name-status -z --diff-filter=ADMR 82f9f7536ce3b1dc989f8342837955da05a44c26 [9ms]
2025-05-09 07:38:52.606 [info] > git diff --name-status -z --diff-filter=ADMR @{upstream} [2ms]
2025-05-09 07:40:52.595 [info] > git diff --name-status -z --diff-filter=ADMR 82f9f7536ce3b1dc989f8342837955da05a44c26 [9ms]
2025-05-09 07:40:52.607 [info] > git diff --name-status -z --diff-filter=ADMR @{upstream} [2ms]
2025-05-09 07:41:07.941 [info] > git rev-parse --show-toplevel [1ms]
2025-05-09 07:41:07.941 [info] fatal: not a git repository (or any of the parent directories): .git
2025-05-09 07:42:19.972 [info] > git rev-parse --show-toplevel [2ms]
2025-05-09 07:42:19.972 [info] fatal: not a git repository (or any of the parent directories): .git
2025-05-09 07:42:52.595 [info] > git diff --name-status -z --diff-filter=ADMR 82f9f7536ce3b1dc989f8342837955da05a44c26 [9ms]
2025-05-09 07:42:52.607 [info] > git diff --name-status -z --diff-filter=ADMR @{upstream} [2ms]
2025-05-09 07:43:35.289 [info] > git rev-parse --show-toplevel [1ms]
2025-05-09 07:43:35.289 [info] fatal: not a git repository (or any of the parent directories): .git
2025-05-09 07:44:52.596 [info] > git diff --name-status -z --diff-filter=ADMR 82f9f7536ce3b1dc989f8342837955da05a44c26 [10ms]
2025-05-09 07:44:52.607 [info] > git diff --name-status -z --diff-filter=ADMR @{upstream} [3ms]
2025-05-09 07:45:31.939 [info] > git rev-parse --show-toplevel [2ms]
2025-05-09 07:45:31.939 [info] fatal: not a git repository (or any of the parent directories): .git
2025-05-09 07:46:52.596 [info] > git diff --name-status -z --diff-filter=ADMR 82f9f7536ce3b1dc989f8342837955da05a44c26 [10ms]
2025-05-09 07:46:52.607 [info] > git diff --name-status -z --diff-filter=ADMR @{upstream} [2ms]
2025-05-09 07:48:52.597 [info] > git diff --name-status -z --diff-filter=ADMR 82f9f7536ce3b1dc989f8342837955da05a44c26 [10ms]
2025-05-09 07:48:52.608 [info] > git diff --name-status -z --diff-filter=ADMR @{upstream} [2ms]
2025-05-09 07:50:52.598 [info] > git diff --name-status -z --diff-filter=ADMR 82f9f7536ce3b1dc989f8342837955da05a44c26 [9ms]
2025-05-09 07:50:52.609 [info] > git diff --name-status -z --diff-filter=ADMR @{upstream} [2ms]
2025-05-09 07:52:52.599 [info] > git diff --name-status -z --diff-filter=ADMR 82f9f7536ce3b1dc989f8342837955da05a44c26 [9ms]
2025-05-09 07:52:52.610 [info] > git diff --name-status -z --diff-filter=ADMR @{upstream} [3ms]
2025-05-09 07:54:52.599 [info] > git diff --name-status -z --diff-filter=ADMR 82f9f7536ce3b1dc989f8342837955da05a44c26 [10ms]
2025-05-09 07:54:52.610 [info] > git diff --name-status -z --diff-filter=ADMR @{upstream} [3ms]
2025-05-09 07:56:52.600 [info] > git diff --name-status -z --diff-filter=ADMR 82f9f7536ce3b1dc989f8342837955da05a44c26 [10ms]
2025-05-09 07:56:52.613 [info] > git diff --name-status -z --diff-filter=ADMR @{upstream} [1ms]
2025-05-09 07:58:52.600 [info] > git diff --name-status -z --diff-filter=ADMR 82f9f7536ce3b1dc989f8342837955da05a44c26 [10ms]
2025-05-09 07:58:52.611 [info] > git diff --name-status -z --diff-filter=ADMR @{upstream} [2ms]
2025-05-09 08:00:52.601 [info] > git diff --name-status -z --diff-filter=ADMR 82f9f7536ce3b1dc989f8342837955da05a44c26 [9ms]
2025-05-09 08:00:52.612 [info] > git diff --name-status -z --diff-filter=ADMR @{upstream} [2ms]
2025-05-09 08:02:52.602 [info] > git diff --name-status -z --diff-filter=ADMR 82f9f7536ce3b1dc989f8342837955da05a44c26 [10ms]
2025-05-09 08:02:52.614 [info] > git diff --name-status -z --diff-filter=ADMR @{upstream} [2ms]
2025-05-09 08:04:52.602 [info] > git diff --name-status -z --diff-filter=ADMR 82f9f7536ce3b1dc989f8342837955da05a44c26 [10ms]
2025-05-09 08:04:52.613 [info] > git diff --name-status -z --diff-filter=ADMR @{upstream} [2ms]
2025-05-09 08:06:52.603 [info] > git diff --name-status -z --diff-filter=ADMR 82f9f7536ce3b1dc989f8342837955da05a44c26 [9ms]
2025-05-09 08:06:52.615 [info] > git diff --name-status -z --diff-filter=ADMR @{upstream} [3ms]
2025-05-09 08:08:52.603 [info] > git diff --name-status -z --diff-filter=ADMR 82f9f7536ce3b1dc989f8342837955da05a44c26 [10ms]
2025-05-09 08:08:52.614 [info] > git diff --name-status -z --diff-filter=ADMR @{upstream} [2ms]
2025-05-09 08:10:52.603 [info] > git diff --name-status -z --diff-filter=ADMR 82f9f7536ce3b1dc989f8342837955da05a44c26 [10ms]
2025-05-09 08:10:52.615 [info] > git diff --name-status -z --diff-filter=ADMR @{upstream} [3ms]
2025-05-09 08:12:52.603 [info] > git diff --name-status -z --diff-filter=ADMR 82f9f7536ce3b1dc989f8342837955da05a44c26 [10ms]
2025-05-09 08:12:52.614 [info] > git diff --name-status -z --diff-filter=ADMR @{upstream} [2ms]
2025-05-09 08:14:52.603 [info] > git diff --name-status -z --diff-filter=ADMR 82f9f7536ce3b1dc989f8342837955da05a44c26 [10ms]
2025-05-09 08:14:52.614 [info] > git diff --name-status -z --diff-filter=ADMR @{upstream} [2ms]
2025-05-09 08:16:52.603 [info] > git diff --name-status -z --diff-filter=ADMR 82f9f7536ce3b1dc989f8342837955da05a44c26 [9ms]
2025-05-09 08:16:52.615 [info] > git diff --name-status -z --diff-filter=ADMR @{upstream} [2ms]
2025-05-09 08:18:52.606 [info] > git diff --name-status -z --diff-filter=ADMR 82f9f7536ce3b1dc989f8342837955da05a44c26 [9ms]
2025-05-09 08:18:52.617 [info] > git diff --name-status -z --diff-filter=ADMR @{upstream} [2ms]
2025-05-09 08:20:52.605 [info] > git diff --name-status -z --diff-filter=ADMR 82f9f7536ce3b1dc989f8342837955da05a44c26 [9ms]
2025-05-09 08:20:52.616 [info] > git diff --name-status -z --diff-filter=ADMR @{upstream} [2ms]
2025-05-09 08:22:52.606 [info] > git diff --name-status -z --diff-filter=ADMR 82f9f7536ce3b1dc989f8342837955da05a44c26 [9ms]
2025-05-09 08:22:52.618 [info] > git diff --name-status -z --diff-filter=ADMR @{upstream} [2ms]
2025-05-09 08:24:52.605 [info] > git diff --name-status -z --diff-filter=ADMR 82f9f7536ce3b1dc989f8342837955da05a44c26 [10ms]
2025-05-09 08:24:52.616 [info] > git diff --name-status -z --diff-filter=ADMR @{upstream} [2ms]
2025-05-09 08:26:52.606 [info] > git diff --name-status -z --diff-filter=ADMR 82f9f7536ce3b1dc989f8342837955da05a44c26 [10ms]
2025-05-09 08:26:52.618 [info] > git diff --name-status -z --diff-filter=ADMR @{upstream} [2ms]
2025-05-09 08:28:52.607 [info] > git diff --name-status -z --diff-filter=ADMR 82f9f7536ce3b1dc989f8342837955da05a44c26 [10ms]
2025-05-09 08:28:52.619 [info] > git diff --name-status -z --diff-filter=ADMR @{upstream} [2ms]
2025-05-09 08:30:52.608 [info] > git diff --name-status -z --diff-filter=ADMR 82f9f7536ce3b1dc989f8342837955da05a44c26 [10ms]
2025-05-09 08:30:52.619 [info] > git diff --name-status -z --diff-filter=ADMR @{upstream} [2ms]
2025-05-09 08:32:52.608 [info] > git diff --name-status -z --diff-filter=ADMR 82f9f7536ce3b1dc989f8342837955da05a44c26 [10ms]
2025-05-09 08:32:52.620 [info] > git diff --name-status -z --diff-filter=ADMR @{upstream} [3ms]
2025-05-09 08:34:52.609 [info] > git diff --name-status -z --diff-filter=ADMR 82f9f7536ce3b1dc989f8342837955da05a44c26 [10ms]
2025-05-09 08:34:52.620 [info] > git diff --name-status -z --diff-filter=ADMR @{upstream} [3ms]
2025-05-09 08:36:52.609 [info] > git diff --name-status -z --diff-filter=ADMR 82f9f7536ce3b1dc989f8342837955da05a44c26 [10ms]
2025-05-09 08:36:52.620 [info] > git diff --name-status -z --diff-filter=ADMR @{upstream} [2ms]
2025-05-09 08:38:52.610 [info] > git diff --name-status -z --diff-filter=ADMR 82f9f7536ce3b1dc989f8342837955da05a44c26 [10ms]
2025-05-09 08:38:52.622 [info] > git diff --name-status -z --diff-filter=ADMR @{upstream} [3ms]
2025-05-09 08:40:52.610 [info] > git diff --name-status -z --diff-filter=ADMR 82f9f7536ce3b1dc989f8342837955da05a44c26 [10ms]
2025-05-09 08:40:52.621 [info] > git diff --name-status -z --diff-filter=ADMR @{upstream} [2ms]
2025-05-09 08:42:52.612 [info] > git diff --name-status -z --diff-filter=ADMR 82f9f7536ce3b1dc989f8342837955da05a44c26 [9ms]
2025-05-09 08:42:52.622 [info] > git diff --name-status -z --diff-filter=ADMR @{upstream} [2ms]
2025-05-09 08:44:08.746 [info] > git rev-parse --show-toplevel [2ms]
2025-05-09 08:44:08.746 [info] fatal: not a git repository (or any of the parent directories): .git
2025-05-09 08:44:25.107 [info] > git rev-parse --show-toplevel [1ms]
2025-05-09 08:44:25.107 [info] fatal: not a git repository (or any of the parent directories): .git
2025-05-09 08:44:52.612 [info] > git diff --name-status -z --diff-filter=ADMR 82f9f7536ce3b1dc989f8342837955da05a44c26 [9ms]
2025-05-09 08:44:52.625 [info] > git diff --name-status -z --diff-filter=ADMR @{upstream} [2ms]
2025-05-09 08:46:28.827 [info] > git rev-parse --show-toplevel [2ms]
2025-05-09 08:46:28.827 [info] fatal: not a git repository (or any of the parent directories): .git
2025-05-09 08:46:52.613 [info] > git diff --name-status -z --diff-filter=ADMR 82f9f7536ce3b1dc989f8342837955da05a44c26 [10ms]
2025-05-09 08:46:52.626 [info] > git diff --name-status -z --diff-filter=ADMR @{upstream} [3ms]
2025-05-09 08:46:52.809 [info] > git rev-parse --show-toplevel [1ms]
2025-05-09 08:46:52.810 [info] fatal: not a git repository (or any of the parent directories): .git
2025-05-09 08:46:59.116 [info] > git rev-parse --show-toplevel [2ms]
2025-05-09 08:46:59.116 [info] fatal: not a git repository (or any of the parent directories): .git
2025-05-09 08:46:59.900 [info] > git rev-parse --show-toplevel [2ms]
2025-05-09 08:46:59.900 [info] fatal: not a git repository (or any of the parent directories): .git
2025-05-09 08:48:52.614 [info] > git diff --name-status -z --diff-filter=ADMR 82f9f7536ce3b1dc989f8342837955da05a44c26 [10ms]
2025-05-09 08:48:52.625 [info] > git diff --name-status -z --diff-filter=ADMR @{upstream} [2ms]
2025-05-09 08:50:52.616 [info] > git diff --name-status -z --diff-filter=ADMR 82f9f7536ce3b1dc989f8342837955da05a44c26 [10ms]
2025-05-09 08:50:52.628 [info] > git diff --name-status -z --diff-filter=ADMR @{upstream} [3ms]
2025-05-09 08:52:52.621 [info] > git diff --name-status -z --diff-filter=ADMR 82f9f7536ce3b1dc989f8342837955da05a44c26 [11ms]
2025-05-09 08:52:52.634 [info] > git diff --name-status -z --diff-filter=ADMR @{upstream} [2ms]
2025-05-09 08:53:35.454 [info] > git rev-parse --show-toplevel [1ms]
2025-05-09 08:53:35.455 [info] fatal: not a git repository (or any of the parent directories): .git
2025-05-09 08:54:35.178 [info] > git rev-parse --show-toplevel [2ms]
2025-05-09 08:54:35.178 [info] fatal: not a git repository (or any of the parent directories): .git
2025-05-09 08:54:52.615 [info] > git diff --name-status -z --diff-filter=ADMR 82f9f7536ce3b1dc989f8342837955da05a44c26 [10ms]
2025-05-09 08:54:52.628 [info] > git diff --name-status -z --diff-filter=ADMR @{upstream} [2ms]
2025-05-09 08:56:15.934 [info] > git rev-parse --show-toplevel [1ms]
2025-05-09 08:56:15.934 [info] fatal: not a git repository (or any of the parent directories): .git
2025-05-09 08:56:52.616 [info] > git diff --name-status -z --diff-filter=ADMR 82f9f7536ce3b1dc989f8342837955da05a44c26 [8ms]
2025-05-09 08:56:52.627 [info] > git diff --name-status -z --diff-filter=ADMR @{upstream} [2ms]
2025-05-09 08:58:52.616 [info] > git diff --name-status -z --diff-filter=ADMR 82f9f7536ce3b1dc989f8342837955da05a44c26 [10ms]
2025-05-09 08:58:52.626 [info] > git diff --name-status -z --diff-filter=ADMR @{upstream} [2ms]
2025-05-09 09:00:52.618 [info] > git diff --name-status -z --diff-filter=ADMR 82f9f7536ce3b1dc989f8342837955da05a44c26 [9ms]
2025-05-09 09:00:52.629 [info] > git diff --name-status -z --diff-filter=ADMR @{upstream} [2ms]
2025-05-09 09:02:52.619 [info] > git diff --name-status -z --diff-filter=ADMR 82f9f7536ce3b1dc989f8342837955da05a44c26 [10ms]
2025-05-09 09:02:52.630 [info] > git diff --name-status -z --diff-filter=ADMR @{upstream} [2ms]
2025-05-09 09:04:52.620 [info] > git diff --name-status -z --diff-filter=ADMR 82f9f7536ce3b1dc989f8342837955da05a44c26 [10ms]
2025-05-09 09:04:52.631 [info] > git diff --name-status -z --diff-filter=ADMR @{upstream} [2ms]
2025-05-09 09:06:52.622 [info] > git diff --name-status -z --diff-filter=ADMR 82f9f7536ce3b1dc989f8342837955da05a44c26 [10ms]
2025-05-09 09:06:52.633 [info] > git diff --name-status -z --diff-filter=ADMR @{upstream} [2ms]
2025-05-09 09:08:52.622 [info] > git diff --name-status -z --diff-filter=ADMR 82f9f7536ce3b1dc989f8342837955da05a44c26 [10ms]
2025-05-09 09:08:52.633 [info] > git diff --name-status -z --diff-filter=ADMR @{upstream} [2ms]
2025-05-09 09:10:52.624 [info] > git diff --name-status -z --diff-filter=ADMR 82f9f7536ce3b1dc989f8342837955da05a44c26 [10ms]
2025-05-09 09:10:52.635 [info] > git diff --name-status -z --diff-filter=ADMR @{upstream} [2ms]
2025-05-09 09:12:52.624 [info] > git diff --name-status -z --diff-filter=ADMR 82f9f7536ce3b1dc989f8342837955da05a44c26 [10ms]
2025-05-09 09:12:52.635 [info] > git diff --name-status -z --diff-filter=ADMR @{upstream} [2ms]
2025-05-09 09:14:52.626 [info] > git diff --name-status -z --diff-filter=ADMR 82f9f7536ce3b1dc989f8342837955da05a44c26 [10ms]
2025-05-09 09:14:52.638 [info] > git diff --name-status -z --diff-filter=ADMR @{upstream} [3ms]
2025-05-09 09:16:52.626 [info] > git diff --name-status -z --diff-filter=ADMR 82f9f7536ce3b1dc989f8342837955da05a44c26 [10ms]
2025-05-09 09:16:52.636 [info] > git diff --name-status -z --diff-filter=ADMR @{upstream} [2ms]
2025-05-09 09:18:52.625 [info] > git diff --name-status -z --diff-filter=ADMR 82f9f7536ce3b1dc989f8342837955da05a44c26 [10ms]
2025-05-09 09:18:52.636 [info] > git diff --name-status -z --diff-filter=ADMR @{upstream} [2ms]
2025-05-09 09:20:52.626 [info] > git diff --name-status -z --diff-filter=ADMR 82f9f7536ce3b1dc989f8342837955da05a44c26 [9ms]
2025-05-09 09:20:52.637 [info] > git diff --name-status -z --diff-filter=ADMR @{upstream} [2ms]
2025-05-09 09:22:52.627 [info] > git diff --name-status -z --diff-filter=ADMR 82f9f7536ce3b1dc989f8342837955da05a44c26 [10ms]
2025-05-09 09:22:52.637 [info] > git diff --name-status -z --diff-filter=ADMR @{upstream} [3ms]
2025-05-09 09:24:52.628 [info] > git diff --name-status -z --diff-filter=ADMR 82f9f7536ce3b1dc989f8342837955da05a44c26 [10ms]
2025-05-09 09:24:52.639 [info] > git diff --name-status -z --diff-filter=ADMR @{upstream} [2ms]
2025-05-09 09:26:52.629 [info] > git diff --name-status -z --diff-filter=ADMR 82f9f7536ce3b1dc989f8342837955da05a44c26 [10ms]
2025-05-09 09:26:52.639 [info] > git diff --name-status -z --diff-filter=ADMR @{upstream} [2ms]
2025-05-09 09:28:52.631 [info] > git diff --name-status -z --diff-filter=ADMR 82f9f7536ce3b1dc989f8342837955da05a44c26 [10ms]
2025-05-09 09:28:52.643 [info] > git diff --name-status -z --diff-filter=ADMR @{upstream} [2ms]
2025-05-09 09:30:52.632 [info] > git diff --name-status -z --diff-filter=ADMR 82f9f7536ce3b1dc989f8342837955da05a44c26 [10ms]
2025-05-09 09:30:52.644 [info] > git diff --name-status -z --diff-filter=ADMR @{upstream} [3ms]
2025-05-09 09:32:52.633 [info] > git diff --name-status -z --diff-filter=ADMR 82f9f7536ce3b1dc989f8342837955da05a44c26 [10ms]
2025-05-09 09:32:52.645 [info] > git diff --name-status -z --diff-filter=ADMR @{upstream} [2ms]
2025-05-09 09:34:52.634 [info] > git diff --name-status -z --diff-filter=ADMR 82f9f7536ce3b1dc989f8342837955da05a44c26 [10ms]
2025-05-09 09:34:52.646 [info] > git diff --name-status -z --diff-filter=ADMR @{upstream} [2ms]
2025-05-09 09:36:52.635 [info] > git diff --name-status -z --diff-filter=ADMR 82f9f7536ce3b1dc989f8342837955da05a44c26 [10ms]
2025-05-09 09:36:52.646 [info] > git diff --name-status -z --diff-filter=ADMR @{upstream} [2ms]
2025-05-09 09:38:52.635 [info] > git diff --name-status -z --diff-filter=ADMR 82f9f7536ce3b1dc989f8342837955da05a44c26 [9ms]
2025-05-09 09:38:52.646 [info] > git diff --name-status -z --diff-filter=ADMR @{upstream} [2ms]
2025-05-09 09:40:52.638 [info] > git diff --name-status -z --diff-filter=ADMR 82f9f7536ce3b1dc989f8342837955da05a44c26 [10ms]
2025-05-09 09:40:52.649 [info] > git diff --name-status -z --diff-filter=ADMR @{upstream} [2ms]
2025-05-09 09:42:52.638 [info] > git diff --name-status -z --diff-filter=ADMR 82f9f7536ce3b1dc989f8342837955da05a44c26 [10ms]
2025-05-09 09:42:52.648 [info] > git diff --name-status -z --diff-filter=ADMR @{upstream} [2ms]
2025-05-09 09:44:52.639 [info] > git diff --name-status -z --diff-filter=ADMR 82f9f7536ce3b1dc989f8342837955da05a44c26 [9ms]
2025-05-09 09:44:52.649 [info] > git diff --name-status -z --diff-filter=ADMR @{upstream} [2ms]
2025-05-09 09:46:52.640 [info] > git diff --name-status -z --diff-filter=ADMR 82f9f7536ce3b1dc989f8342837955da05a44c26 [10ms]
2025-05-09 09:46:52.651 [info] > git diff --name-status -z --diff-filter=ADMR @{upstream} [2ms]
2025-05-09 09:48:52.642 [info] > git diff --name-status -z --diff-filter=ADMR 82f9f7536ce3b1dc989f8342837955da05a44c26 [10ms]
2025-05-09 09:48:52.652 [info] > git diff --name-status -z --diff-filter=ADMR @{upstream} [2ms]
2025-05-09 09:50:52.642 [info] > git diff --name-status -z --diff-filter=ADMR 82f9f7536ce3b1dc989f8342837955da05a44c26 [10ms]
2025-05-09 09:50:52.654 [info] > git diff --name-status -z --diff-filter=ADMR @{upstream} [2ms]
2025-05-09 09:52:52.643 [info] > git diff --name-status -z --diff-filter=ADMR 82f9f7536ce3b1dc989f8342837955da05a44c26 [10ms]
2025-05-09 09:52:52.653 [info] > git diff --name-status -z --diff-filter=ADMR @{upstream} [2ms]
2025-05-09 09:54:52.645 [info] > git diff --name-status -z --diff-filter=ADMR 82f9f7536ce3b1dc989f8342837955da05a44c26 [10ms]
2025-05-09 09:54:52.656 [info] > git diff --name-status -z --diff-filter=ADMR @{upstream} [2ms]
2025-05-09 09:56:52.645 [info] > git diff --name-status -z --diff-filter=ADMR 82f9f7536ce3b1dc989f8342837955da05a44c26 [10ms]
2025-05-09 09:56:52.655 [info] > git diff --name-status -z --diff-filter=ADMR @{upstream} [2ms]
2025-05-09 09:58:52.647 [info] > git diff --name-status -z --diff-filter=ADMR 82f9f7536ce3b1dc989f8342837955da05a44c26 [10ms]
2025-05-09 09:58:52.657 [info] > git diff --name-status -z --diff-filter=ADMR @{upstream} [2ms]
2025-05-09 10:00:52.648 [info] > git diff --name-status -z --diff-filter=ADMR 82f9f7536ce3b1dc989f8342837955da05a44c26 [10ms]
2025-05-09 10:00:52.660 [info] > git diff --name-status -z --diff-filter=ADMR @{upstream} [2ms]
2025-05-09 10:02:52.649 [info] > git diff --name-status -z --diff-filter=ADMR 82f9f7536ce3b1dc989f8342837955da05a44c26 [10ms]
2025-05-09 10:02:52.662 [info] > git diff --name-status -z --diff-filter=ADMR @{upstream} [3ms]
2025-05-09 10:04:52.649 [info] > git diff --name-status -z --diff-filter=ADMR 82f9f7536ce3b1dc989f8342837955da05a44c26 [10ms]
2025-05-09 10:04:52.661 [info] > git diff --name-status -z --diff-filter=ADMR @{upstream} [2ms]
2025-05-09 10:06:52.651 [info] > git diff --name-status -z --diff-filter=ADMR 82f9f7536ce3b1dc989f8342837955da05a44c26 [10ms]
2025-05-09 10:06:52.662 [info] > git diff --name-status -z --diff-filter=ADMR @{upstream} [2ms]
2025-05-09 10:08:52.651 [info] > git diff --name-status -z --diff-filter=ADMR 82f9f7536ce3b1dc989f8342837955da05a44c26 [10ms]
2025-05-09 10:08:52.663 [info] > git diff --name-status -z --diff-filter=ADMR @{upstream} [3ms]
2025-05-09 10:10:52.653 [info] > git diff --name-status -z --diff-filter=ADMR 82f9f7536ce3b1dc989f8342837955da05a44c26 [10ms]
2025-05-09 10:10:52.666 [info] > git diff --name-status -z --diff-filter=ADMR @{upstream} [4ms]
2025-05-09 10:12:52.653 [info] > git diff --name-status -z --diff-filter=ADMR 82f9f7536ce3b1dc989f8342837955da05a44c26 [8ms]
2025-05-09 10:12:52.664 [info] > git diff --name-status -z --diff-filter=ADMR @{upstream} [3ms]
2025-05-09 10:14:52.655 [info] > git diff --name-status -z --diff-filter=ADMR 82f9f7536ce3b1dc989f8342837955da05a44c26 [10ms]
2025-05-09 10:14:52.666 [info] > git diff --name-status -z --diff-filter=ADMR @{upstream} [2ms]
2025-05-09 10:16:52.656 [info] > git diff --name-status -z --diff-filter=ADMR 82f9f7536ce3b1dc989f8342837955da05a44c26 [10ms]
2025-05-09 10:16:52.667 [info] > git diff --name-status -z --diff-filter=ADMR @{upstream} [2ms]
2025-05-09 10:18:52.655 [info] > git diff --name-status -z --diff-filter=ADMR 82f9f7536ce3b1dc989f8342837955da05a44c26 [9ms]
2025-05-09 10:18:52.667 [info] > git diff --name-status -z --diff-filter=ADMR @{upstream} [3ms]
2025-05-09 10:20:52.657 [info] > git diff --name-status -z --diff-filter=ADMR 82f9f7536ce3b1dc989f8342837955da05a44c26 [10ms]
2025-05-09 10:20:52.669 [info] > git diff --name-status -z --diff-filter=ADMR @{upstream} [2ms]
2025-05-09 10:22:52.659 [info] > git diff --name-status -z --diff-filter=ADMR 82f9f7536ce3b1dc989f8342837955da05a44c26 [9ms]
2025-05-09 10:22:52.670 [info] > git diff --name-status -z --diff-filter=ADMR @{upstream} [2ms]
2025-05-09 10:24:52.660 [info] > git diff --name-status -z --diff-filter=ADMR 82f9f7536ce3b1dc989f8342837955da05a44c26 [10ms]
2025-05-09 10:24:52.672 [info] > git diff --name-status -z --diff-filter=ADMR @{upstream} [3ms]
2025-05-09 10:26:52.661 [info] > git diff --name-status -z --diff-filter=ADMR 82f9f7536ce3b1dc989f8342837955da05a44c26 [10ms]
2025-05-09 10:26:52.670 [info] > git diff --name-status -z --diff-filter=ADMR @{upstream} [2ms]
2025-05-09 10:28:52.662 [info] > git diff --name-status -z --diff-filter=ADMR 82f9f7536ce3b1dc989f8342837955da05a44c26 [10ms]
2025-05-09 10:28:52.673 [info] > git diff --name-status -z --diff-filter=ADMR @{upstream} [2ms]
2025-05-09 10:30:52.663 [info] > git diff --name-status -z --diff-filter=ADMR 82f9f7536ce3b1dc989f8342837955da05a44c26 [10ms]
2025-05-09 10:30:52.674 [info] > git diff --name-status -z --diff-filter=ADMR @{upstream} [3ms]
2025-05-09 10:32:52.663 [info] > git diff --name-status -z --diff-filter=ADMR 82f9f7536ce3b1dc989f8342837955da05a44c26 [10ms]
2025-05-09 10:32:52.675 [info] > git diff --name-status -z --diff-filter=ADMR @{upstream} [2ms]
2025-05-09 10:34:52.665 [info] > git diff --name-status -z --diff-filter=ADMR 82f9f7536ce3b1dc989f8342837955da05a44c26 [10ms]
2025-05-09 10:34:52.674 [info] > git diff --name-status -z --diff-filter=ADMR @{upstream} [2ms]
2025-05-09 10:36:52.665 [info] > git diff --name-status -z --diff-filter=ADMR 82f9f7536ce3b1dc989f8342837955da05a44c26 [10ms]
2025-05-09 10:36:52.675 [info] > git diff --name-status -z --diff-filter=ADMR @{upstream} [2ms]
2025-05-09 10:38:52.666 [info] > git diff --name-status -z --diff-filter=ADMR 82f9f7536ce3b1dc989f8342837955da05a44c26 [10ms]
2025-05-09 10:38:52.677 [info] > git diff --name-status -z --diff-filter=ADMR @{upstream} [3ms]
2025-05-09 10:40:52.667 [info] > git diff --name-status -z --diff-filter=ADMR 82f9f7536ce3b1dc989f8342837955da05a44c26 [10ms]
2025-05-09 10:40:52.678 [info] > git diff --name-status -z --diff-filter=ADMR @{upstream} [2ms]
2025-05-09 10:42:52.668 [info] > git diff --name-status -z --diff-filter=ADMR 82f9f7536ce3b1dc989f8342837955da05a44c26 [10ms]
2025-05-09 10:42:52.679 [info] > git diff --name-status -z --diff-filter=ADMR @{upstream} [1ms]
2025-05-09 10:44:52.668 [info] > git diff --name-status -z --diff-filter=ADMR 82f9f7536ce3b1dc989f8342837955da05a44c26 [10ms]
2025-05-09 10:44:52.677 [info] > git diff --name-status -z --diff-filter=ADMR @{upstream} [2ms]
2025-05-09 10:46:52.669 [info] > git diff --name-status -z --diff-filter=ADMR 82f9f7536ce3b1dc989f8342837955da05a44c26 [10ms]
2025-05-09 10:46:52.681 [info] > git diff --name-status -z --diff-filter=ADMR @{upstream} [2ms]
2025-05-09 10:48:52.669 [info] > git diff --name-status -z --diff-filter=ADMR 82f9f7536ce3b1dc989f8342837955da05a44c26 [10ms]
2025-05-09 10:48:52.679 [info] > git diff --name-status -z --diff-filter=ADMR @{upstream} [2ms]
2025-05-09 10:50:52.671 [info] > git diff --name-status -z --diff-filter=ADMR 82f9f7536ce3b1dc989f8342837955da05a44c26 [10ms]
2025-05-09 10:50:52.683 [info] > git diff --name-status -z --diff-filter=ADMR @{upstream} [3ms]
2025-05-09 10:52:52.671 [info] > git diff --name-status -z --diff-filter=ADMR 82f9f7536ce3b1dc989f8342837955da05a44c26 [9ms]
2025-05-09 10:52:52.681 [info] > git diff --name-status -z --diff-filter=ADMR @{upstream} [2ms]
2025-05-09 10:54:52.673 [info] > git diff --name-status -z --diff-filter=ADMR 82f9f7536ce3b1dc989f8342837955da05a44c26 [10ms]
2025-05-09 10:54:52.686 [info] > git diff --name-status -z --diff-filter=ADMR @{upstream} [3ms]
2025-05-09 10:56:52.673 [info] > git diff --name-status -z --diff-filter=ADMR 82f9f7536ce3b1dc989f8342837955da05a44c26 [10ms]
2025-05-09 10:56:52.684 [info] > git diff --name-status -z --diff-filter=ADMR @{upstream} [2ms]
2025-05-09 10:58:52.676 [info] > git diff --name-status -z --diff-filter=ADMR 82f9f7536ce3b1dc989f8342837955da05a44c26 [9ms]
2025-05-09 10:58:52.687 [info] > git diff --name-status -z --diff-filter=ADMR @{upstream} [2ms]
2025-05-09 11:00:52.677 [info] > git diff --name-status -z --diff-filter=ADMR 82f9f7536ce3b1dc989f8342837955da05a44c26 [10ms]
2025-05-09 11:00:52.690 [info] > git diff --name-status -z --diff-filter=ADMR @{upstream} [2ms]
2025-05-09 11:02:52.679 [info] > git diff --name-status -z --diff-filter=ADMR 82f9f7536ce3b1dc989f8342837955da05a44c26 [10ms]
2025-05-09 11:02:52.692 [info] > git diff --name-status -z --diff-filter=ADMR @{upstream} [2ms]
2025-05-09 11:04:52.679 [info] > git diff --name-status -z --diff-filter=ADMR 82f9f7536ce3b1dc989f8342837955da05a44c26 [9ms]
2025-05-09 11:04:52.691 [info] > git diff --name-status -z --diff-filter=ADMR @{upstream} [3ms]
2025-05-09 11:06:52.680 [info] > git diff --name-status -z --diff-filter=ADMR 82f9f7536ce3b1dc989f8342837955da05a44c26 [10ms]
2025-05-09 11:06:52.692 [info] > git diff --name-status -z --diff-filter=ADMR @{upstream} [2ms]
2025-05-09 11:08:52.680 [info] > git diff --name-status -z --diff-filter=ADMR 82f9f7536ce3b1dc989f8342837955da05a44c26 [9ms]
2025-05-09 11:08:52.692 [info] > git diff --name-status -z --diff-filter=ADMR @{upstream} [2ms]
2025-05-09 11:10:52.681 [info] > git diff --name-status -z --diff-filter=ADMR 82f9f7536ce3b1dc989f8342837955da05a44c26 [10ms]
2025-05-09 11:10:52.693 [info] > git diff --name-status -z --diff-filter=ADMR @{upstream} [3ms]
2025-05-09 11:12:52.681 [info] > git diff --name-status -z --diff-filter=ADMR 82f9f7536ce3b1dc989f8342837955da05a44c26 [10ms]
2025-05-09 11:12:52.692 [info] > git diff --name-status -z --diff-filter=ADMR @{upstream} [2ms]
2025-05-09 11:14:52.682 [info] > git diff --name-status -z --diff-filter=ADMR 82f9f7536ce3b1dc989f8342837955da05a44c26 [10ms]
2025-05-09 11:14:52.692 [info] > git diff --name-status -z --diff-filter=ADMR @{upstream} [2ms]
2025-05-09 11:16:52.683 [info] > git diff --name-status -z --diff-filter=ADMR 82f9f7536ce3b1dc989f8342837955da05a44c26 [10ms]
2025-05-09 11:16:52.693 [info] > git diff --name-status -z --diff-filter=ADMR @{upstream} [2ms]
2025-05-09 11:18:52.684 [info] > git diff --name-status -z --diff-filter=ADMR 82f9f7536ce3b1dc989f8342837955da05a44c26 [9ms]
2025-05-09 11:18:52.695 [info] > git diff --name-status -z --diff-filter=ADMR @{upstream} [2ms]
2025-05-09 11:20:52.685 [info] > git diff --name-status -z --diff-filter=ADMR 82f9f7536ce3b1dc989f8342837955da05a44c26 [9ms]
2025-05-09 11:20:52.697 [info] > git diff --name-status -z --diff-filter=ADMR @{upstream} [2ms]
2025-05-09 11:22:52.685 [info] > git diff --name-status -z --diff-filter=ADMR 82f9f7536ce3b1dc989f8342837955da05a44c26 [10ms]
2025-05-09 11:22:52.696 [info] > git diff --name-status -z --diff-filter=ADMR @{upstream} [2ms]
2025-05-09 11:24:52.685 [info] > git diff --name-status -z --diff-filter=ADMR 82f9f7536ce3b1dc989f8342837955da05a44c26 [10ms]
2025-05-09 11:24:52.699 [info] > git diff --name-status -z --diff-filter=ADMR @{upstream} [3ms]
2025-05-09 11:26:52.686 [info] > git diff --name-status -z --diff-filter=ADMR 82f9f7536ce3b1dc989f8342837955da05a44c26 [10ms]
2025-05-09 11:26:52.696 [info] > git diff --name-status -z --diff-filter=ADMR @{upstream} [2ms]
2025-05-09 11:28:52.687 [info] > git diff --name-status -z --diff-filter=ADMR 82f9f7536ce3b1dc989f8342837955da05a44c26 [10ms]
2025-05-09 11:28:52.696 [info] > git diff --name-status -z --diff-filter=ADMR @{upstream} [1ms]
2025-05-09 11:30:52.687 [info] > git diff --name-status -z --diff-filter=ADMR 82f9f7536ce3b1dc989f8342837955da05a44c26 [10ms]
2025-05-09 11:30:52.700 [info] > git diff --name-status -z --diff-filter=ADMR @{upstream} [2ms]
2025-05-09 11:32:52.688 [info] > git diff --name-status -z --diff-filter=ADMR 82f9f7536ce3b1dc989f8342837955da05a44c26 [10ms]
2025-05-09 11:32:52.701 [info] > git diff --name-status -z --diff-filter=ADMR @{upstream} [3ms]
2025-05-09 11:34:52.687 [info] > git diff --name-status -z --diff-filter=ADMR 82f9f7536ce3b1dc989f8342837955da05a44c26 [10ms]
2025-05-09 11:34:52.699 [info] > git diff --name-status -z --diff-filter=ADMR @{upstream} [2ms]
2025-05-09 11:36:52.689 [info] > git diff --name-status -z --diff-filter=ADMR 82f9f7536ce3b1dc989f8342837955da05a44c26 [10ms]
2025-05-09 11:36:52.700 [info] > git diff --name-status -z --diff-filter=ADMR @{upstream} [2ms]
2025-05-09 11:38:52.689 [info] > git diff --name-status -z --diff-filter=ADMR 82f9f7536ce3b1dc989f8342837955da05a44c26 [9ms]
2025-05-09 11:38:52.700 [info] > git diff --name-status -z --diff-filter=ADMR @{upstream} [2ms]
2025-05-09 11:40:52.691 [info] > git diff --name-status -z --diff-filter=ADMR 82f9f7536ce3b1dc989f8342837955da05a44c26 [10ms]
2025-05-09 11:40:52.704 [info] > git diff --name-status -z --diff-filter=ADMR @{upstream} [2ms]
2025-05-09 11:42:52.691 [info] > git diff --name-status -z --diff-filter=ADMR 82f9f7536ce3b1dc989f8342837955da05a44c26 [9ms]
2025-05-09 11:42:52.702 [info] > git diff --name-status -z --diff-filter=ADMR @{upstream} [2ms]
2025-05-09 11:44:52.693 [info] > git diff --name-status -z --diff-filter=ADMR 82f9f7536ce3b1dc989f8342837955da05a44c26 [10ms]
2025-05-09 11:44:52.705 [info] > git diff --name-status -z --diff-filter=ADMR @{upstream} [2ms]
2025-05-09 11:46:52.694 [info] > git diff --name-status -z --diff-filter=ADMR 82f9f7536ce3b1dc989f8342837955da05a44c26 [10ms]
2025-05-09 11:46:52.705 [info] > git diff --name-status -z --diff-filter=ADMR @{upstream} [2ms]
2025-05-09 11:48:52.695 [info] > git diff --name-status -z --diff-filter=ADMR 82f9f7536ce3b1dc989f8342837955da05a44c26 [10ms]
2025-05-09 11:48:52.706 [info] > git diff --name-status -z --diff-filter=ADMR @{upstream} [3ms]
2025-05-09 11:50:52.697 [info] > git diff --name-status -z --diff-filter=ADMR 82f9f7536ce3b1dc989f8342837955da05a44c26 [10ms]
2025-05-09 11:50:52.712 [info] > git diff --name-status -z --diff-filter=ADMR @{upstream} [3ms]
2025-05-09 11:52:52.696 [info] > git diff --name-status -z --diff-filter=ADMR 82f9f7536ce3b1dc989f8342837955da05a44c26 [10ms]
2025-05-09 11:52:52.709 [info] > git diff --name-status -z --diff-filter=ADMR @{upstream} [2ms]
2025-05-09 11:54:52.697 [info] > git diff --name-status -z --diff-filter=ADMR 82f9f7536ce3b1dc989f8342837955da05a44c26 [8ms]
2025-05-09 11:54:52.709 [info] > git diff --name-status -z --diff-filter=ADMR @{upstream} [2ms]
2025-05-09 11:56:52.699 [info] > git diff --name-status -z --diff-filter=ADMR 82f9f7536ce3b1dc989f8342837955da05a44c26 [9ms]
2025-05-09 11:56:52.708 [info] > git diff --name-status -z --diff-filter=ADMR @{upstream} [2ms]
2025-05-09 11:58:52.700 [info] > git diff --name-status -z --diff-filter=ADMR 82f9f7536ce3b1dc989f8342837955da05a44c26 [10ms]
2025-05-09 11:58:52.711 [info] > git diff --name-status -z --diff-filter=ADMR @{upstream} [2ms]
2025-05-09 12:00:52.701 [info] > git diff --name-status -z --diff-filter=ADMR 82f9f7536ce3b1dc989f8342837955da05a44c26 [9ms]
2025-05-09 12:00:52.714 [info] > git diff --name-status -z --diff-filter=ADMR @{upstream} [2ms]
2025-05-09 12:02:52.701 [info] > git diff --name-status -z --diff-filter=ADMR 82f9f7536ce3b1dc989f8342837955da05a44c26 [9ms]
2025-05-09 12:02:52.714 [info] > git diff --name-status -z --diff-filter=ADMR @{upstream} [2ms]
2025-05-09 12:04:52.702 [info] > git diff --name-status -z --diff-filter=ADMR 82f9f7536ce3b1dc989f8342837955da05a44c26 [9ms]
2025-05-09 12:04:52.713 [info] > git diff --name-status -z --diff-filter=ADMR @{upstream} [2ms]
2025-05-09 12:06:52.702 [info] > git diff --name-status -z --diff-filter=ADMR 82f9f7536ce3b1dc989f8342837955da05a44c26 [10ms]
2025-05-09 12:06:52.712 [info] > git diff --name-status -z --diff-filter=ADMR @{upstream} [1ms]
2025-05-09 12:08:52.705 [info] > git diff --name-status -z --diff-filter=ADMR 82f9f7536ce3b1dc989f8342837955da05a44c26 [9ms]
2025-05-09 12:08:52.718 [info] > git diff --name-status -z --diff-filter=ADMR @{upstream} [2ms]
2025-05-09 12:10:52.706 [info] > git diff --name-status -z --diff-filter=ADMR 82f9f7536ce3b1dc989f8342837955da05a44c26 [10ms]
2025-05-09 12:10:52.717 [info] > git diff --name-status -z --diff-filter=ADMR @{upstream} [2ms]
2025-05-09 12:12:52.705 [info] > git diff --name-status -z --diff-filter=ADMR 82f9f7536ce3b1dc989f8342837955da05a44c26 [10ms]
2025-05-09 12:12:52.717 [info] > git diff --name-status -z --diff-filter=ADMR @{upstream} [2ms]
2025-05-09 12:14:52.706 [info] > git diff --name-status -z --diff-filter=ADMR 82f9f7536ce3b1dc989f8342837955da05a44c26 [10ms]
2025-05-09 12:14:52.719 [info] > git diff --name-status -z --diff-filter=ADMR @{upstream} [2ms]
2025-05-09 12:16:52.707 [info] > git diff --name-status -z --diff-filter=ADMR 82f9f7536ce3b1dc989f8342837955da05a44c26 [10ms]
2025-05-09 12:16:52.720 [info] > git diff --name-status -z --diff-filter=ADMR @{upstream} [2ms]
2025-05-09 12:18:52.707 [info] > git diff --name-status -z --diff-filter=ADMR 82f9f7536ce3b1dc989f8342837955da05a44c26 [10ms]
2025-05-09 12:18:52.721 [info] > git diff --name-status -z --diff-filter=ADMR @{upstream} [3ms]
2025-05-09 12:20:52.709 [info] > git diff --name-status -z --diff-filter=ADMR 82f9f7536ce3b1dc989f8342837955da05a44c26 [10ms]
2025-05-09 12:20:52.723 [info] > git diff --name-status -z --diff-filter=ADMR @{upstream} [3ms]
2025-05-09 12:22:52.710 [info] > git diff --name-status -z --diff-filter=ADMR 82f9f7536ce3b1dc989f8342837955da05a44c26 [9ms]
2025-05-09 12:22:52.722 [info] > git diff --name-status -z --diff-filter=ADMR @{upstream} [2ms]
2025-05-09 12:24:52.712 [info] > git diff --name-status -z --diff-filter=ADMR 82f9f7536ce3b1dc989f8342837955da05a44c26 [10ms]
2025-05-09 12:24:52.724 [info] > git diff --name-status -z --diff-filter=ADMR @{upstream} [2ms]
2025-05-09 12:26:52.714 [info] > git diff --name-status -z --diff-filter=ADMR 82f9f7536ce3b1dc989f8342837955da05a44c26 [10ms]
2025-05-09 12:26:52.728 [info] > git diff --name-status -z --diff-filter=ADMR @{upstream} [3ms]
2025-05-09 12:28:52.714 [info] > git diff --name-status -z --diff-filter=ADMR 82f9f7536ce3b1dc989f8342837955da05a44c26 [10ms]
2025-05-09 12:28:52.726 [info] > git diff --name-status -z --diff-filter=ADMR @{upstream} [2ms]
2025-05-09 12:30:52.715 [info] > git diff --name-status -z --diff-filter=ADMR 82f9f7536ce3b1dc989f8342837955da05a44c26 [10ms]
2025-05-09 12:30:52.727 [info] > git diff --name-status -z --diff-filter=ADMR @{upstream} [2ms]
2025-05-09 12:32:52.716 [info] > git diff --name-status -z --diff-filter=ADMR 82f9f7536ce3b1dc989f8342837955da05a44c26 [10ms]
2025-05-09 12:32:52.730 [info] > git diff --name-status -z --diff-filter=ADMR @{upstream} [2ms]
2025-05-09 12:34:52.717 [info] > git diff --name-status -z --diff-filter=ADMR 82f9f7536ce3b1dc989f8342837955da05a44c26 [10ms]
2025-05-09 12:34:52.730 [info] > git diff --name-status -z --diff-filter=ADMR @{upstream} [2ms]
2025-05-09 12:36:52.718 [info] > git diff --name-status -z --diff-filter=ADMR 82f9f7536ce3b1dc989f8342837955da05a44c26 [10ms]
2025-05-09 12:36:52.730 [info] > git diff --name-status -z --diff-filter=ADMR @{upstream} [2ms]
