2025-05-08 05:29:44.431 [warning] /home/ubuntu/.ssh/config: ENOENT: no such file or directory, open '/home/ubuntu/.ssh/config'
2025-05-08 05:29:44.431 [info] [Activation] Extension version: 0.108.0
2025-05-08 05:29:46.087 [info] [Activation] Looking for git repository
2025-05-08 05:29:46.087 [info] [Activation] Found 0 repositories during activation
2025-05-08 05:29:46.087 [info] [Activation] Git repository found, initializing review manager and pr tree view.
2025-05-08 05:29:46.093 [info] [GitAPI] Registering git provider
2025-05-08 05:29:46.293 [info] [Activation] Git initialization state changed: state=initialized
2025-05-08 05:29:46.293 [info] [Review+0] Validate state in progress
2025-05-08 05:29:46.293 [info] [Review+0] Validating state...
2025-05-08 05:29:46.293 [info] [Review+1] Validate state in progress
2025-05-08 05:29:46.293 [info] [Review+1] Validating state...
2025-05-08 05:29:46.293 [warning] No remotes found. The following remotes are missing: origin, upstream
2025-05-08 05:29:46.294 [info] [FolderRepositoryManager+1] No GitHub remotes found for folder /home/ubuntu/TWSThreeTierAppChallenge
2025-05-08 05:29:46.336 [info] [Review+1] Queuing additional validate state
2025-05-08 05:29:46.336 [info] [Activation] Repo state for file:///home/ubuntu/TWSThreeTierAppChallenge changed.
2025-05-08 05:29:46.336 [info] [Activation] Repo file:///home/ubuntu/TWSThreeTierAppChallenge has already been setup.
2025-05-08 05:29:46.353 [info] [FolderRepositoryManager+0] Found GitHub remote for folder /home/ubuntu/giit-node-application
2025-05-08 05:29:46.598 [info] [Activation] Repo state for file:///home/ubuntu/giit-node-application changed.
2025-05-08 05:29:46.598 [info] [Activation] Repo file:///home/ubuntu/giit-node-application has already been setup.
2025-05-08 05:29:46.872 [info] [Review+1] Validating state...
2025-05-08 05:29:46.906 [info] [FolderRepositoryManager+0] Trying to use globalState for assignableUsers.
2025-05-08 05:29:47.140 [info] [FolderRepositoryManager+1] Found GitHub remote for folder /home/ubuntu/TWSThreeTierAppChallenge
2025-05-08 05:29:47.230 [info] [Review+0] No matching pull request metadata found locally for current branch master
2025-05-08 05:29:47.370 [info] [FolderRepositoryManager+0] Using globalState assignableUsers for 1.
2025-05-08 05:29:49.292 [info] [FolderRepositoryManager+1] Trying to use globalState for assignableUsers.
2025-05-08 05:29:49.655 [info] [Review+1] No matching pull request metadata found locally for current branch main
2025-05-08 05:29:49.712 [info] [Review+0] No matching pull request metadata found on GitHub for current branch master
2025-05-08 05:29:49.767 [info] [FolderRepositoryManager+1] Using globalState assignableUsers for 1.
2025-05-08 05:29:50.456 [info] [Review+1] No matching pull request metadata found on GitHub for current branch main
2025-05-08 06:15:03.611 [info] [Review+0] Validate state in progress
2025-05-08 06:15:03.611 [info] [Review+0] Validating state...
2025-05-08 06:15:03.888 [info] [FolderRepositoryManager+0] Found GitHub remote for folder /home/ubuntu/giit-node-application
2025-05-08 06:15:03.889 [info] [FolderRepositoryManager+0] Using in-memory cached assignable users.
2025-05-08 06:15:03.903 [info] [Review+0] No matching pull request metadata found locally for current branch master
2025-05-08 06:15:04.871 [info] [Review+0] No matching pull request metadata found on GitHub for current branch master
2025-05-08 06:15:08.681 [info] [Review+0] Validate state in progress
2025-05-08 06:15:08.681 [info] [Review+0] Validating state...
2025-05-08 06:15:08.696 [info] [PullRequestGitHelper] associate main with base branch mahendra1904/giit-node-application#master
2025-05-08 06:15:08.763 [info] [FolderRepositoryManager+0] Found GitHub remote for folder /home/ubuntu/giit-node-application
2025-05-08 06:15:08.764 [info] [FolderRepositoryManager+0] Using in-memory cached assignable users.
2025-05-08 06:15:08.800 [info] [Review+0] No matching pull request metadata found locally for current branch main
2025-05-08 06:15:09.659 [info] [Review+0] No matching pull request metadata found on GitHub for current branch main
2025-05-08 06:17:16.292 [info] [Review+0] Validate state in progress
2025-05-08 06:17:16.292 [info] [Review+0] Validating state...
2025-05-08 06:17:16.330 [info] [FolderRepositoryManager+0] Found GitHub remote for folder /home/ubuntu/giit-node-application
2025-05-08 06:17:16.751 [info] [FolderRepositoryManager+0] Using in-memory cached assignable users.
2025-05-08 06:17:16.764 [info] [Review+0] No matching pull request metadata found locally for current branch main
2025-05-08 06:17:17.230 [info] [Review+0] No matching pull request metadata found on GitHub for current branch main
2025-05-08 06:28:04.767 [info] [Review+0] Validate state in progress
2025-05-08 06:28:04.767 [info] [Review+0] Validating state...
2025-05-08 06:28:05.002 [info] [FolderRepositoryManager+0] Found GitHub remote for folder /home/ubuntu/giit-node-application
2025-05-08 06:28:05.003 [info] [FolderRepositoryManager+0] Using in-memory cached assignable users.
2025-05-08 06:28:05.016 [info] [Review+0] No matching pull request metadata found locally for current branch main
2025-05-08 06:28:05.398 [info] [Review+0] No matching pull request metadata found on GitHub for current branch main
2025-05-08 06:28:15.828 [info] [Review+0] Validate state in progress
2025-05-08 06:28:15.828 [info] [Review+0] Validating state...
2025-05-08 06:28:15.903 [info] [FolderRepositoryManager+0] Found GitHub remote for folder /home/ubuntu/giit-node-application
2025-05-08 06:28:15.904 [info] [FolderRepositoryManager+0] Using in-memory cached assignable users.
2025-05-08 06:28:15.918 [info] [Review+0] No matching pull request metadata found locally for current branch main
2025-05-08 06:28:16.297 [info] [Review+0] No matching pull request metadata found on GitHub for current branch main
