2025-05-06 06:08:18.923 [warning] /home/ubuntu/.ssh/config: ENOENT: no such file or directory, open '/home/ubuntu/.ssh/config'
2025-05-06 06:08:18.923 [info] [Activation] Extension version: 0.108.0
2025-05-06 06:08:19.905 [info] [Activation] Looking for git repository
2025-05-06 06:08:19.905 [info] [Activation] Found 0 repositories during activation
2025-05-06 06:08:19.905 [info] [Activation] Git repository found, initializing review manager and pr tree view.
2025-05-06 06:08:19.911 [info] [GitAPI] Registering git provider
2025-05-06 06:08:19.911 [info] [Review+0] Validate state in progress
2025-05-06 06:08:19.911 [info] [Review+0] Validating state...
2025-05-06 06:08:20.208 [info] [FolderRepositoryManager+0] Found GitHub remote for folder /home/ubuntu/TWSThreeTierAppChallenge
2025-05-06 06:08:20.641 [info] [FolderRepositoryManager+0] Trying to use globalState for assignableUsers.
2025-05-06 06:08:20.886 [info] [Review+0] No matching pull request metadata found locally for current branch main
2025-05-06 06:08:21.139 [info] [FolderRepositoryManager+0] Using globalState assignableUsers for 1.
2025-05-06 06:08:21.778 [info] [Review+0] No matching pull request metadata found on GitHub for current branch main
2025-05-06 10:40:43.037 [info] [GitAPI] Repository file:///home/ubuntu/giit-node-application has been opened
2025-05-06 10:40:43.037 [info] [Review+1] Validate state in progress
2025-05-06 10:40:43.037 [info] [Review+1] Validating state...
2025-05-06 10:40:43.040 [warning] No remotes found. The following remotes are missing: origin, upstream
2025-05-06 10:40:43.040 [info] [FolderRepositoryManager+1] No GitHub remotes found for folder /home/ubuntu/giit-node-application
2025-05-06 10:40:43.100 [info] [Review+1] Queuing additional validate state
2025-05-06 10:40:43.100 [info] [Activation] Repo state for file:///home/ubuntu/giit-node-application changed.
2025-05-06 10:40:43.100 [info] [Activation] Repo file:///home/ubuntu/giit-node-application has already been setup.
2025-05-06 10:40:43.443 [info] [Review+1] Validating state...
2025-05-06 10:40:43.505 [info] [FolderRepositoryManager+1] Found GitHub remote for folder /home/ubuntu/giit-node-application
2025-05-06 10:40:44.054 [info] [FolderRepositoryManager+1] Trying to use globalState for assignableUsers.
2025-05-06 10:40:44.081 [info] [Review+1] No matching pull request metadata found locally for current branch master
2025-05-06 10:40:44.154 [warning] [GitHubServer] No response from host https://origi/n: request to https://origi/api/v3/rate_limit failed, reason: getaddrinfo EAI_AGAIN origi
2025-05-06 10:40:44.313 [info] [FolderRepositoryManager+1] No globalState for assignableUsers.
2025-05-06 10:40:45.229 [info] [Review+1] Validate state in progress
2025-05-06 10:40:45.229 [info] [Review+1] Validating state...
2025-05-06 10:40:45.500 [info] [FolderRepositoryManager+1] Found GitHub remote for folder /home/ubuntu/giit-node-application
2025-05-06 10:40:45.501 [info] [FolderRepositoryManager+1] Using in-memory cached assignable users.
2025-05-06 10:40:45.535 [info] [Review+1] No matching pull request metadata found locally for current branch master
2025-05-06 10:40:45.766 [warning] [GitHubRepository+1.1] Fetching default branch failed: HttpError: Not Found - https://docs.github.com/rest
2025-05-06 10:40:45.766 [error] [GitHubRepository+1.1] Unable to fetch issues with query: TypeError: Cannot read properties of null (reading 'search')
2025-05-06 10:40:45.791 [warning] [GitHubRepository+1.1] Fetching default branch failed: HttpError: Not Found - https://docs.github.com/rest
2025-05-06 10:40:45.791 [error] [GitHubRepository+1.1] Unable to fetch issues with query: TypeError: Cannot read properties of null (reading 'search')
2025-05-06 10:40:45.845 [warning] [GitHubRepository+1.1] Fetching default branch failed: HttpError: Not Found - https://docs.github.com/rest
2025-05-06 10:40:45.845 [error] [GitHubRepository+1.1] Unable to fetch issues with query: TypeError: Cannot read properties of null (reading 'search')
2025-05-06 10:40:46.536 [info] [Review+1] No matching pull request metadata found on GitHub for current branch master
2025-05-06 10:42:43.446 [error] [Review+1] Timeout occurred while validating state.
