2025-05-02 12:14:56.301 [info] [main] Log level: Info
2025-05-02 12:14:56.302 [info] [main] Validating found git in: "git"
2025-05-02 12:14:56.302 [info] [main] Using git "2.43.0" from "git"
2025-05-02 12:14:56.302 [info] [Model][doInitialScan] Initial repository scan started
2025-05-02 12:14:56.302 [info] > git rev-parse --show-toplevel [157ms]
2025-05-02 12:14:56.302 [info] fatal: not a git repository (or any of the parent directories): .git
2025-05-02 12:14:56.852 [info] > git rev-parse --show-toplevel [3ms]
2025-05-02 12:14:56.852 [info] fatal: not a git repository (or any of the parent directories): .git
2025-05-02 12:14:56.869 [info] > git rev-parse --show-toplevel [12ms]
2025-05-02 12:14:56.869 [info] fatal: not a git repository (or any of the parent directories): .git
2025-05-02 12:14:56.876 [info] > git rev-parse --show-toplevel [2ms]
2025-05-02 12:14:56.876 [info] fatal: not a git repository (or any of the parent directories): .git
2025-05-02 12:14:56.888 [info] > git rev-parse --show-toplevel [7ms]
2025-05-02 12:14:56.888 [info] fatal: not a git repository (or any of the parent directories): .git
2025-05-02 12:14:56.901 [info] > git rev-parse --show-toplevel [7ms]
2025-05-02 12:14:56.901 [info] fatal: not a git repository (or any of the parent directories): .git
2025-05-02 12:14:57.020 [info] > git rev-parse --show-toplevel [90ms]
2025-05-02 12:14:57.020 [info] fatal: not a git repository (or any of the parent directories): .git
2025-05-02 12:14:57.046 [info] > git rev-parse --show-toplevel [4ms]
2025-05-02 12:14:57.046 [info] fatal: not a git repository (or any of the parent directories): .git
2025-05-02 12:14:57.054 [info] > git rev-parse --show-toplevel [2ms]
2025-05-02 12:14:57.054 [info] fatal: not a git repository (or any of the parent directories): .git
2025-05-02 12:14:57.058 [info] [Model][doInitialScan] Initial repository scan completed - repositories (0), closed repositories (0), parent repositories (0), unsafe repositories (0)
2025-05-02 12:14:57.896 [info] > git rev-parse --show-toplevel [2ms]
2025-05-02 12:14:57.896 [info] fatal: not a git repository (or any of the parent directories): .git
2025-05-02 12:26:06.483 [info] > git rev-parse --show-toplevel [2ms]
2025-05-02 12:26:06.483 [info] fatal: not a git repository (or any of the parent directories): .git
