2025-05-09 09:22:41.433 [warning] /home/ubuntu/.ssh/config: ENOENT: no such file or directory, open '/home/ubuntu/.ssh/config'
2025-05-09 09:22:41.433 [info] [Activation] Extension version: 0.108.0
2025-05-09 09:22:43.265 [info] [Activation] Looking for git repository
2025-05-09 09:22:43.265 [info] [Activation] Found 0 repositories during activation
2025-05-09 09:22:43.265 [info] [Activation] Git repository found, initializing review manager and pr tree view.
2025-05-09 09:22:43.267 [info] [GitAPI] Registering git provider
2025-05-09 09:22:43.314 [info] [GitAPI] Repository file:///home/ubuntu/TWSThreeTierAppChallenge has been opened
2025-05-09 09:22:43.433 [info] [Review+0] Validate state in progress
2025-05-09 09:22:43.434 [info] [Review+0] Validating state...
2025-05-09 09:22:43.434 [info] [FolderRepositoryManager+0] Cannot updates repositories as git is uninitialized
2025-05-09 09:22:43.434 [info] [Activation] Repo state for file:///home/ubuntu/TWSThreeTierAppChallenge changed.
2025-05-09 09:22:43.434 [info] [Activation] Repo file:///home/ubuntu/TWSThreeTierAppChallenge has already been setup.
2025-05-09 09:22:43.472 [info] [GitAPI] Repository file:///home/ubuntu/giit-node-application has been opened
2025-05-09 09:22:43.596 [info] [Activation] Git initialization state changed: state=initialized
2025-05-09 09:22:43.596 [info] [Review+0] Validate state in progress
2025-05-09 09:22:43.596 [info] [Review+0] Validating state...
2025-05-09 09:22:43.597 [info] [Review+1] Validate state in progress
2025-05-09 09:22:43.597 [info] [Review+1] Validating state...
2025-05-09 09:22:43.598 [warning] No remotes found. The following remotes are missing: origin, upstream
2025-05-09 09:22:43.598 [info] [FolderRepositoryManager+1] No GitHub remotes found for folder /home/ubuntu/giit-node-application
2025-05-09 09:22:43.921 [info] [FolderRepositoryManager+0] Found GitHub remote for folder /home/ubuntu/TWSThreeTierAppChallenge
2025-05-09 09:22:44.343 [info] [Review+1] Validate state in progress
2025-05-09 09:22:44.343 [info] [Review+1] Validating state...
2025-05-09 09:22:44.343 [info] [Activation] Repo state for file:///home/ubuntu/giit-node-application changed.
2025-05-09 09:22:44.343 [info] [Activation] Repo file:///home/ubuntu/giit-node-application has already been setup.
2025-05-09 09:22:46.197 [info] [FolderRepositoryManager+1] Found GitHub remote for folder /home/ubuntu/giit-node-application
2025-05-09 09:22:46.424 [info] [FolderRepositoryManager+0] Trying to use globalState for assignableUsers.
2025-05-09 09:22:46.756 [info] [Review+0] No matching pull request metadata found locally for current branch main
2025-05-09 09:22:46.907 [info] [FolderRepositoryManager+0] Using globalState assignableUsers for 1.
2025-05-09 09:22:47.194 [info] [FolderRepositoryManager+1] Trying to use globalState for assignableUsers.
2025-05-09 09:22:47.572 [info] [Review+1] No matching pull request metadata found locally for current branch main
2025-05-09 09:22:47.817 [info] [Review+0] No matching pull request metadata found on GitHub for current branch main
2025-05-09 09:22:47.838 [info] [FolderRepositoryManager+1] Using globalState assignableUsers for 1.
2025-05-09 09:22:48.229 [info] [Review+1] No matching pull request metadata found on GitHub for current branch main
