2025-05-09 09:22:39.792 [info] [main] Log level: Info
2025-05-09 09:22:39.793 [info] [main] Validating found git in: "git"
2025-05-09 09:22:39.793 [info] [main] Using git "2.43.0" from "git"
2025-05-09 09:22:39.793 [info] [Model][doInitialScan] Initial repository scan started
2025-05-09 09:22:39.793 [info] > git rev-parse --show-toplevel [1836ms]
2025-05-09 09:22:39.793 [info] fatal: not a git repository (or any of the parent directories): .git
2025-05-09 09:22:39.793 [info] > git rev-parse --show-toplevel [223ms]
2025-05-09 09:22:39.793 [info] fatal: not a git repository (or any of the parent directories): .git
2025-05-09 09:22:39.793 [info] > git rev-parse --show-toplevel [215ms]
2025-05-09 09:22:39.793 [info] fatal: not a git repository (or any of the parent directories): .git
2025-05-09 09:22:41.457 [info] > git rev-parse --show-toplevel [14ms]
2025-05-09 09:22:41.457 [info] fatal: not a git repository (or any of the parent directories): .git
2025-05-09 09:22:41.472 [info] > git rev-parse --show-toplevel [6ms]
2025-05-09 09:22:41.472 [info] fatal: not a git repository (or any of the parent directories): .git
2025-05-09 09:22:41.482 [info] > git rev-parse --show-toplevel [1ms]
2025-05-09 09:22:41.482 [info] fatal: not a git repository (or any of the parent directories): .git
2025-05-09 09:22:42.553 [info] > git rev-parse --show-toplevel [1063ms]
2025-05-09 09:22:42.553 [info] fatal: not a git repository (or any of the parent directories): .git
2025-05-09 09:22:42.782 [info] > git rev-parse --show-toplevel [34ms]
2025-05-09 09:22:42.782 [info] fatal: not a git repository (or any of the parent directories): .git
2025-05-09 09:22:43.170 [info] > git rev-parse --show-toplevel [371ms]
2025-05-09 09:22:43.170 [info] fatal: not a git repository (or any of the parent directories): .git
2025-05-09 09:22:43.218 [info] > git rev-parse --show-toplevel [33ms]
2025-05-09 09:22:43.218 [info] fatal: not a git repository (or any of the parent directories): .git
2025-05-09 09:22:43.238 [info] > git rev-parse --show-toplevel [10ms]
2025-05-09 09:22:43.239 [info] fatal: not a git repository (or any of the parent directories): .git
2025-05-09 09:22:43.269 [info] > git rev-parse --show-toplevel [16ms]
2025-05-09 09:22:43.269 [info] fatal: not a git repository (or any of the parent directories): .git
2025-05-09 09:22:43.281 [info] > git rev-parse --show-toplevel [2ms]
2025-05-09 09:22:43.291 [info] > git rev-parse --git-dir --git-common-dir [1ms]
2025-05-09 09:22:43.314 [info] [Model][openRepository] Opened repository: /home/ubuntu/TWSThreeTierAppChallenge
2025-05-09 09:22:43.335 [info] > git rev-parse --show-toplevel [2ms]
2025-05-09 09:22:43.335 [info] fatal: not a git repository (or any of the parent directories): .git
2025-05-09 09:22:43.336 [info] > git config --get commit.template [9ms]
2025-05-09 09:22:43.351 [info] > git rev-parse --show-toplevel [7ms]
2025-05-09 09:22:43.351 [info] fatal: not a git repository (or any of the parent directories): .git
2025-05-09 09:22:43.359 [info] > git for-each-ref --format=%(refname)%00%(upstream:short)%00%(objectname)%00%(upstream:track)%00%(upstream:remotename)%00%(upstream:remoteref) refs/heads/main refs/remotes/main [12ms]
2025-05-09 09:22:43.370 [warning] [Git][revParse] Unable to read file: ENOENT: no such file or directory, open '/home/ubuntu/TWSThreeTierAppChallenge/.git/refs/remotes/origin/main'
2025-05-09 09:22:43.371 [info] > git rev-parse --show-toplevel [13ms]
2025-05-09 09:22:43.380 [info] > git rev-parse refs/remotes/origin/main [10ms]
2025-05-09 09:22:43.416 [info] > git status -z -uall [27ms]
2025-05-09 09:22:43.417 [info] > git for-each-ref --sort -committerdate --format %(refname)%00%(objectname)%00%(*objectname) [11ms]
2025-05-09 09:22:43.466 [info] > git rev-parse --git-dir --git-common-dir [88ms]
2025-05-09 09:22:43.473 [info] [Model][openRepository] Opened repository: /home/ubuntu/giit-node-application
2025-05-09 09:22:43.503 [info] > git for-each-ref --format=%(refname)%00%(upstream:short)%00%(objectname)%00%(upstream:track)%00%(upstream:remotename)%00%(upstream:remoteref) refs/heads/main refs/remotes/main [41ms]
2025-05-09 09:22:43.518 [info] > git rev-parse --show-toplevel [16ms]
2025-05-09 09:22:43.519 [info] fatal: not a git repository (or any of the parent directories): .git
2025-05-09 09:22:43.520 [info] > git config --get commit.template [31ms]
2025-05-09 09:22:43.520 [info] > git config --get commit.template [38ms]
2025-05-09 09:22:43.548 [info] > git config --get --local branch.main.vscode-merge-base [34ms]
2025-05-09 09:22:43.591 [info] > git rev-parse --show-toplevel [46ms]
2025-05-09 09:22:43.591 [info] fatal: not a git repository (or any of the parent directories): .git
2025-05-09 09:22:43.595 [info] [Model][doInitialScan] Initial repository scan completed - repositories (2), closed repositories (0), parent repositories (0), unsafe repositories (0)
2025-05-09 09:22:43.601 [info] > git for-each-ref --format=%(refname)%00%(upstream:short)%00%(objectname)%00%(upstream:track)%00%(upstream:remotename)%00%(upstream:remoteref) refs/heads/main refs/remotes/main [24ms]
2025-05-09 09:22:43.602 [info] > git for-each-ref --format=%(refname)%00%(upstream:short)%00%(objectname)%00%(upstream:track)%00%(upstream:remotename)%00%(upstream:remoteref) refs/heads/main refs/remotes/main [35ms]
2025-05-09 09:22:43.602 [info] > git for-each-ref --format=%(refname)%00%(upstream:short)%00%(objectname)%00%(upstream:track)%00%(upstream:remotename)%00%(upstream:remoteref) refs/heads/origin/main refs/remotes/origin/main [45ms]
2025-05-09 09:22:43.676 [warning] [Git][revParse] Unable to read file: ENOENT: no such file or directory, open '/home/ubuntu/TWSThreeTierAppChallenge/.git/refs/remotes/origin/main'
2025-05-09 09:22:44.030 [info] > git merge-base refs/heads/main refs/remotes/origin/main [416ms]
2025-05-09 09:22:44.087 [info] > git rev-parse refs/remotes/origin/main [411ms]
2025-05-09 09:22:44.268 [info] > git status -z -uall [165ms]
2025-05-09 09:22:44.270 [info] > git diff --name-status -z --diff-filter=ADMR 82f9f7536ce3b1dc989f8342837955da05a44c26...refs/remotes/origin/main [226ms]
2025-05-09 09:22:44.316 [info] > git for-each-ref --sort -committerdate --format %(refname)%00%(objectname)%00%(*objectname) [191ms]
2025-05-09 09:22:44.336 [info] > git status -z -uall [48ms]
2025-05-09 09:22:44.336 [info] > git for-each-ref --sort -committerdate --format %(refname)%00%(objectname)%00%(*objectname) [31ms]
2025-05-09 09:22:44.416 [info] > git for-each-ref --format=%(refname)%00%(upstream:short)%00%(objectname)%00%(upstream:track)%00%(upstream:remotename)%00%(upstream:remoteref) refs/heads/main refs/remotes/main [57ms]
2025-05-09 09:22:46.386 [info] > git check-ignore -v -z --stdin [257ms]
2025-05-09 09:22:46.387 [info] > git check-ignore -v -z --stdin [251ms]
2025-05-09 09:22:46.388 [info] > git config --get --local branch.main.vscode-merge-base [1956ms]
2025-05-09 09:22:46.396 [info] > git config --get commit.template [2006ms]
2025-05-09 09:22:46.396 [info] > git config --get commit.template [2016ms]
2025-05-09 09:22:46.400 [info] > git for-each-ref --format=%(refname)%00%(upstream:short)%00%(objectname)%00%(upstream:track)%00%(upstream:remotename)%00%(upstream:remoteref) refs/heads/origin/master refs/remotes/origin/master [4ms]
2025-05-09 09:22:46.632 [info] > git for-each-ref --format=%(refname)%00%(upstream:short)%00%(objectname)%00%(upstream:track)%00%(upstream:remotename)%00%(upstream:remoteref) refs/heads/main refs/remotes/main [215ms]
2025-05-09 09:22:46.633 [info] > git for-each-ref --format=%(refname)%00%(upstream:short)%00%(objectname)%00%(upstream:track)%00%(upstream:remotename)%00%(upstream:remoteref) refs/heads/main refs/remotes/main [221ms]
2025-05-09 09:22:46.633 [info] > git merge-base refs/heads/main refs/remotes/origin/main [227ms]
2025-05-09 09:22:46.650 [warning] [Git][revParse] Unable to read file: ENOENT: no such file or directory, open '/home/ubuntu/TWSThreeTierAppChallenge/.git/refs/remotes/origin/main'
2025-05-09 09:22:46.756 [info] > git config --get --local branch.main.github-pr-owner-number [324ms]
2025-05-09 09:22:46.756 [warning] [Git][config] git config failed: Failed to execute git
2025-05-09 09:22:46.814 [info] > git rev-parse refs/remotes/origin/main [164ms]
2025-05-09 09:22:46.830 [info] > git diff --name-status -z --diff-filter=ADMR 8fc6ee53db5eb1a6ed8da01ba452749cd3a35ef1...refs/remotes/origin/main [188ms]
2025-05-09 09:22:46.852 [info] > git status -z -uall [29ms]
2025-05-09 09:22:46.852 [info] > git for-each-ref --sort -committerdate --format %(refname)%00%(objectname)%00%(*objectname) [22ms]
2025-05-09 09:22:46.885 [info] > git status -z -uall [25ms]
2025-05-09 09:22:46.885 [info] > git for-each-ref --sort -committerdate --format %(refname)%00%(objectname)%00%(*objectname) [19ms]
2025-05-09 09:22:46.906 [info] > git config --get commit.template [8ms]
2025-05-09 09:22:46.907 [info] > git for-each-ref --format=%(refname)%00%(upstream:short)%00%(objectname)%00%(upstream:track)%00%(upstream:remotename)%00%(upstream:remoteref) refs/heads/main refs/remotes/main [2ms]
2025-05-09 09:22:46.986 [info] > git status -z -uall [17ms]
2025-05-09 09:22:46.986 [info] > git for-each-ref --sort -committerdate --format %(refname)%00%(objectname)%00%(*objectname) [11ms]
2025-05-09 09:22:47.572 [info] > git config --get --local branch.main.github-pr-owner-number [369ms]
2025-05-09 09:22:47.572 [warning] [Git][config] git config failed: Failed to execute git
2025-05-09 09:22:48.293 [info] > git diff --name-status -z --diff-filter=ADMR @{upstream} [4ms]
2025-05-09 09:22:48.293 [info] > git diff --name-status -z --diff-filter=ADMR 82f9f7536ce3b1dc989f8342837955da05a44c26 [12ms]
2025-05-09 09:24:48.293 [info] > git diff --name-status -z --diff-filter=ADMR 82f9f7536ce3b1dc989f8342837955da05a44c26 [10ms]
2025-05-09 09:24:48.306 [info] > git diff --name-status -z --diff-filter=ADMR @{upstream} [2ms]
2025-05-09 09:25:07.000 [info] > git rev-parse --show-toplevel [3ms]
2025-05-09 09:25:07.000 [info] fatal: not a git repository (or any of the parent directories): .git
2025-05-09 09:25:33.856 [info] > git rev-parse --show-toplevel [2ms]
2025-05-09 09:25:33.856 [info] fatal: not a git repository (or any of the parent directories): .git
2025-05-09 09:26:48.292 [info] > git diff --name-status -z --diff-filter=ADMR 82f9f7536ce3b1dc989f8342837955da05a44c26 [10ms]
2025-05-09 09:26:48.306 [info] > git diff --name-status -z --diff-filter=ADMR @{upstream} [3ms]
2025-05-09 09:28:48.293 [info] > git diff --name-status -z --diff-filter=ADMR 82f9f7536ce3b1dc989f8342837955da05a44c26 [10ms]
2025-05-09 09:28:48.306 [info] > git diff --name-status -z --diff-filter=ADMR @{upstream} [2ms]
2025-05-09 09:30:48.294 [info] > git diff --name-status -z --diff-filter=ADMR 82f9f7536ce3b1dc989f8342837955da05a44c26 [10ms]
2025-05-09 09:30:48.307 [info] > git diff --name-status -z --diff-filter=ADMR @{upstream} [3ms]
2025-05-09 09:32:48.295 [info] > git diff --name-status -z --diff-filter=ADMR 82f9f7536ce3b1dc989f8342837955da05a44c26 [10ms]
2025-05-09 09:32:48.307 [info] > git diff --name-status -z --diff-filter=ADMR @{upstream} [2ms]
2025-05-09 09:34:48.295 [info] > git diff --name-status -z --diff-filter=ADMR 82f9f7536ce3b1dc989f8342837955da05a44c26 [10ms]
2025-05-09 09:34:48.308 [info] > git diff --name-status -z --diff-filter=ADMR @{upstream} [2ms]
2025-05-09 09:36:48.295 [info] > git diff --name-status -z --diff-filter=ADMR 82f9f7536ce3b1dc989f8342837955da05a44c26 [9ms]
2025-05-09 09:36:48.308 [info] > git diff --name-status -z --diff-filter=ADMR @{upstream} [2ms]
2025-05-09 09:38:48.296 [info] > git diff --name-status -z --diff-filter=ADMR 82f9f7536ce3b1dc989f8342837955da05a44c26 [9ms]
2025-05-09 09:38:48.309 [info] > git diff --name-status -z --diff-filter=ADMR @{upstream} [2ms]
2025-05-09 09:40:48.297 [info] > git diff --name-status -z --diff-filter=ADMR 82f9f7536ce3b1dc989f8342837955da05a44c26 [10ms]
2025-05-09 09:40:48.309 [info] > git diff --name-status -z --diff-filter=ADMR @{upstream} [2ms]
2025-05-09 09:42:48.298 [info] > git diff --name-status -z --diff-filter=ADMR 82f9f7536ce3b1dc989f8342837955da05a44c26 [9ms]
2025-05-09 09:42:48.311 [info] > git diff --name-status -z --diff-filter=ADMR @{upstream} [1ms]
2025-05-09 09:44:48.301 [info] > git diff --name-status -z --diff-filter=ADMR 82f9f7536ce3b1dc989f8342837955da05a44c26 [10ms]
2025-05-09 09:44:48.313 [info] > git diff --name-status -z --diff-filter=ADMR @{upstream} [2ms]
2025-05-09 09:46:48.303 [info] > git diff --name-status -z --diff-filter=ADMR 82f9f7536ce3b1dc989f8342837955da05a44c26 [10ms]
2025-05-09 09:46:48.315 [info] > git diff --name-status -z --diff-filter=ADMR @{upstream} [2ms]
2025-05-09 09:48:48.304 [info] > git diff --name-status -z --diff-filter=ADMR 82f9f7536ce3b1dc989f8342837955da05a44c26 [11ms]
2025-05-09 09:48:48.316 [info] > git diff --name-status -z --diff-filter=ADMR @{upstream} [2ms]
2025-05-09 09:50:48.304 [info] > git diff --name-status -z --diff-filter=ADMR 82f9f7536ce3b1dc989f8342837955da05a44c26 [10ms]
2025-05-09 09:50:48.317 [info] > git diff --name-status -z --diff-filter=ADMR @{upstream} [2ms]
2025-05-09 09:52:48.304 [info] > git diff --name-status -z --diff-filter=ADMR 82f9f7536ce3b1dc989f8342837955da05a44c26 [10ms]
2025-05-09 09:52:48.317 [info] > git diff --name-status -z --diff-filter=ADMR @{upstream} [3ms]
2025-05-09 09:54:48.305 [info] > git diff --name-status -z --diff-filter=ADMR 82f9f7536ce3b1dc989f8342837955da05a44c26 [10ms]
2025-05-09 09:54:48.316 [info] > git diff --name-status -z --diff-filter=ADMR @{upstream} [2ms]
2025-05-09 09:56:15.743 [info] > git rev-parse --show-toplevel [1ms]
2025-05-09 09:56:15.743 [info] fatal: not a git repository (or any of the parent directories): .git
2025-05-09 09:56:48.306 [info] > git diff --name-status -z --diff-filter=ADMR 82f9f7536ce3b1dc989f8342837955da05a44c26 [10ms]
2025-05-09 09:56:48.317 [info] > git diff --name-status -z --diff-filter=ADMR @{upstream} [1ms]
2025-05-09 09:57:02.796 [info] > git rev-parse --show-toplevel [1ms]
2025-05-09 09:57:02.796 [info] fatal: not a git repository (or any of the parent directories): .git
2025-05-09 09:57:04.582 [info] > git rev-parse --show-toplevel [2ms]
2025-05-09 09:57:04.582 [info] fatal: not a git repository (or any of the parent directories): .git
2025-05-09 09:57:06.791 [info] > git rev-parse --show-toplevel [1ms]
2025-05-09 09:57:06.791 [info] fatal: not a git repository (or any of the parent directories): .git
2025-05-09 09:57:15.030 [info] > git rev-parse --show-toplevel [2ms]
2025-05-09 09:57:15.030 [info] fatal: not a git repository (or any of the parent directories): .git
2025-05-09 09:57:20.028 [info] > git rev-parse --show-toplevel [1ms]
2025-05-09 09:57:20.028 [info] fatal: not a git repository (or any of the parent directories): .git
2025-05-09 09:57:25.109 [info] > git rev-parse --show-toplevel [2ms]
2025-05-09 09:57:25.109 [info] fatal: not a git repository (or any of the parent directories): .git
2025-05-09 09:58:48.306 [info] > git diff --name-status -z --diff-filter=ADMR 82f9f7536ce3b1dc989f8342837955da05a44c26 [10ms]
2025-05-09 09:58:48.317 [info] > git diff --name-status -z --diff-filter=ADMR @{upstream} [2ms]
2025-05-09 09:58:50.121 [info] > git rev-parse --show-toplevel [1ms]
2025-05-09 09:58:50.121 [info] fatal: not a git repository (or any of the parent directories): .git
2025-05-09 09:58:51.924 [info] > git rev-parse --show-toplevel [1ms]
2025-05-09 09:58:51.924 [info] fatal: not a git repository (or any of the parent directories): .git
2025-05-09 09:59:10.508 [info] > git rev-parse --show-toplevel [1ms]
2025-05-09 09:59:10.509 [info] fatal: not a git repository (or any of the parent directories): .git
2025-05-09 10:00:48.307 [info] > git diff --name-status -z --diff-filter=ADMR 82f9f7536ce3b1dc989f8342837955da05a44c26 [9ms]
2025-05-09 10:00:48.319 [info] > git diff --name-status -z --diff-filter=ADMR @{upstream} [2ms]
2025-05-09 10:02:48.308 [info] > git diff --name-status -z --diff-filter=ADMR 82f9f7536ce3b1dc989f8342837955da05a44c26 [10ms]
2025-05-09 10:02:48.319 [info] > git diff --name-status -z --diff-filter=ADMR @{upstream} [2ms]
2025-05-09 10:02:48.750 [info] > git rev-parse --show-toplevel [3ms]
2025-05-09 10:02:48.750 [info] fatal: not a git repository (or any of the parent directories): .git
2025-05-09 10:04:48.308 [info] > git diff --name-status -z --diff-filter=ADMR 82f9f7536ce3b1dc989f8342837955da05a44c26 [10ms]
2025-05-09 10:04:48.320 [info] > git diff --name-status -z --diff-filter=ADMR @{upstream} [2ms]
2025-05-09 10:06:48.308 [info] > git diff --name-status -z --diff-filter=ADMR 82f9f7536ce3b1dc989f8342837955da05a44c26 [9ms]
2025-05-09 10:06:48.317 [info] > git diff --name-status -z --diff-filter=ADMR @{upstream} [2ms]
2025-05-09 10:07:46.029 [info] > git rev-parse --show-toplevel [2ms]
2025-05-09 10:07:46.029 [info] fatal: not a git repository (or any of the parent directories): .git
2025-05-09 10:08:21.716 [info] > git rev-parse --show-toplevel [2ms]
2025-05-09 10:08:21.716 [info] fatal: not a git repository (or any of the parent directories): .git
2025-05-09 10:08:48.309 [info] > git diff --name-status -z --diff-filter=ADMR 82f9f7536ce3b1dc989f8342837955da05a44c26 [10ms]
2025-05-09 10:08:48.321 [info] > git diff --name-status -z --diff-filter=ADMR @{upstream} [2ms]
2025-05-09 10:10:48.308 [info] > git diff --name-status -z --diff-filter=ADMR 82f9f7536ce3b1dc989f8342837955da05a44c26 [10ms]
2025-05-09 10:10:48.320 [info] > git diff --name-status -z --diff-filter=ADMR @{upstream} [2ms]
2025-05-09 10:12:48.308 [info] > git diff --name-status -z --diff-filter=ADMR 82f9f7536ce3b1dc989f8342837955da05a44c26 [10ms]
2025-05-09 10:12:48.318 [info] > git diff --name-status -z --diff-filter=ADMR @{upstream} [1ms]
2025-05-09 10:12:51.065 [info] > git rev-parse --show-toplevel [1ms]
2025-05-09 10:12:51.065 [info] fatal: not a git repository (or any of the parent directories): .git
2025-05-09 10:14:48.309 [info] > git diff --name-status -z --diff-filter=ADMR 82f9f7536ce3b1dc989f8342837955da05a44c26 [10ms]
2025-05-09 10:14:48.319 [info] > git diff --name-status -z --diff-filter=ADMR @{upstream} [2ms]
2025-05-09 10:16:01.686 [info] > git rev-parse --show-toplevel [2ms]
2025-05-09 10:16:01.686 [info] fatal: not a git repository (or any of the parent directories): .git
2025-05-09 10:16:48.309 [info] > git diff --name-status -z --diff-filter=ADMR 82f9f7536ce3b1dc989f8342837955da05a44c26 [9ms]
2025-05-09 10:16:48.322 [info] > git diff --name-status -z --diff-filter=ADMR @{upstream} [2ms]
2025-05-09 10:18:48.309 [info] > git diff --name-status -z --diff-filter=ADMR 82f9f7536ce3b1dc989f8342837955da05a44c26 [9ms]
2025-05-09 10:18:48.321 [info] > git diff --name-status -z --diff-filter=ADMR @{upstream} [2ms]
2025-05-09 10:20:48.312 [info] > git diff --name-status -z --diff-filter=ADMR 82f9f7536ce3b1dc989f8342837955da05a44c26 [10ms]
2025-05-09 10:20:48.325 [info] > git diff --name-status -z --diff-filter=ADMR @{upstream} [2ms]
2025-05-09 10:22:48.312 [info] > git diff --name-status -z --diff-filter=ADMR 82f9f7536ce3b1dc989f8342837955da05a44c26 [10ms]
2025-05-09 10:22:48.324 [info] > git diff --name-status -z --diff-filter=ADMR @{upstream} [2ms]
2025-05-09 10:24:48.313 [info] > git diff --name-status -z --diff-filter=ADMR 82f9f7536ce3b1dc989f8342837955da05a44c26 [10ms]
2025-05-09 10:24:48.324 [info] > git diff --name-status -z --diff-filter=ADMR @{upstream} [2ms]
2025-05-09 10:26:48.314 [info] > git diff --name-status -z --diff-filter=ADMR 82f9f7536ce3b1dc989f8342837955da05a44c26 [9ms]
2025-05-09 10:26:48.323 [info] > git diff --name-status -z --diff-filter=ADMR @{upstream} [2ms]
2025-05-09 10:28:48.313 [info] > git diff --name-status -z --diff-filter=ADMR 82f9f7536ce3b1dc989f8342837955da05a44c26 [10ms]
2025-05-09 10:28:48.324 [info] > git diff --name-status -z --diff-filter=ADMR @{upstream} [2ms]
2025-05-09 10:30:48.314 [info] > git diff --name-status -z --diff-filter=ADMR 82f9f7536ce3b1dc989f8342837955da05a44c26 [10ms]
2025-05-09 10:30:48.325 [info] > git diff --name-status -z --diff-filter=ADMR @{upstream} [2ms]
2025-05-09 10:32:48.316 [info] > git diff --name-status -z --diff-filter=ADMR 82f9f7536ce3b1dc989f8342837955da05a44c26 [10ms]
2025-05-09 10:32:48.329 [info] > git diff --name-status -z --diff-filter=ADMR @{upstream} [2ms]
2025-05-09 10:34:48.316 [info] > git diff --name-status -z --diff-filter=ADMR 82f9f7536ce3b1dc989f8342837955da05a44c26 [9ms]
2025-05-09 10:34:48.327 [info] > git diff --name-status -z --diff-filter=ADMR @{upstream} [2ms]
2025-05-09 10:36:48.315 [info] > git diff --name-status -z --diff-filter=ADMR 82f9f7536ce3b1dc989f8342837955da05a44c26 [9ms]
2025-05-09 10:36:48.326 [info] > git diff --name-status -z --diff-filter=ADMR @{upstream} [2ms]
2025-05-09 10:38:48.315 [info] > git diff --name-status -z --diff-filter=ADMR 82f9f7536ce3b1dc989f8342837955da05a44c26 [10ms]
2025-05-09 10:38:48.324 [info] > git diff --name-status -z --diff-filter=ADMR @{upstream} [2ms]
2025-05-09 10:40:48.316 [info] > git diff --name-status -z --diff-filter=ADMR 82f9f7536ce3b1dc989f8342837955da05a44c26 [10ms]
2025-05-09 10:40:48.329 [info] > git diff --name-status -z --diff-filter=ADMR @{upstream} [3ms]
2025-05-09 10:42:48.318 [info] > git diff --name-status -z --diff-filter=ADMR 82f9f7536ce3b1dc989f8342837955da05a44c26 [10ms]
2025-05-09 10:42:48.328 [info] > git diff --name-status -z --diff-filter=ADMR @{upstream} [2ms]
2025-05-09 10:44:48.319 [info] > git diff --name-status -z --diff-filter=ADMR 82f9f7536ce3b1dc989f8342837955da05a44c26 [10ms]
2025-05-09 10:44:48.331 [info] > git diff --name-status -z --diff-filter=ADMR @{upstream} [2ms]
2025-05-09 10:46:48.320 [info] > git diff --name-status -z --diff-filter=ADMR 82f9f7536ce3b1dc989f8342837955da05a44c26 [10ms]
2025-05-09 10:46:48.331 [info] > git diff --name-status -z --diff-filter=ADMR @{upstream} [2ms]
2025-05-09 10:48:48.320 [info] > git diff --name-status -z --diff-filter=ADMR 82f9f7536ce3b1dc989f8342837955da05a44c26 [9ms]
2025-05-09 10:48:48.331 [info] > git diff --name-status -z --diff-filter=ADMR @{upstream} [2ms]
2025-05-09 10:50:48.322 [info] > git diff --name-status -z --diff-filter=ADMR 82f9f7536ce3b1dc989f8342837955da05a44c26 [10ms]
2025-05-09 10:50:48.333 [info] > git diff --name-status -z --diff-filter=ADMR @{upstream} [2ms]
2025-05-09 10:52:48.322 [info] > git diff --name-status -z --diff-filter=ADMR 82f9f7536ce3b1dc989f8342837955da05a44c26 [10ms]
2025-05-09 10:52:48.334 [info] > git diff --name-status -z --diff-filter=ADMR @{upstream} [2ms]
2025-05-09 10:54:48.323 [info] > git diff --name-status -z --diff-filter=ADMR 82f9f7536ce3b1dc989f8342837955da05a44c26 [10ms]
2025-05-09 10:54:48.335 [info] > git diff --name-status -z --diff-filter=ADMR @{upstream} [3ms]
2025-05-09 10:56:48.323 [info] > git diff --name-status -z --diff-filter=ADMR 82f9f7536ce3b1dc989f8342837955da05a44c26 [10ms]
2025-05-09 10:56:48.335 [info] > git diff --name-status -z --diff-filter=ADMR @{upstream} [3ms]
2025-05-09 10:58:48.324 [info] > git diff --name-status -z --diff-filter=ADMR 82f9f7536ce3b1dc989f8342837955da05a44c26 [10ms]
2025-05-09 10:58:48.336 [info] > git diff --name-status -z --diff-filter=ADMR @{upstream} [3ms]
2025-05-09 11:00:48.326 [info] > git diff --name-status -z --diff-filter=ADMR 82f9f7536ce3b1dc989f8342837955da05a44c26 [10ms]
2025-05-09 11:00:48.338 [info] > git diff --name-status -z --diff-filter=ADMR @{upstream} [2ms]
2025-05-09 11:02:48.328 [info] > git diff --name-status -z --diff-filter=ADMR 82f9f7536ce3b1dc989f8342837955da05a44c26 [10ms]
2025-05-09 11:02:48.341 [info] > git diff --name-status -z --diff-filter=ADMR @{upstream} [2ms]
2025-05-09 11:04:48.327 [info] > git diff --name-status -z --diff-filter=ADMR 82f9f7536ce3b1dc989f8342837955da05a44c26 [9ms]
2025-05-09 11:04:48.339 [info] > git diff --name-status -z --diff-filter=ADMR @{upstream} [2ms]
2025-05-09 11:06:48.327 [info] > git diff --name-status -z --diff-filter=ADMR 82f9f7536ce3b1dc989f8342837955da05a44c26 [10ms]
2025-05-09 11:06:48.339 [info] > git diff --name-status -z --diff-filter=ADMR @{upstream} [2ms]
2025-05-09 11:08:48.328 [info] > git diff --name-status -z --diff-filter=ADMR 82f9f7536ce3b1dc989f8342837955da05a44c26 [10ms]
2025-05-09 11:08:48.340 [info] > git diff --name-status -z --diff-filter=ADMR @{upstream} [2ms]
2025-05-09 11:10:48.331 [info] > git diff --name-status -z --diff-filter=ADMR 82f9f7536ce3b1dc989f8342837955da05a44c26 [9ms]
2025-05-09 11:10:48.343 [info] > git diff --name-status -z --diff-filter=ADMR @{upstream} [3ms]
2025-05-09 11:12:48.330 [info] > git diff --name-status -z --diff-filter=ADMR 82f9f7536ce3b1dc989f8342837955da05a44c26 [10ms]
2025-05-09 11:12:48.340 [info] > git diff --name-status -z --diff-filter=ADMR @{upstream} [2ms]
2025-05-09 11:14:48.331 [info] > git diff --name-status -z --diff-filter=ADMR 82f9f7536ce3b1dc989f8342837955da05a44c26 [9ms]
2025-05-09 11:14:48.342 [info] > git diff --name-status -z --diff-filter=ADMR @{upstream} [2ms]
2025-05-09 11:16:48.331 [info] > git diff --name-status -z --diff-filter=ADMR 82f9f7536ce3b1dc989f8342837955da05a44c26 [10ms]
2025-05-09 11:16:48.342 [info] > git diff --name-status -z --diff-filter=ADMR @{upstream} [2ms]
2025-05-09 11:18:48.331 [info] > git diff --name-status -z --diff-filter=ADMR 82f9f7536ce3b1dc989f8342837955da05a44c26 [10ms]
2025-05-09 11:18:48.340 [info] > git diff --name-status -z --diff-filter=ADMR @{upstream} [2ms]
2025-05-09 11:20:48.332 [info] > git diff --name-status -z --diff-filter=ADMR 82f9f7536ce3b1dc989f8342837955da05a44c26 [9ms]
2025-05-09 11:20:48.344 [info] > git diff --name-status -z --diff-filter=ADMR @{upstream} [2ms]
2025-05-09 11:22:48.332 [info] > git diff --name-status -z --diff-filter=ADMR 82f9f7536ce3b1dc989f8342837955da05a44c26 [10ms]
2025-05-09 11:22:48.343 [info] > git diff --name-status -z --diff-filter=ADMR @{upstream} [3ms]
2025-05-09 11:24:48.333 [info] > git diff --name-status -z --diff-filter=ADMR 82f9f7536ce3b1dc989f8342837955da05a44c26 [10ms]
2025-05-09 11:24:48.343 [info] > git diff --name-status -z --diff-filter=ADMR @{upstream} [2ms]
2025-05-09 11:26:48.334 [info] > git diff --name-status -z --diff-filter=ADMR 82f9f7536ce3b1dc989f8342837955da05a44c26 [10ms]
2025-05-09 11:26:48.344 [info] > git diff --name-status -z --diff-filter=ADMR @{upstream} [2ms]
2025-05-09 11:28:48.334 [info] > git diff --name-status -z --diff-filter=ADMR 82f9f7536ce3b1dc989f8342837955da05a44c26 [9ms]
2025-05-09 11:28:48.344 [info] > git diff --name-status -z --diff-filter=ADMR @{upstream} [2ms]
2025-05-09 11:30:48.335 [info] > git diff --name-status -z --diff-filter=ADMR 82f9f7536ce3b1dc989f8342837955da05a44c26 [10ms]
2025-05-09 11:30:48.347 [info] > git diff --name-status -z --diff-filter=ADMR @{upstream} [2ms]
2025-05-09 11:32:48.336 [info] > git diff --name-status -z --diff-filter=ADMR 82f9f7536ce3b1dc989f8342837955da05a44c26 [9ms]
2025-05-09 11:32:48.347 [info] > git diff --name-status -z --diff-filter=ADMR @{upstream} [2ms]
2025-05-09 11:34:48.335 [info] > git diff --name-status -z --diff-filter=ADMR 82f9f7536ce3b1dc989f8342837955da05a44c26 [10ms]
2025-05-09 11:34:48.345 [info] > git diff --name-status -z --diff-filter=ADMR @{upstream} [2ms]
2025-05-09 11:36:48.335 [info] > git diff --name-status -z --diff-filter=ADMR 82f9f7536ce3b1dc989f8342837955da05a44c26 [9ms]
2025-05-09 11:36:48.345 [info] > git diff --name-status -z --diff-filter=ADMR @{upstream} [2ms]
2025-05-09 11:38:48.337 [info] > git diff --name-status -z --diff-filter=ADMR 82f9f7536ce3b1dc989f8342837955da05a44c26 [10ms]
2025-05-09 11:38:48.346 [info] > git diff --name-status -z --diff-filter=ADMR @{upstream} [2ms]
2025-05-09 11:40:48.337 [info] > git diff --name-status -z --diff-filter=ADMR 82f9f7536ce3b1dc989f8342837955da05a44c26 [10ms]
2025-05-09 11:40:48.351 [info] > git diff --name-status -z --diff-filter=ADMR @{upstream} [3ms]
2025-05-09 11:42:48.339 [info] > git diff --name-status -z --diff-filter=ADMR 82f9f7536ce3b1dc989f8342837955da05a44c26 [10ms]
2025-05-09 11:42:48.350 [info] > git diff --name-status -z --diff-filter=ADMR @{upstream} [2ms]
2025-05-09 11:44:48.340 [info] > git diff --name-status -z --diff-filter=ADMR 82f9f7536ce3b1dc989f8342837955da05a44c26 [10ms]
2025-05-09 11:44:48.352 [info] > git diff --name-status -z --diff-filter=ADMR @{upstream} [3ms]
2025-05-09 11:46:48.341 [info] > git diff --name-status -z --diff-filter=ADMR 82f9f7536ce3b1dc989f8342837955da05a44c26 [10ms]
2025-05-09 11:46:48.352 [info] > git diff --name-status -z --diff-filter=ADMR @{upstream} [2ms]
2025-05-09 11:48:48.341 [info] > git diff --name-status -z --diff-filter=ADMR 82f9f7536ce3b1dc989f8342837955da05a44c26 [9ms]
2025-05-09 11:48:48.353 [info] > git diff --name-status -z --diff-filter=ADMR @{upstream} [2ms]
2025-05-09 11:50:48.343 [info] > git diff --name-status -z --diff-filter=ADMR 82f9f7536ce3b1dc989f8342837955da05a44c26 [10ms]
2025-05-09 11:50:48.358 [info] > git diff --name-status -z --diff-filter=ADMR @{upstream} [4ms]
2025-05-09 11:52:48.342 [info] > git diff --name-status -z --diff-filter=ADMR 82f9f7536ce3b1dc989f8342837955da05a44c26 [10ms]
2025-05-09 11:52:48.354 [info] > git diff --name-status -z --diff-filter=ADMR @{upstream} [2ms]
2025-05-09 11:54:48.344 [info] > git diff --name-status -z --diff-filter=ADMR 82f9f7536ce3b1dc989f8342837955da05a44c26 [10ms]
2025-05-09 11:54:48.354 [info] > git diff --name-status -z --diff-filter=ADMR @{upstream} [2ms]
2025-05-09 11:56:48.346 [info] > git diff --name-status -z --diff-filter=ADMR 82f9f7536ce3b1dc989f8342837955da05a44c26 [10ms]
2025-05-09 11:56:48.357 [info] > git diff --name-status -z --diff-filter=ADMR @{upstream} [2ms]
2025-05-09 11:58:48.347 [info] > git diff --name-status -z --diff-filter=ADMR 82f9f7536ce3b1dc989f8342837955da05a44c26 [9ms]
2025-05-09 11:58:48.355 [info] > git diff --name-status -z --diff-filter=ADMR @{upstream} [1ms]
2025-05-09 12:00:48.349 [info] > git diff --name-status -z --diff-filter=ADMR 82f9f7536ce3b1dc989f8342837955da05a44c26 [10ms]
2025-05-09 12:00:48.363 [info] > git diff --name-status -z --diff-filter=ADMR @{upstream} [3ms]
2025-05-09 12:02:48.347 [info] > git diff --name-status -z --diff-filter=ADMR 82f9f7536ce3b1dc989f8342837955da05a44c26 [9ms]
2025-05-09 12:02:48.358 [info] > git diff --name-status -z --diff-filter=ADMR @{upstream} [2ms]
2025-05-09 12:04:48.349 [info] > git diff --name-status -z --diff-filter=ADMR 82f9f7536ce3b1dc989f8342837955da05a44c26 [10ms]
2025-05-09 12:04:48.361 [info] > git diff --name-status -z --diff-filter=ADMR @{upstream} [2ms]
2025-05-09 12:06:48.350 [info] > git diff --name-status -z --diff-filter=ADMR 82f9f7536ce3b1dc989f8342837955da05a44c26 [10ms]
2025-05-09 12:06:48.363 [info] > git diff --name-status -z --diff-filter=ADMR @{upstream} [3ms]
2025-05-09 12:08:48.351 [info] > git diff --name-status -z --diff-filter=ADMR 82f9f7536ce3b1dc989f8342837955da05a44c26 [10ms]
2025-05-09 12:08:48.362 [info] > git diff --name-status -z --diff-filter=ADMR @{upstream} [2ms]
2025-05-09 12:10:48.352 [info] > git diff --name-status -z --diff-filter=ADMR 82f9f7536ce3b1dc989f8342837955da05a44c26 [10ms]
2025-05-09 12:10:48.361 [info] > git diff --name-status -z --diff-filter=ADMR @{upstream} [1ms]
2025-05-09 12:12:48.353 [info] > git diff --name-status -z --diff-filter=ADMR 82f9f7536ce3b1dc989f8342837955da05a44c26 [10ms]
2025-05-09 12:12:48.365 [info] > git diff --name-status -z --diff-filter=ADMR @{upstream} [2ms]
2025-05-09 12:14:48.353 [info] > git diff --name-status -z --diff-filter=ADMR 82f9f7536ce3b1dc989f8342837955da05a44c26 [9ms]
2025-05-09 12:14:48.365 [info] > git diff --name-status -z --diff-filter=ADMR @{upstream} [2ms]
2025-05-09 12:15:13.876 [info] > git rev-parse --show-toplevel [1ms]
2025-05-09 12:15:13.876 [info] fatal: not a git repository (or any of the parent directories): .git
2025-05-09 12:16:48.355 [info] > git diff --name-status -z --diff-filter=ADMR 82f9f7536ce3b1dc989f8342837955da05a44c26 [9ms]
2025-05-09 12:16:48.367 [info] > git diff --name-status -z --diff-filter=ADMR @{upstream} [2ms]
2025-05-09 12:18:48.355 [info] > git diff --name-status -z --diff-filter=ADMR 82f9f7536ce3b1dc989f8342837955da05a44c26 [10ms]
2025-05-09 12:18:48.366 [info] > git diff --name-status -z --diff-filter=ADMR @{upstream} [2ms]
2025-05-09 12:20:48.356 [info] > git diff --name-status -z --diff-filter=ADMR 82f9f7536ce3b1dc989f8342837955da05a44c26 [10ms]
2025-05-09 12:20:48.370 [info] > git diff --name-status -z --diff-filter=ADMR @{upstream} [3ms]
2025-05-09 12:22:48.357 [info] > git diff --name-status -z --diff-filter=ADMR 82f9f7536ce3b1dc989f8342837955da05a44c26 [10ms]
2025-05-09 12:22:48.368 [info] > git diff --name-status -z --diff-filter=ADMR @{upstream} [2ms]
2025-05-09 12:24:48.357 [info] > git diff --name-status -z --diff-filter=ADMR 82f9f7536ce3b1dc989f8342837955da05a44c26 [10ms]
2025-05-09 12:24:48.368 [info] > git diff --name-status -z --diff-filter=ADMR @{upstream} [2ms]
2025-05-09 12:26:48.357 [info] > git diff --name-status -z --diff-filter=ADMR 82f9f7536ce3b1dc989f8342837955da05a44c26 [9ms]
2025-05-09 12:26:48.367 [info] > git diff --name-status -z --diff-filter=ADMR @{upstream} [1ms]
2025-05-09 12:28:48.358 [info] > git diff --name-status -z --diff-filter=ADMR 82f9f7536ce3b1dc989f8342837955da05a44c26 [10ms]
2025-05-09 12:28:48.370 [info] > git diff --name-status -z --diff-filter=ADMR @{upstream} [3ms]
2025-05-09 12:30:44.911 [info] > git rev-parse --show-toplevel [3ms]
2025-05-09 12:30:44.911 [info] fatal: not a git repository (or any of the parent directories): .git
2025-05-09 12:30:48.358 [info] > git diff --name-status -z --diff-filter=ADMR 82f9f7536ce3b1dc989f8342837955da05a44c26 [10ms]
2025-05-09 12:30:48.371 [info] > git diff --name-status -z --diff-filter=ADMR @{upstream} [3ms]
2025-05-09 12:32:48.359 [info] > git diff --name-status -z --diff-filter=ADMR 82f9f7536ce3b1dc989f8342837955da05a44c26 [10ms]
2025-05-09 12:32:48.372 [info] > git diff --name-status -z --diff-filter=ADMR @{upstream} [2ms]
2025-05-09 12:34:48.359 [info] > git diff --name-status -z --diff-filter=ADMR 82f9f7536ce3b1dc989f8342837955da05a44c26 [10ms]
2025-05-09 12:34:48.371 [info] > git diff --name-status -z --diff-filter=ADMR @{upstream} [3ms]
2025-05-09 12:36:48.360 [info] > git diff --name-status -z --diff-filter=ADMR 82f9f7536ce3b1dc989f8342837955da05a44c26 [10ms]
2025-05-09 12:36:48.371 [info] > git diff --name-status -z --diff-filter=ADMR @{upstream} [2ms]
2025-05-09 12:38:48.361 [info] > git diff --name-status -z --diff-filter=ADMR 82f9f7536ce3b1dc989f8342837955da05a44c26 [10ms]
2025-05-09 12:38:48.372 [info] > git diff --name-status -z --diff-filter=ADMR @{upstream} [3ms]
2025-05-09 12:40:48.360 [info] > git diff --name-status -z --diff-filter=ADMR 82f9f7536ce3b1dc989f8342837955da05a44c26 [10ms]
2025-05-09 12:40:48.374 [info] > git diff --name-status -z --diff-filter=ADMR @{upstream} [2ms]
2025-05-09 12:42:48.361 [info] > git diff --name-status -z --diff-filter=ADMR 82f9f7536ce3b1dc989f8342837955da05a44c26 [10ms]
2025-05-09 12:42:48.372 [info] > git diff --name-status -z --diff-filter=ADMR @{upstream} [2ms]
2025-05-09 12:44:48.361 [info] > git diff --name-status -z --diff-filter=ADMR 82f9f7536ce3b1dc989f8342837955da05a44c26 [10ms]
2025-05-09 12:44:48.372 [info] > git diff --name-status -z --diff-filter=ADMR @{upstream} [2ms]
2025-05-09 12:46:48.361 [info] > git diff --name-status -z --diff-filter=ADMR 82f9f7536ce3b1dc989f8342837955da05a44c26 [9ms]
2025-05-09 12:46:48.373 [info] > git diff --name-status -z --diff-filter=ADMR @{upstream} [4ms]
2025-05-09 12:48:48.362 [info] > git diff --name-status -z --diff-filter=ADMR 82f9f7536ce3b1dc989f8342837955da05a44c26 [9ms]
2025-05-09 12:48:48.373 [info] > git diff --name-status -z --diff-filter=ADMR @{upstream} [2ms]
2025-05-09 12:50:48.362 [info] > git diff --name-status -z --diff-filter=ADMR 82f9f7536ce3b1dc989f8342837955da05a44c26 [9ms]
2025-05-09 12:50:48.374 [info] > git diff --name-status -z --diff-filter=ADMR @{upstream} [1ms]
2025-05-09 12:52:48.363 [info] > git diff --name-status -z --diff-filter=ADMR 82f9f7536ce3b1dc989f8342837955da05a44c26 [10ms]
2025-05-09 12:52:48.375 [info] > git diff --name-status -z --diff-filter=ADMR @{upstream} [3ms]
2025-05-09 12:54:48.365 [info] > git diff --name-status -z --diff-filter=ADMR 82f9f7536ce3b1dc989f8342837955da05a44c26 [10ms]
2025-05-09 12:54:48.376 [info] > git diff --name-status -z --diff-filter=ADMR @{upstream} [2ms]
2025-05-09 12:56:48.366 [info] > git diff --name-status -z --diff-filter=ADMR 82f9f7536ce3b1dc989f8342837955da05a44c26 [10ms]
2025-05-09 12:56:48.377 [info] > git diff --name-status -z --diff-filter=ADMR @{upstream} [2ms]
2025-05-09 12:58:48.368 [info] > git diff --name-status -z --diff-filter=ADMR 82f9f7536ce3b1dc989f8342837955da05a44c26 [10ms]
2025-05-09 12:58:48.380 [info] > git diff --name-status -z --diff-filter=ADMR @{upstream} [3ms]
2025-05-09 13:00:48.368 [info] > git diff --name-status -z --diff-filter=ADMR 82f9f7536ce3b1dc989f8342837955da05a44c26 [10ms]
2025-05-09 13:00:48.380 [info] > git diff --name-status -z --diff-filter=ADMR @{upstream} [2ms]
2025-05-09 13:02:48.369 [info] > git diff --name-status -z --diff-filter=ADMR 82f9f7536ce3b1dc989f8342837955da05a44c26 [10ms]
2025-05-09 13:02:48.381 [info] > git diff --name-status -z --diff-filter=ADMR @{upstream} [2ms]
2025-05-09 13:04:48.370 [info] > git diff --name-status -z --diff-filter=ADMR 82f9f7536ce3b1dc989f8342837955da05a44c26 [10ms]
2025-05-09 13:04:48.381 [info] > git diff --name-status -z --diff-filter=ADMR @{upstream} [2ms]
2025-05-09 13:06:48.371 [info] > git diff --name-status -z --diff-filter=ADMR 82f9f7536ce3b1dc989f8342837955da05a44c26 [9ms]
2025-05-09 13:06:48.382 [info] > git diff --name-status -z --diff-filter=ADMR @{upstream} [2ms]
2025-05-09 13:08:48.372 [info] > git diff --name-status -z --diff-filter=ADMR 82f9f7536ce3b1dc989f8342837955da05a44c26 [10ms]
2025-05-09 13:08:48.381 [info] > git diff --name-status -z --diff-filter=ADMR @{upstream} [2ms]
2025-05-09 13:10:48.373 [info] > git diff --name-status -z --diff-filter=ADMR 82f9f7536ce3b1dc989f8342837955da05a44c26 [10ms]
2025-05-09 13:10:48.385 [info] > git diff --name-status -z --diff-filter=ADMR @{upstream} [2ms]
2025-05-09 13:12:48.374 [info] > git diff --name-status -z --diff-filter=ADMR 82f9f7536ce3b1dc989f8342837955da05a44c26 [10ms]
2025-05-09 13:12:48.384 [info] > git diff --name-status -z --diff-filter=ADMR @{upstream} [2ms]
2025-05-09 13:14:48.374 [info] > git diff --name-status -z --diff-filter=ADMR 82f9f7536ce3b1dc989f8342837955da05a44c26 [9ms]
2025-05-09 13:14:48.384 [info] > git diff --name-status -z --diff-filter=ADMR @{upstream} [2ms]
2025-05-09 13:16:48.376 [info] > git diff --name-status -z --diff-filter=ADMR 82f9f7536ce3b1dc989f8342837955da05a44c26 [10ms]
2025-05-09 13:16:48.387 [info] > git diff --name-status -z --diff-filter=ADMR @{upstream} [2ms]
2025-05-09 13:18:48.376 [info] > git diff --name-status -z --diff-filter=ADMR 82f9f7536ce3b1dc989f8342837955da05a44c26 [10ms]
2025-05-09 13:18:48.385 [info] > git diff --name-status -z --diff-filter=ADMR @{upstream} [2ms]
2025-05-09 13:20:48.377 [info] > git diff --name-status -z --diff-filter=ADMR 82f9f7536ce3b1dc989f8342837955da05a44c26 [10ms]
2025-05-09 13:20:48.389 [info] > git diff --name-status -z --diff-filter=ADMR @{upstream} [2ms]
2025-05-09 13:22:48.378 [info] > git diff --name-status -z --diff-filter=ADMR 82f9f7536ce3b1dc989f8342837955da05a44c26 [10ms]
2025-05-09 13:22:48.391 [info] > git diff --name-status -z --diff-filter=ADMR @{upstream} [4ms]
2025-05-09 13:24:48.378 [info] > git diff --name-status -z --diff-filter=ADMR 82f9f7536ce3b1dc989f8342837955da05a44c26 [10ms]
2025-05-09 13:24:48.389 [info] > git diff --name-status -z --diff-filter=ADMR @{upstream} [1ms]
2025-05-09 13:26:48.380 [info] > git diff --name-status -z --diff-filter=ADMR 82f9f7536ce3b1dc989f8342837955da05a44c26 [10ms]
2025-05-09 13:26:48.390 [info] > git diff --name-status -z --diff-filter=ADMR @{upstream} [2ms]
2025-05-09 13:28:48.380 [info] > git diff --name-status -z --diff-filter=ADMR 82f9f7536ce3b1dc989f8342837955da05a44c26 [10ms]
2025-05-09 13:28:48.390 [info] > git diff --name-status -z --diff-filter=ADMR @{upstream} [2ms]
2025-05-09 13:30:48.381 [info] > git diff --name-status -z --diff-filter=ADMR 82f9f7536ce3b1dc989f8342837955da05a44c26 [10ms]
2025-05-09 13:30:48.393 [info] > git diff --name-status -z --diff-filter=ADMR @{upstream} [2ms]
2025-05-09 13:32:48.381 [info] > git diff --name-status -z --diff-filter=ADMR 82f9f7536ce3b1dc989f8342837955da05a44c26 [9ms]
2025-05-09 13:32:48.393 [info] > git diff --name-status -z --diff-filter=ADMR @{upstream} [2ms]
2025-05-09 13:34:48.381 [info] > git diff --name-status -z --diff-filter=ADMR 82f9f7536ce3b1dc989f8342837955da05a44c26 [9ms]
2025-05-09 13:34:48.392 [info] > git diff --name-status -z --diff-filter=ADMR @{upstream} [2ms]
2025-05-09 13:36:48.382 [info] > git diff --name-status -z --diff-filter=ADMR 82f9f7536ce3b1dc989f8342837955da05a44c26 [10ms]
2025-05-09 13:36:48.393 [info] > git diff --name-status -z --diff-filter=ADMR @{upstream} [3ms]
2025-05-09 13:38:48.383 [info] > git diff --name-status -z --diff-filter=ADMR 82f9f7536ce3b1dc989f8342837955da05a44c26 [10ms]
2025-05-09 13:38:48.394 [info] > git diff --name-status -z --diff-filter=ADMR @{upstream} [2ms]
2025-05-09 13:40:48.385 [info] > git diff --name-status -z --diff-filter=ADMR 82f9f7536ce3b1dc989f8342837955da05a44c26 [9ms]
2025-05-09 13:40:48.396 [info] > git diff --name-status -z --diff-filter=ADMR @{upstream} [2ms]
2025-05-09 13:42:48.386 [info] > git diff --name-status -z --diff-filter=ADMR 82f9f7536ce3b1dc989f8342837955da05a44c26 [10ms]
2025-05-09 13:42:48.397 [info] > git diff --name-status -z --diff-filter=ADMR @{upstream} [2ms]
2025-05-09 13:44:48.387 [info] > git diff --name-status -z --diff-filter=ADMR 82f9f7536ce3b1dc989f8342837955da05a44c26 [9ms]
2025-05-09 13:44:48.398 [info] > git diff --name-status -z --diff-filter=ADMR @{upstream} [2ms]
2025-05-09 13:46:48.388 [info] > git diff --name-status -z --diff-filter=ADMR 82f9f7536ce3b1dc989f8342837955da05a44c26 [10ms]
2025-05-09 13:46:48.399 [info] > git diff --name-status -z --diff-filter=ADMR @{upstream} [2ms]
2025-05-09 13:48:48.389 [info] > git diff --name-status -z --diff-filter=ADMR 82f9f7536ce3b1dc989f8342837955da05a44c26 [10ms]
2025-05-09 13:48:48.400 [info] > git diff --name-status -z --diff-filter=ADMR @{upstream} [3ms]
2025-05-09 13:50:48.389 [info] > git diff --name-status -z --diff-filter=ADMR 82f9f7536ce3b1dc989f8342837955da05a44c26 [9ms]
2025-05-09 13:50:48.401 [info] > git diff --name-status -z --diff-filter=ADMR @{upstream} [2ms]
2025-05-09 13:52:48.391 [info] > git diff --name-status -z --diff-filter=ADMR 82f9f7536ce3b1dc989f8342837955da05a44c26 [10ms]
2025-05-09 13:52:48.402 [info] > git diff --name-status -z --diff-filter=ADMR @{upstream} [2ms]
2025-05-09 13:54:48.391 [info] > git diff --name-status -z --diff-filter=ADMR 82f9f7536ce3b1dc989f8342837955da05a44c26 [10ms]
2025-05-09 13:54:48.402 [info] > git diff --name-status -z --diff-filter=ADMR @{upstream} [2ms]
2025-05-09 13:56:48.392 [info] > git diff --name-status -z --diff-filter=ADMR 82f9f7536ce3b1dc989f8342837955da05a44c26 [9ms]
2025-05-09 13:56:48.404 [info] > git diff --name-status -z --diff-filter=ADMR @{upstream} [2ms]
2025-05-09 13:58:48.394 [info] > git diff --name-status -z --diff-filter=ADMR 82f9f7536ce3b1dc989f8342837955da05a44c26 [9ms]
2025-05-09 13:58:48.405 [info] > git diff --name-status -z --diff-filter=ADMR @{upstream} [2ms]
2025-05-09 14:00:48.396 [info] > git diff --name-status -z --diff-filter=ADMR 82f9f7536ce3b1dc989f8342837955da05a44c26 [10ms]
2025-05-09 14:00:48.408 [info] > git diff --name-status -z --diff-filter=ADMR @{upstream} [3ms]
2025-05-09 14:02:48.396 [info] > git diff --name-status -z --diff-filter=ADMR 82f9f7536ce3b1dc989f8342837955da05a44c26 [10ms]
2025-05-09 14:02:48.409 [info] > git diff --name-status -z --diff-filter=ADMR @{upstream} [2ms]
2025-05-09 14:04:48.397 [info] > git diff --name-status -z --diff-filter=ADMR 82f9f7536ce3b1dc989f8342837955da05a44c26 [9ms]
2025-05-09 14:04:48.408 [info] > git diff --name-status -z --diff-filter=ADMR @{upstream} [2ms]
2025-05-09 14:06:48.398 [info] > git diff --name-status -z --diff-filter=ADMR 82f9f7536ce3b1dc989f8342837955da05a44c26 [10ms]
2025-05-09 14:06:48.409 [info] > git diff --name-status -z --diff-filter=ADMR @{upstream} [2ms]
2025-05-09 14:08:48.399 [info] > git diff --name-status -z --diff-filter=ADMR 82f9f7536ce3b1dc989f8342837955da05a44c26 [10ms]
2025-05-09 14:08:48.410 [info] > git diff --name-status -z --diff-filter=ADMR @{upstream} [2ms]
2025-05-09 14:10:48.400 [info] > git diff --name-status -z --diff-filter=ADMR 82f9f7536ce3b1dc989f8342837955da05a44c26 [9ms]
2025-05-09 14:10:48.410 [info] > git diff --name-status -z --diff-filter=ADMR @{upstream} [2ms]
2025-05-09 14:12:48.401 [info] > git diff --name-status -z --diff-filter=ADMR 82f9f7536ce3b1dc989f8342837955da05a44c26 [9ms]
2025-05-09 14:12:48.411 [info] > git diff --name-status -z --diff-filter=ADMR @{upstream} [2ms]
2025-05-09 14:14:48.403 [info] > git diff --name-status -z --diff-filter=ADMR 82f9f7536ce3b1dc989f8342837955da05a44c26 [10ms]
2025-05-09 14:14:48.415 [info] > git diff --name-status -z --diff-filter=ADMR @{upstream} [2ms]
2025-05-09 14:16:48.405 [info] > git diff --name-status -z --diff-filter=ADMR 82f9f7536ce3b1dc989f8342837955da05a44c26 [9ms]
2025-05-09 14:16:48.416 [info] > git diff --name-status -z --diff-filter=ADMR @{upstream} [2ms]
2025-05-09 14:18:48.404 [info] > git diff --name-status -z --diff-filter=ADMR 82f9f7536ce3b1dc989f8342837955da05a44c26 [10ms]
2025-05-09 14:18:48.420 [info] > git diff --name-status -z --diff-filter=ADMR @{upstream} [4ms]
2025-05-09 14:20:48.406 [info] > git diff --name-status -z --diff-filter=ADMR 82f9f7536ce3b1dc989f8342837955da05a44c26 [10ms]
2025-05-09 14:20:48.417 [info] > git diff --name-status -z --diff-filter=ADMR @{upstream} [2ms]
2025-05-09 14:22:48.406 [info] > git diff --name-status -z --diff-filter=ADMR 82f9f7536ce3b1dc989f8342837955da05a44c26 [10ms]
2025-05-09 14:22:48.416 [info] > git diff --name-status -z --diff-filter=ADMR @{upstream} [1ms]
2025-05-09 14:24:48.406 [info] > git diff --name-status -z --diff-filter=ADMR 82f9f7536ce3b1dc989f8342837955da05a44c26 [9ms]
2025-05-09 14:24:48.416 [info] > git diff --name-status -z --diff-filter=ADMR @{upstream} [2ms]
2025-05-09 14:26:48.408 [info] > git diff --name-status -z --diff-filter=ADMR 82f9f7536ce3b1dc989f8342837955da05a44c26 [10ms]
2025-05-09 14:26:48.419 [info] > git diff --name-status -z --diff-filter=ADMR @{upstream} [2ms]
2025-05-09 14:28:48.409 [info] > git diff --name-status -z --diff-filter=ADMR 82f9f7536ce3b1dc989f8342837955da05a44c26 [10ms]
2025-05-09 14:28:48.422 [info] > git diff --name-status -z --diff-filter=ADMR @{upstream} [3ms]
2025-05-09 14:30:48.410 [info] > git diff --name-status -z --diff-filter=ADMR 82f9f7536ce3b1dc989f8342837955da05a44c26 [9ms]
2025-05-09 14:30:48.421 [info] > git diff --name-status -z --diff-filter=ADMR @{upstream} [2ms]
2025-05-09 14:32:48.411 [info] > git diff --name-status -z --diff-filter=ADMR 82f9f7536ce3b1dc989f8342837955da05a44c26 [10ms]
2025-05-09 14:32:48.424 [info] > git diff --name-status -z --diff-filter=ADMR @{upstream} [2ms]
2025-05-09 14:34:48.411 [info] > git diff --name-status -z --diff-filter=ADMR 82f9f7536ce3b1dc989f8342837955da05a44c26 [9ms]
2025-05-09 14:34:48.423 [info] > git diff --name-status -z --diff-filter=ADMR @{upstream} [2ms]
2025-05-09 14:36:48.413 [info] > git diff --name-status -z --diff-filter=ADMR 82f9f7536ce3b1dc989f8342837955da05a44c26 [10ms]
2025-05-09 14:36:48.425 [info] > git diff --name-status -z --diff-filter=ADMR @{upstream} [3ms]
2025-05-09 14:38:48.414 [info] > git diff --name-status -z --diff-filter=ADMR 82f9f7536ce3b1dc989f8342837955da05a44c26 [9ms]
2025-05-09 14:38:48.425 [info] > git diff --name-status -z --diff-filter=ADMR @{upstream} [2ms]
2025-05-09 14:40:48.415 [info] > git diff --name-status -z --diff-filter=ADMR 82f9f7536ce3b1dc989f8342837955da05a44c26 [10ms]
2025-05-09 14:40:48.429 [info] > git diff --name-status -z --diff-filter=ADMR @{upstream} [3ms]
2025-05-09 14:42:48.416 [info] > git diff --name-status -z --diff-filter=ADMR 82f9f7536ce3b1dc989f8342837955da05a44c26 [10ms]
2025-05-09 14:42:48.426 [info] > git diff --name-status -z --diff-filter=ADMR @{upstream} [2ms]
2025-05-09 14:44:48.417 [info] > git diff --name-status -z --diff-filter=ADMR 82f9f7536ce3b1dc989f8342837955da05a44c26 [10ms]
2025-05-09 14:44:48.428 [info] > git diff --name-status -z --diff-filter=ADMR @{upstream} [2ms]
2025-05-09 14:46:48.418 [info] > git diff --name-status -z --diff-filter=ADMR 82f9f7536ce3b1dc989f8342837955da05a44c26 [10ms]
2025-05-09 14:46:48.430 [info] > git diff --name-status -z --diff-filter=ADMR @{upstream} [3ms]
2025-05-09 14:48:48.419 [info] > git diff --name-status -z --diff-filter=ADMR 82f9f7536ce3b1dc989f8342837955da05a44c26 [10ms]
2025-05-09 14:48:48.430 [info] > git diff --name-status -z --diff-filter=ADMR @{upstream} [2ms]
2025-05-09 14:50:48.420 [info] > git diff --name-status -z --diff-filter=ADMR 82f9f7536ce3b1dc989f8342837955da05a44c26 [9ms]
2025-05-09 14:50:48.431 [info] > git diff --name-status -z --diff-filter=ADMR @{upstream} [2ms]
2025-05-09 14:52:48.422 [info] > git diff --name-status -z --diff-filter=ADMR 82f9f7536ce3b1dc989f8342837955da05a44c26 [10ms]
2025-05-09 14:52:48.436 [info] > git diff --name-status -z --diff-filter=ADMR @{upstream} [2ms]
2025-05-09 14:54:48.423 [info] > git diff --name-status -z --diff-filter=ADMR 82f9f7536ce3b1dc989f8342837955da05a44c26 [9ms]
2025-05-09 14:54:48.434 [info] > git diff --name-status -z --diff-filter=ADMR @{upstream} [2ms]
2025-05-09 14:56:48.424 [info] > git diff --name-status -z --diff-filter=ADMR 82f9f7536ce3b1dc989f8342837955da05a44c26 [9ms]
2025-05-09 14:56:48.437 [info] > git diff --name-status -z --diff-filter=ADMR @{upstream} [2ms]
2025-05-09 14:58:48.425 [info] > git diff --name-status -z --diff-filter=ADMR 82f9f7536ce3b1dc989f8342837955da05a44c26 [9ms]
2025-05-09 14:58:48.435 [info] > git diff --name-status -z --diff-filter=ADMR @{upstream} [2ms]
2025-05-09 15:00:48.426 [info] > git diff --name-status -z --diff-filter=ADMR 82f9f7536ce3b1dc989f8342837955da05a44c26 [9ms]
2025-05-09 15:00:48.437 [info] > git diff --name-status -z --diff-filter=ADMR @{upstream} [2ms]
2025-05-09 15:02:48.426 [info] > git diff --name-status -z --diff-filter=ADMR 82f9f7536ce3b1dc989f8342837955da05a44c26 [10ms]
2025-05-09 15:02:48.436 [info] > git diff --name-status -z --diff-filter=ADMR @{upstream} [2ms]
2025-05-09 15:04:48.428 [info] > git diff --name-status -z --diff-filter=ADMR 82f9f7536ce3b1dc989f8342837955da05a44c26 [9ms]
2025-05-09 15:04:48.439 [info] > git diff --name-status -z --diff-filter=ADMR @{upstream} [2ms]
2025-05-09 15:06:48.427 [info] > git diff --name-status -z --diff-filter=ADMR 82f9f7536ce3b1dc989f8342837955da05a44c26 [9ms]
2025-05-09 15:06:48.437 [info] > git diff --name-status -z --diff-filter=ADMR @{upstream} [2ms]
2025-05-09 15:08:48.430 [info] > git diff --name-status -z --diff-filter=ADMR 82f9f7536ce3b1dc989f8342837955da05a44c26 [10ms]
2025-05-09 15:08:48.442 [info] > git diff --name-status -z --diff-filter=ADMR @{upstream} [2ms]
2025-05-09 15:10:48.430 [info] > git diff --name-status -z --diff-filter=ADMR 82f9f7536ce3b1dc989f8342837955da05a44c26 [10ms]
2025-05-09 15:10:48.441 [info] > git diff --name-status -z --diff-filter=ADMR @{upstream} [2ms]
2025-05-09 15:12:48.431 [info] > git diff --name-status -z --diff-filter=ADMR 82f9f7536ce3b1dc989f8342837955da05a44c26 [10ms]
2025-05-09 15:12:48.443 [info] > git diff --name-status -z --diff-filter=ADMR @{upstream} [2ms]
2025-05-09 15:14:48.432 [info] > git diff --name-status -z --diff-filter=ADMR 82f9f7536ce3b1dc989f8342837955da05a44c26 [10ms]
2025-05-09 15:14:48.443 [info] > git diff --name-status -z --diff-filter=ADMR @{upstream} [3ms]
2025-05-09 15:16:48.433 [info] > git diff --name-status -z --diff-filter=ADMR 82f9f7536ce3b1dc989f8342837955da05a44c26 [10ms]
2025-05-09 15:16:48.444 [info] > git diff --name-status -z --diff-filter=ADMR @{upstream} [2ms]
2025-05-09 15:18:48.435 [info] > git diff --name-status -z --diff-filter=ADMR 82f9f7536ce3b1dc989f8342837955da05a44c26 [9ms]
2025-05-09 15:18:48.445 [info] > git diff --name-status -z --diff-filter=ADMR @{upstream} [2ms]
2025-05-09 15:20:48.437 [info] > git diff --name-status -z --diff-filter=ADMR 82f9f7536ce3b1dc989f8342837955da05a44c26 [10ms]
2025-05-09 15:20:48.447 [info] > git diff --name-status -z --diff-filter=ADMR @{upstream} [2ms]
2025-05-09 15:22:48.437 [info] > git diff --name-status -z --diff-filter=ADMR 82f9f7536ce3b1dc989f8342837955da05a44c26 [10ms]
2025-05-09 15:22:48.447 [info] > git diff --name-status -z --diff-filter=ADMR @{upstream} [2ms]
2025-05-09 15:24:48.438 [info] > git diff --name-status -z --diff-filter=ADMR 82f9f7536ce3b1dc989f8342837955da05a44c26 [10ms]
2025-05-09 15:24:48.449 [info] > git diff --name-status -z --diff-filter=ADMR @{upstream} [2ms]
2025-05-09 15:26:48.439 [info] > git diff --name-status -z --diff-filter=ADMR 82f9f7536ce3b1dc989f8342837955da05a44c26 [9ms]
2025-05-09 15:26:48.448 [info] > git diff --name-status -z --diff-filter=ADMR @{upstream} [2ms]
2025-05-09 15:28:48.440 [info] > git diff --name-status -z --diff-filter=ADMR 82f9f7536ce3b1dc989f8342837955da05a44c26 [10ms]
2025-05-09 15:28:48.451 [info] > git diff --name-status -z --diff-filter=ADMR @{upstream} [2ms]
2025-05-09 15:30:48.441 [info] > git diff --name-status -z --diff-filter=ADMR 82f9f7536ce3b1dc989f8342837955da05a44c26 [10ms]
2025-05-09 15:30:48.453 [info] > git diff --name-status -z --diff-filter=ADMR @{upstream} [2ms]
2025-05-09 15:32:48.442 [info] > git diff --name-status -z --diff-filter=ADMR 82f9f7536ce3b1dc989f8342837955da05a44c26 [9ms]
2025-05-09 15:32:48.454 [info] > git diff --name-status -z --diff-filter=ADMR @{upstream} [2ms]
2025-05-09 15:34:48.441 [info] > git diff --name-status -z --diff-filter=ADMR 82f9f7536ce3b1dc989f8342837955da05a44c26 [9ms]
2025-05-09 15:34:48.451 [info] > git diff --name-status -z --diff-filter=ADMR @{upstream} [2ms]
2025-05-09 15:36:48.444 [info] > git diff --name-status -z --diff-filter=ADMR 82f9f7536ce3b1dc989f8342837955da05a44c26 [10ms]
2025-05-09 15:36:48.456 [info] > git diff --name-status -z --diff-filter=ADMR @{upstream} [2ms]
2025-05-09 15:38:48.444 [info] > git diff --name-status -z --diff-filter=ADMR 82f9f7536ce3b1dc989f8342837955da05a44c26 [9ms]
2025-05-09 15:38:48.455 [info] > git diff --name-status -z --diff-filter=ADMR @{upstream} [2ms]
2025-05-09 15:40:48.446 [info] > git diff --name-status -z --diff-filter=ADMR 82f9f7536ce3b1dc989f8342837955da05a44c26 [10ms]
2025-05-09 15:40:48.459 [info] > git diff --name-status -z --diff-filter=ADMR @{upstream} [2ms]
2025-05-09 15:42:48.446 [info] > git diff --name-status -z --diff-filter=ADMR 82f9f7536ce3b1dc989f8342837955da05a44c26 [10ms]
2025-05-09 15:42:48.456 [info] > git diff --name-status -z --diff-filter=ADMR @{upstream} [2ms]
2025-05-09 15:44:48.447 [info] > git diff --name-status -z --diff-filter=ADMR 82f9f7536ce3b1dc989f8342837955da05a44c26 [10ms]
2025-05-09 15:44:48.458 [info] > git diff --name-status -z --diff-filter=ADMR @{upstream} [2ms]
2025-05-09 15:46:48.448 [info] > git diff --name-status -z --diff-filter=ADMR 82f9f7536ce3b1dc989f8342837955da05a44c26 [10ms]
2025-05-09 15:46:48.460 [info] > git diff --name-status -z --diff-filter=ADMR @{upstream} [3ms]
2025-05-09 15:48:48.448 [info] > git diff --name-status -z --diff-filter=ADMR 82f9f7536ce3b1dc989f8342837955da05a44c26 [9ms]
2025-05-09 15:48:48.461 [info] > git diff --name-status -z --diff-filter=ADMR @{upstream} [2ms]
2025-05-09 15:50:48.449 [info] > git diff --name-status -z --diff-filter=ADMR 82f9f7536ce3b1dc989f8342837955da05a44c26 [10ms]
2025-05-09 15:50:48.460 [info] > git diff --name-status -z --diff-filter=ADMR @{upstream} [3ms]
2025-05-09 15:52:48.451 [info] > git diff --name-status -z --diff-filter=ADMR 82f9f7536ce3b1dc989f8342837955da05a44c26 [10ms]
2025-05-09 15:52:48.465 [info] > git diff --name-status -z --diff-filter=ADMR @{upstream} [2ms]
2025-05-09 15:54:48.450 [info] > git diff --name-status -z --diff-filter=ADMR 82f9f7536ce3b1dc989f8342837955da05a44c26 [10ms]
2025-05-09 15:54:48.461 [info] > git diff --name-status -z --diff-filter=ADMR @{upstream} [2ms]
2025-05-09 15:56:48.451 [info] > git diff --name-status -z --diff-filter=ADMR 82f9f7536ce3b1dc989f8342837955da05a44c26 [10ms]
2025-05-09 15:56:48.464 [info] > git diff --name-status -z --diff-filter=ADMR @{upstream} [2ms]
2025-05-09 15:58:48.452 [info] > git diff --name-status -z --diff-filter=ADMR 82f9f7536ce3b1dc989f8342837955da05a44c26 [10ms]
2025-05-09 15:58:48.461 [info] > git diff --name-status -z --diff-filter=ADMR @{upstream} [2ms]
2025-05-09 16:00:48.452 [info] > git diff --name-status -z --diff-filter=ADMR 82f9f7536ce3b1dc989f8342837955da05a44c26 [9ms]
2025-05-09 16:00:48.467 [info] > git diff --name-status -z --diff-filter=ADMR @{upstream} [2ms]
2025-05-09 16:02:48.452 [info] > git diff --name-status -z --diff-filter=ADMR 82f9f7536ce3b1dc989f8342837955da05a44c26 [10ms]
2025-05-09 16:02:48.464 [info] > git diff --name-status -z --diff-filter=ADMR @{upstream} [3ms]
2025-05-09 16:04:48.453 [info] > git diff --name-status -z --diff-filter=ADMR 82f9f7536ce3b1dc989f8342837955da05a44c26 [9ms]
2025-05-09 16:04:48.463 [info] > git diff --name-status -z --diff-filter=ADMR @{upstream} [2ms]
2025-05-09 16:06:48.454 [info] > git diff --name-status -z --diff-filter=ADMR 82f9f7536ce3b1dc989f8342837955da05a44c26 [9ms]
2025-05-09 16:06:48.466 [info] > git diff --name-status -z --diff-filter=ADMR @{upstream} [3ms]
2025-05-09 16:08:48.455 [info] > git diff --name-status -z --diff-filter=ADMR 82f9f7536ce3b1dc989f8342837955da05a44c26 [10ms]
2025-05-09 16:08:48.467 [info] > git diff --name-status -z --diff-filter=ADMR @{upstream} [3ms]
2025-05-09 16:10:48.456 [info] > git diff --name-status -z --diff-filter=ADMR 82f9f7536ce3b1dc989f8342837955da05a44c26 [10ms]
2025-05-09 16:10:48.466 [info] > git diff --name-status -z --diff-filter=ADMR @{upstream} [2ms]
2025-05-09 16:12:48.456 [info] > git diff --name-status -z --diff-filter=ADMR 82f9f7536ce3b1dc989f8342837955da05a44c26 [10ms]
2025-05-09 16:12:48.469 [info] > git diff --name-status -z --diff-filter=ADMR @{upstream} [2ms]
2025-05-09 16:14:48.456 [info] > git diff --name-status -z --diff-filter=ADMR 82f9f7536ce3b1dc989f8342837955da05a44c26 [10ms]
2025-05-09 16:14:48.465 [info] > git diff --name-status -z --diff-filter=ADMR @{upstream} [1ms]
2025-05-09 16:16:48.458 [info] > git diff --name-status -z --diff-filter=ADMR 82f9f7536ce3b1dc989f8342837955da05a44c26 [10ms]
2025-05-09 16:16:48.471 [info] > git diff --name-status -z --diff-filter=ADMR @{upstream} [3ms]
2025-05-09 16:18:48.458 [info] > git diff --name-status -z --diff-filter=ADMR 82f9f7536ce3b1dc989f8342837955da05a44c26 [10ms]
2025-05-09 16:18:48.468 [info] > git diff --name-status -z --diff-filter=ADMR @{upstream} [2ms]
2025-05-09 16:20:48.460 [info] > git diff --name-status -z --diff-filter=ADMR 82f9f7536ce3b1dc989f8342837955da05a44c26 [10ms]
2025-05-09 16:20:48.474 [info] > git diff --name-status -z --diff-filter=ADMR @{upstream} [3ms]
2025-05-09 16:22:48.459 [info] > git diff --name-status -z --diff-filter=ADMR 82f9f7536ce3b1dc989f8342837955da05a44c26 [9ms]
2025-05-09 16:22:48.469 [info] > git diff --name-status -z --diff-filter=ADMR @{upstream} [2ms]
2025-05-09 16:24:48.461 [info] > git diff --name-status -z --diff-filter=ADMR 82f9f7536ce3b1dc989f8342837955da05a44c26 [10ms]
2025-05-09 16:24:48.471 [info] > git diff --name-status -z --diff-filter=ADMR @{upstream} [2ms]
